\BOOKMARK [1][-]{section.1}{\376\377\145\207\163\056\226\005\213\373}{}% 1
\BOOKMARK [2][-]{subsection.1.1}{\376\377\000P\000r\000e\000-\000k\000n\000o\000w\000l\000e\000d\000g\000e}{section.1}% 2
\BOOKMARK [2][-]{subsection.1.2}{\376\377\000\050\176\374\217\360\0002\0000\0002\0001\000.\0000\0004\000\051\000L\000i\000g\000h\000t\000i\000n\000g\000\040\000t\000h\000e\000\040\000d\000a\000r\000k\000n\000e\000s\000s\000\040\000i\000n\000\040\000t\000h\000e\000\040\000d\000e\000e\000p\000\040\000l\000e\000a\000r\000n\000i\000n\000g\000\040\000e\000r\000a}{section.1}% 3
\BOOKMARK [3][-]{subsubsection.1.2.1}{\376\377\200\314\146\157}{subsection.1.2}% 4
\BOOKMARK [3][-]{subsubsection.1.2.2}{\376\377\116\313\176\315}{subsection.1.2}% 5
\BOOKMARK [3][-]{subsubsection.1.2.3}{\376\377\176\306\202\202}{subsection.1.2}% 6
\BOOKMARK [3][-]{subsubsection.1.2.4}{\376\377\230\171\166\356\224\376\143\245}{subsection.1.2}% 7
\BOOKMARK [2][-]{subsection.1.3}{\376\377\000G\000L\000A\000D\000N\000e\000t\000:\000\040\000L\000o\000w\000\040\000L\000i\000g\000h\000t\000\040\000E\000n\000h\000a\000n\000c\000e\000m\000e\000n\000t\000\040\000N\000e\000t\000w\000o\000r\000k\000\040\000w\000i\000t\000h\000\040\000G\000l\000o\000b\000a\000l\000\040\000A\000w\000a\000r\000e\000n\000e\000s\000s}{section.1}% 8
\BOOKMARK [3][-]{subsubsection.1.3.1}{\376\377\121\150\134\100\116\256\136\246\121\110\232\214\117\060\213\241}{subsection.1.3}% 9
\BOOKMARK [3][-]{subsubsection.1.3.2}{\376\377\176\306\202\202\217\330\123\237}{subsection.1.3}% 10
\BOOKMARK [3][-]{subsubsection.1.3.3}{\376\377\143\137\131\061\121\375\145\160}{subsection.1.3}% 11
\BOOKMARK [2][-]{subsection.1.4}{\376\377\000D\000e\000e\000p\000\040\000R\000e\000t\000i\000n\000e\000x\000\040\000D\000e\000c\000o\000m\000p\000o\000s\000i\000t\000i\000o\000n\000\040\000f\000o\000r\000\040\000L\000o\000w\000\040\000L\000i\000g\000h\000t\000\040\000E\000n\000h\000a\000n\000c\000e\000m\000e\000n\000t}{section.1}% 12
\BOOKMARK [3][-]{subsubsection.1.4.1}{\376\377\143\137\131\061\121\375\145\160}{subsection.1.4}% 13
\BOOKMARK [2][-]{subsection.1.5}{\376\377\000K\000i\000n\000d\000l\000i\000n\000g\000\040\000t\000h\000e\000\040\000D\000a\000r\000k\000n\000e\000s\000s\000:\000\040\000A\000\040\000P\000r\000a\000c\000t\000i\000c\000a\000l\000\040\000L\000o\000w\000\040\000L\000i\000g\000h\000t\000\040\000I\000m\000a\000g\000e\000\040\000E\000n\000h\000a\000n\000c\000e\000r}{section.1}% 14
\BOOKMARK [3][-]{subsubsection.1.5.1}{\376\377\143\137\131\061\121\375\145\160}{subsection.1.5}% 15
\BOOKMARK [2][-]{subsection.1.6}{\376\377\000M\000S\000R\000N\000e\000t\000\040\000L\000o\000w\000\040\000L\000i\000g\000h\000t\000\040\000I\000m\000a\000g\000e\000\040\000E\000n\000h\000a\000n\000c\000e\000m\000e\000n\000t\000\040\000u\000s\000i\000n\000g\000\040\000D\000e\000e\000p\000\040\000C\000o\000n\000v\000o\000l\000u\000t\000i\000o\000n\000a\000l\000\040\000N\000e\000t\000w\000o\000r\000k\000s}{section.1}% 16
\BOOKMARK [2][-]{subsection.1.7}{\376\377\000A\000\040\000P\000i\000p\000e\000l\000i\000n\000e\000\040\000N\000e\000u\000r\000a\000l\000\040\000N\000e\000t\000w\000o\000r\000k\000\040\000f\000o\000r\000\040\000L\000o\000w\000\040\000L\000i\000g\000h\000t\000\040\000I\000m\000a\000g\000e\000\040\000E\000n\000h\000a\000n\000c\000e\000m\000e\000n}{section.1}% 17
\BOOKMARK [2][-]{subsection.1.8}{\376\377\000L\000L\000C\000N\000N\000\040\000A\000\040\000C\000o\000n\000v\000o\000l\000u\000t\000i\000o\000n\000a\000l\000\040\000N\000e\000u\000r\000a\000l\000\040\000N\000e\000t\000w\000o\000r\000k\000\040\000f\000o\000r\000\040\000L\000o\000w\000\040\000L\000i\000g\000h\000t\000\040\000I\000m\000a\000g\000e\000\040\000E\000n\000h\000a\000n\000c\000e\000m\000e\000n\000t}{section.1}% 18
\BOOKMARK [2][-]{subsection.1.9}{\376\377\000D\000S\000L\000R\000\040\000Q\000u\000a\000l\000i\000t\000y\000\040\000P\000h\000o\000t\000o\000s\000\040\000o\000n\000\040\000M\000o\000b\000i\000l\000e\000\040\000D\000e\000v\000i\000c\000e\000s\000\040\000w\000i\000t\000h\000\040\000D\000e\000e\000p\000\040\000C\000o\000n\000v\000o\000l\000u\000t\000i\000o\000n\000a\000l\000\040\000N\000e\000t\000w\000o\000r\000k\000s}{section.1}% 19
\BOOKMARK [2][-]{subsection.1.10}{\376\377\000L\000e\000a\000r\000n\000i\000n\000g\000\040\000t\000o\000\040\000s\000e\000e\000\040\000i\000n\000\040\000t\000h\000e\000\040\000d\000a\000r\000k}{section.1}% 20
\BOOKMARK [2][-]{subsection.1.11}{\376\377\000L\000e\000a\000r\000n\000i\000n\000g\000\040\000D\000i\000g\000i\000t\000a\000l\000\040\000C\000a\000m\000e\000r\000a\000\040\000P\000i\000p\000e\000l\000i\000n\000e\000\040\000f\000o\000r\000\040\000E\000x\000t\000r\000e\000m\000e\000\040\000L\000o\000w\000\040\000L\000i\000g\000h\000t\000\040\000I\000m\000a\000g\000i\000n\000g}{section.1}% 21
\BOOKMARK [3][-]{subsubsection.1.11.1}{\376\377\143\137\131\061\121\375\145\160}{subsection.1.11}% 22
\BOOKMARK [3][-]{subsubsection.1.11.2}{\376\377\177\121\176\334\147\266\147\204}{subsection.1.11}% 23
\BOOKMARK [2][-]{subsection.1.12}{\376\377\000E\000n\000d\000\040\000t\000o\000\040\000E\000n\000d\000\040\000D\000e\000n\000o\000i\000s\000i\000n\000g\000\040\000o\000f\000\040\000D\000a\000r\000k\000\040\000B\000u\000r\000s\000t\000\040\000I\000m\000a\000g\000e\000s\000\040\000u\000s\000i\000n\000g\000\040\000R\000e\000c\000u\000r\000r\000e\000n\000t\000\040\000F\000u\000l\000l\000y\000\040\000C\000o\000n\000v\000o\000l\000u\000t\000i\000o\000n\000a\000l\000y\000\040\000N\000e\000t\000w\000o\000r\000k\000s}{section.1}% 24
\BOOKMARK [3][-]{subsubsection.1.12.1}{\376\377\143\137\131\061\121\375\145\160}{subsection.1.12}% 25
\BOOKMARK [2][-]{subsection.1.13}{\376\377\000D\000e\000e\000p\000\040\000B\000u\000r\000s\000t\000\040\000N\000o\000i\000s\000i\000n\000g}{section.1}% 26
\BOOKMARK [2][-]{subsection.1.14}{\376\377\000D\000e\000e\000p\000I\000S\000P\000\040\000T\000o\000w\000a\000r\000d\000\040\000L\000e\000a\000r\000n\000i\000n\000g\000\040\000a\000n\000\040\000E\000n\000d\000\040\000t\000o\000\040\000E\000n\000d\000\040\000I\000m\000a\000g\000e\000\040\000P\000r\000o\000c\000e\000s\000s\000i\000n\000g\000\040\000P\000i\000p\000e\000l\000i\000n\000e}{section.1}% 27
\BOOKMARK [3][-]{subsubsection.1.14.1}{\376\377\177\121\176\334\147\266\147\204}{subsection.1.14}% 28
\BOOKMARK [3][-]{subsubsection.1.14.2}{\376\377\143\137\131\061\121\375\145\160}{subsection.1.14}% 29
\BOOKMARK [2][-]{subsection.1.15}{\376\377\000U\000n\000d\000e\000r\000e\000x\000p\000o\000s\000e\000d\000\040\000P\000h\000o\000t\000o\000\040\000E\000n\000h\000a\000n\000c\000e\000m\000e\000n\000t\000\040\000u\000s\000i\000n\000g\000\040\000D\000e\000e\000p\000\040\000I\000l\000l\000u\000m\000i\000n\000a\000t\000i\000o\000n\000\040\000E\000s\000t\000i\000m\000a\000t\000i\000o\000n}{section.1}% 30
\BOOKMARK [3][-]{subsubsection.1.15.1}{\376\377\177\121\176\334\147\266\147\204}{subsection.1.15}% 31
\BOOKMARK [3][-]{subsubsection.1.15.2}{\376\377\143\137\131\061\121\375\145\160}{subsection.1.15}% 32
\BOOKMARK [2][-]{subsection.1.16}{\376\377\000D\000e\000e\000p\000\040\000B\000i\000l\000a\000t\000e\000r\000a\000l\000\040\000L\000e\000a\000r\000n\000i\000n\000g\000\040\000f\000o\000r\000\040\000R\000e\000a\000l\000\040\000T\000i\000m\000e\000\040\000I\000m\000a\000g\000e\000\040\000E\000n\000h\000a\000n\000c\000e\000m\000e\000n\000t}{section.1}% 33
\BOOKMARK [3][-]{subsubsection.1.16.1}{\376\377\177\121\176\334\147\266\147\204}{subsection.1.16}% 34
\BOOKMARK [1][-]{section.2}{\376\377\116\052\116\272\135\345\117\134\217\333\134\125}{}% 35
\BOOKMARK [2][-]{subsection.2.1}{\376\377\165\276\165\305\166\204\213\312\145\255\116\016\000A\000I\176\323\124\010\166\204\122\035\153\145\214\003\170\024}{section.2}% 36
\BOOKMARK [3][-]{subsubsection.2.1.1}{\376\377\165\062\162\266\201\172\122\237\200\375\116\242\217\333}{subsection.2.1}% 37
\BOOKMARK [3][-]{subsubsection.2.1.2}{\376\377\166\153\165\353\122\115\147\037\213\312\145\255\040\024\147\033\225\373\225\356\122\007}{subsection.2.1}% 38
\BOOKMARK [2][-]{subsection.2.2}{\376\377\143\011\161\147\000p\000a\000p\000e\000r\201\011\176\334\150\263\164\006\146\227\137\061\121\111\142\200\147\057}{section.2}% 39
\BOOKMARK [1][-]{section.3}{\376\377\116\013\124\150\135\345\117\134\213\241\122\022}{}% 40
