\BOOKMARK [0][-]{part.1}{\376\377\000I\000\040\000P\000r\000e\000-\000K\000n\000o\000w\000l\000e\000d\000g\000e}{}% 1
\BOOKMARK [1][-]{section.1}{\376\377\000A\000p\000p\000l\000i\000c\000a\000t\000i\000o\000n\000\040\000s\000c\000e\000n\000a\000r\000i\000o\000s}{part.1}% 2
\BOOKMARK [2][-]{subsection.1.1}{\376\377\133\211\226\062\166\321\143\247\230\206\127\337}{section.1}% 3
\BOOKMARK [2][-]{subsection.1.2}{\376\377\220\145\141\037\142\020\120\317\230\206\127\337}{section.1}% 4
\BOOKMARK [2][-]{subsection.1.3}{\376\377\123\073\133\146\137\161\120\317\142\020\120\317\230\206\127\337}{section.1}% 5
\BOOKMARK [2][-]{subsection.1.4}{\376\377\155\210\215\071\165\065\133\120\230\206\127\337}{section.1}% 6
\BOOKMARK [2][-]{subsection.1.5}{\376\377\133\244\131\026\166\321\143\247\230\206\127\337}{section.1}% 7
\BOOKMARK [1][-]{section.2}{\376\377\000T\000r\000a\000d\000i\000t\000i\000o\000n\000a\000l\000\040\000L\000o\000w\000-\000L\000i\000g\000h\000t\000\040\000I\000m\000a\000g\000e\000\040\000E\000n\000h\000a\000n\000c\000e\000m\000e\000n\000t\000\040\000M\000e\000t\000h\000o\000d}{part.1}% 8
\BOOKMARK [2][-]{subsection.2.1}{\376\377\127\372\116\216\166\364\145\271\126\376\166\204\145\271\154\325}{section.2}% 9
\BOOKMARK [2][-]{subsection.2.2}{\376\377\127\372\116\216\126\376\120\317\123\315\166\370\166\204\145\271\154\325}{section.2}% 10
\BOOKMARK [2][-]{subsection.2.3}{\376\377\000R\000e\000t\000i\000n\000e\000x\152\041\127\213}{section.2}% 11
\BOOKMARK [1][-]{section.3}{\376\377\000M\000o\000d\000e\000r\000n\000\040\000L\000o\000w\000-\000L\000i\000g\000h\000t\000\040\000I\000m\000a\000g\000e\000\040\000E\000n\000h\000a\000n\000c\000e\000m\000e\000n\000t\000\040\000M\000e\000t\000h\000o\000d}{part.1}% 12
\BOOKMARK [2][-]{subsection.3.1}{\376\377\000D\000e\000e\000p\000\040\000L\000e\000a\000r\000n\000i\000n\000g\000\040\000f\000o\000r\000\040\000L\000o\000w\000-\000L\000i\000g\000h\000t\000\040\000I\000m\000a\000g\000e\000\040\000E\000n\000h\000a\000n\000c\000e\000m\000e\000n\000t}{section.3}% 13
\BOOKMARK [2][-]{subsection.3.2}{\376\377\000L\000o\000w\000-\000L\000i\000g\000h\000t\000\040\000I\000m\000a\000g\000e\000\040\000E\000n\000h\000a\000n\000c\000e\000m\000e\000n\000t\000\040\000b\000a\000s\000e\000d\000\040\000o\000n\000\040\000t\000h\000e\000\040\000R\000e\000t\000i\000n\000e\000x\000\040\000M\000o\000d\000e\000l}{section.3}% 14
\BOOKMARK [1][-]{section.4}{\376\377\000I\000m\000a\000g\000e\000\040\000S\000u\000p\000e\000r\000\040\000R\000e\000s\000o\000l\000u\000t\000i\000o\000n}{part.1}% 15
\BOOKMARK [2][-]{subsection.4.1}{\376\377\000I\000m\000a\000g\000e\000\040\000S\000u\000p\000e\000r\000-\000r\000e\000s\000o\000l\000u\000t\000i\000o\000n\000\040\000P\000r\000o\000b\000l\000e\000m\000\040\000D\000e\000f\000i\000n\000i\000t\000i\000o\000n}{section.4}% 16
\BOOKMARK [2][-]{subsection.4.2}{\376\377\000S\000u\000p\000e\000r\000-\000r\000e\000s\000o\000l\000u\000t\000i\000o\000n\000\040\000C\000o\000n\000v\000o\000l\000u\000t\000i\000o\000n\000a\000l\000\040\000N\000e\000u\000r\000a\000l\000\040\000N\000e\000t\000w\000o\000r\000k\000\040\000R\000e\000c\000o\000n\000s\000t\000r\000u\000c\000t\000i\000o\000n}{section.4}% 17
\BOOKMARK [2][-]{subsection.4.3}{\376\377\000V\000e\000r\000y\000\040\000D\000e\000e\000p\000\040\000S\000u\000p\000e\000r\000\040\000R\000e\000s\000o\000l\000u\000t\000i\000o\000n\000,\000\040\000V\000D\000S\000R}{section.4}% 18
\BOOKMARK [2][-]{subsection.4.4}{\376\377\000F\000a\000s\000t\000\040\000S\000u\000p\000e\000r\000-\000r\000e\000s\000o\000l\000u\000t\000i\000o\000n\000\040\000R\000e\000c\000o\000n\000s\000t\000r\000u\000c\000t\000i\000o\000n}{section.4}% 19
\BOOKMARK [2][-]{subsection.4.5}{\376\377\000S\000u\000p\000e\000r\000-\000r\000e\000s\000o\000l\000u\000t\000i\000o\000n\000\040\000G\000e\000n\000e\000r\000a\000t\000i\000v\000e\000\040\000A\000d\000v\000e\000r\000s\000a\000r\000i\000a\000l\000\040\000N\000e\000t\000w\000o\000r\000k\000s}{section.4}% 20
\BOOKMARK [1][-]{section.5}{\376\377\000F\000o\000l\000l\000o\000w\000-\000u\000p\000\040\000s\000p\000e\000c\000i\000f\000i\000c\000\040\000w\000o\000r\000k}{part.1}% 21
\BOOKMARK [2][-]{subsection.5.1}{\376\377\145\271\124\021\116\000}{section.5}% 22
\BOOKMARK [2][-]{subsection.5.2}{\376\377\145\271\124\021\116\214}{section.5}% 23
\BOOKMARK [0][-]{part.2}{\376\377\000I\000I\000\040\000P\000a\000p\000e\000r\000\040\000R\000e\000a\000d\000i\000n\000g}{}% 24
\BOOKMARK [1][-]{section.6}{\376\377\000L\000L\000I\000E}{part.2}% 25
\BOOKMARK [2][-]{subsection.6.1}{\376\377\000\050\0002\0000\0002\0003\000.\0004\000\051\000L\000e\000a\000r\000n\000i\000n\000g\000\040\000S\000e\000m\000a\000n\000t\000i\000c\000-\000A\000w\000a\000r\000e\000\040\000K\000n\000o\000w\000l\000e\000d\000g\000e\000\040\000G\000u\000i\000d\000a\000n\000c\000e\000\040\000f\000o\000r\000\040\000L\000o\000w\000-\000L\000i\000g\000h\000t\000\040\000I\000m\000a\000g\000e\000\040\000E\000n\000h\000a\000n\000c\000e\000m\000e\000n\000t}{section.6}% 26
\BOOKMARK [3][-]{subsubsection.6.1.1}{\376\377\000R\000e\000s\000e\000a\000r\000c\000h\000\040\000B\000a\000c\000k\000g\000r\000o\000u\000n\000d}{subsection.6.1}% 27
\BOOKMARK [3][-]{subsubsection.6.1.2}{\376\377\000C\000o\000n\000t\000r\000i\000b\000u\000t\000i\000o\000n}{subsection.6.1}% 28
\BOOKMARK [3][-]{subsubsection.6.1.3}{\376\377\000A\000p\000p\000r\000o\000a\000c\000h}{subsection.6.1}% 29
\BOOKMARK [3][-]{subsubsection.6.1.4}{\376\377\000F\000u\000t\000u\000r\000e}{subsection.6.1}% 30
\BOOKMARK [2][-]{subsection.6.2}{\376\377\000L\000e\000a\000r\000n\000i\000n\000g\000\040\000a\000\040\000S\000i\000m\000p\000l\000e\000\040\000L\000o\000w\000-\000L\000i\000g\000h\000t\000\040\000I\000m\000a\000g\000e\000\040\000E\000n\000h\000a\000n\000c\000e\000r\000\040\000F\000r\000o\000m\000\040\000P\000a\000i\000r\000e\000d\000\040\000L\000o\000w\000-\000L\000i\000g\000h\000t\000\040\000I\000n\000s\000t\000a\000n\000c\000e\000s}{section.6}% 31
\BOOKMARK [3][-]{subsubsection.6.2.1}{\376\377\000R\000e\000s\000e\000a\000r\000c\000h\000\040\000B\000a\000c\000k\000g\000r\000o\000u\000n\000d}{subsection.6.2}% 32
\BOOKMARK [3][-]{subsubsection.6.2.2}{\376\377\000C\000o\000n\000t\000r\000i\000b\000u\000t\000i\000o\000n}{subsection.6.2}% 33
\BOOKMARK [3][-]{subsubsection.6.2.3}{\376\377\000A\000p\000p\000r\000o\000a\000c\000h}{subsection.6.2}% 34
\BOOKMARK [3][-]{subsubsection.6.2.4}{\376\377\000F\000u\000t\000u\000r\000e}{subsection.6.2}% 35
\BOOKMARK [2][-]{subsection.6.3}{\376\377\000L\000o\000w\000-\000L\000i\000g\000h\000t\000\040\000I\000m\000a\000g\000e\000\040\000E\000n\000h\000a\000n\000c\000e\000m\000e\000n\000t\000\040\000v\000i\000a\000\040\000S\000t\000r\000u\000c\000t\000u\000r\000e\000\040\000M\000o\000d\000e\000l\000i\000n\000g\000\040\000a\000n\000d\000\040\000G\000u\000i\000d\000a\000n\000c\000e}{section.6}% 36
\BOOKMARK [3][-]{subsubsection.6.3.1}{\376\377\000R\000e\000s\000e\000a\000r\000c\000h\000\040\000B\000a\000c\000k\000g\000r\000o\000u\000n\000d}{subsection.6.3}% 37
\BOOKMARK [3][-]{subsubsection.6.3.2}{\376\377\000C\000o\000n\000t\000r\000i\000b\000u\000t\000i\000o\000n}{subsection.6.3}% 38
\BOOKMARK [3][-]{subsubsection.6.3.3}{\376\377\000A\000p\000p\000r\000o\000a\000c\000h}{subsection.6.3}% 39
\BOOKMARK [3][-]{subsubsection.6.3.4}{\376\377\000F\000u\000t\000u\000r\000e}{subsection.6.3}% 40
\BOOKMARK [2][-]{subsection.6.4}{\376\377\000Y\000o\000u\000\040\000D\000o\000\040\000N\000o\000t\000\040\000N\000e\000e\000d\000\040\000A\000d\000d\000i\000t\000i\000o\000n\000a\000l\000\040\000P\000r\000i\000o\000r\000s\000\040\000o\000r\000\040\000R\000e\000g\000u\000l\000a\000r\000i\000z\000e\000r\000s\000\040\000i\000n\000\040\000R\000e\000t\000i\000n\000e\000x\000-\000B\000a\000s\000e\000d\000\040\000L\000o\000w\000-\000L\000i\000g\000h\000t\000\040\000I\000m\000a\000g\000e\000\040\000E\000n\000h\000a\000n\000c\000e\000m\000e\000n\000t}{section.6}% 41
\BOOKMARK [3][-]{subsubsection.6.4.1}{\376\377\000R\000e\000s\000e\000a\000r\000c\000h\000\040\000B\000a\000c\000k\000g\000r\000o\000u\000n\000d}{subsection.6.4}% 42
\BOOKMARK [3][-]{subsubsection.6.4.2}{\376\377\000C\000o\000n\000t\000r\000i\000b\000u\000t\000i\000o\000n}{subsection.6.4}% 43
\BOOKMARK [3][-]{subsubsection.6.4.3}{\376\377\000A\000p\000p\000r\000o\000a\000c\000h}{subsection.6.4}% 44
\BOOKMARK [3][-]{subsubsection.6.4.4}{\376\377\000F\000u\000t\000u\000r\000e}{subsection.6.4}% 45
\BOOKMARK [0][-]{part.3}{\376\377\000I\000I\000I\000\040\000U\000n\000i\000t\000y\000\040\000V\000R\000\040\137\000\123\321\213\241\122\022}{}% 46
\BOOKMARK [1][-]{section.7}{\376\377\163\257\130\203\221\115\177\156}{part.3}% 47
\BOOKMARK [1][-]{section.8}{\376\377\137\000\123\321\213\241\122\022}{part.3}% 48
\BOOKMARK [2][-]{subsection.8.1}{\376\377\152\041\142\337\155\167\155\013\154\064\174\373\176\337}{section.8}% 49
\BOOKMARK [2][-]{subsection.8.2}{\376\377\202\071\123\352\152\041\127\213}{section.8}% 50
