\BOOKMARK [1][-]{section.1}{\376\377\137\025\212\000}{}% 1
\BOOKMARK [1][-]{section.2}{\376\377\166\370\121\163\135\345\117\134}{}% 2
\BOOKMARK [2][-]{subsection.2.1}{\376\377\127\372\116\216\000C\000N\000N\166\204\137\061\121\111\126\376\120\317\130\236\137\072\145\271\154\325}{section.2}% 3
\BOOKMARK [2][-]{subsection.2.2}{\376\377\127\372\116\216\000T\000r\000a\000n\000s\000f\000o\000r\000m\000e\000r\166\204\137\061\121\111\126\376\120\317\130\236\137\072\145\271\154\325}{section.2}% 4
\BOOKMARK [1][-]{section.3}{\376\377\145\271\154\325}{}% 5
\BOOKMARK [2][-]{subsection.3.1}{\376\377\000P\000A\000C\000U\000T\176\323\147\204}{section.3}% 6
\BOOKMARK [2][-]{subsection.3.2}{\376\377\000C\000N\000N\000\040\122\006\145\057}{section.3}% 7
\BOOKMARK [3][-]{subsubsection.3.2.1}{\376\377\154\350\141\017\122\233\153\213\135\356\131\032\134\072\136\246\127\127}{subsection.3.2}% 8
\BOOKMARK [2][-]{subsection.3.3}{\376\377\000T\000r\000a\000n\000s\000f\000o\000r\000m\000e\000r\122\006\145\057}{section.3}% 9
\BOOKMARK [3][-]{subsubsection.3.3.1}{\376\377\135\114\121\145\127\127}{subsection.3.3}% 10
\BOOKMARK [3][-]{subsubsection.3.3.2}{\376\377\117\115\177\156\177\026\170\001}{subsection.3.3}% 11
\BOOKMARK [3][-]{subsubsection.3.3.3}{\376\377\000T\000r\000a\000n\000s\000f\000o\000r\000m\000e\000r\177\026\170\001\126\150}{subsection.3.3}% 12
\BOOKMARK [3][-]{subsubsection.3.3.4}{\376\377\162\171\137\201\200\046\124\010\123\125\121\103}{subsection.3.3}% 13
\BOOKMARK [3][-]{subsubsection.3.3.5}{\376\377\162\171\137\201\207\215\124\010\152\041\127\127}{subsection.3.3}% 14
\BOOKMARK [2][-]{subsection.3.4}{\376\377\143\137\131\061\121\375\145\160}{section.3}% 15
\BOOKMARK [1][-]{section.4}{\376\377\133\236\232\214\176\323\147\234}{}% 16
\BOOKMARK [2][-]{subsection.4.1}{\376\377\133\236\232\214\213\276\177\156}{section.4}% 17
\BOOKMARK [2][-]{subsection.4.2}{\376\377\145\160\143\156\226\306\124\214\213\304\116\367\143\007\150\007}{section.4}% 18
\BOOKMARK [2][-]{subsection.4.3}{\376\377\133\371\153\324\213\325\232\214}{section.4}% 19
\BOOKMARK [2][-]{subsection.4.4}{\376\377\155\210\207\215\133\236\232\214}{section.4}% 20
\BOOKMARK [1][-]{section.5}{\376\377\140\073\176\323}{}% 21
