This is pdfTeX, Version 3.141592653-2.6-1.40.25 (TeX Live 2023) (preloaded format=pdflatex 2023.4.2)  18 JUL 2023 20:56
entering extended mode
 restricted \write18 enabled.
 %&-line parsing enabled.
**main.tex
(./main.tex
LaTeX2e <2022-11-01> patch level 1
L3 programming layer <2023-02-22>
(d:/Soft/texlive/2023/texmf-dist/tex/latex/base/article.cls
Document Class: article 2022/07/02 v1.4n Standard LaTeX document class
(d:/Soft/texlive/2023/texmf-dist/tex/latex/base/size12.clo
File: size12.clo 2022/07/02 v1.4n Standard LaTeX file (size option)
)
\c@part=\count185
\c@section=\count186
\c@subsection=\count187
\c@subsubsection=\count188
\c@paragraph=\count189
\c@subparagraph=\count190
\c@figure=\count191
\c@table=\count192
\abovecaptionskip=\skip48
\belowcaptionskip=\skip49
\bibindent=\dimen140
)
(d:/Soft/texlive/2023/texmf-dist/tex/latex/tools/tabularx.sty
Package: tabularx 2020/01/15 v2.11c `tabularx' package (DPC)

(d:/Soft/texlive/2023/texmf-dist/tex/latex/tools/array.sty
Package: array 2022/09/04 v2.5g Tabular extension package (FMi)
\col@sep=\dimen141
\ar@mcellbox=\box51
\extrarowheight=\dimen142
\NC@list=\toks16
\extratabsurround=\skip50
\backup@length=\skip51
\ar@cellbox=\box52
)
\TX@col@width=\dimen143
\TX@old@table=\dimen144
\TX@old@col=\dimen145
\TX@target=\dimen146
\TX@delta=\dimen147
\TX@cols=\count193
\TX@ftn=\toks17
)
(d:/Soft/texlive/2023/texmf-dist/tex/latex/amsmath/amsmath.sty
Package: amsmath 2022/04/08 v2.17n AMS math features
\@mathmargin=\skip52

For additional information on amsmath, use the `?' option.
(d:/Soft/texlive/2023/texmf-dist/tex/latex/amsmath/amstext.sty
Package: amstext 2021/08/26 v2.01 AMS text

(d:/Soft/texlive/2023/texmf-dist/tex/latex/amsmath/amsgen.sty
File: amsgen.sty 1999/11/30 v2.0 generic functions
\@emptytoks=\toks18
\ex@=\dimen148
))
(d:/Soft/texlive/2023/texmf-dist/tex/latex/amsmath/amsbsy.sty
Package: amsbsy 1999/11/29 v1.2d Bold Symbols
\pmbraise@=\dimen149
)
(d:/Soft/texlive/2023/texmf-dist/tex/latex/amsmath/amsopn.sty
Package: amsopn 2022/04/08 v2.04 operator names
)
\inf@bad=\count194
LaTeX Info: Redefining \frac on input line 234.
\uproot@=\count195
\leftroot@=\count196
LaTeX Info: Redefining \overline on input line 399.
LaTeX Info: Redefining \colon on input line 410.
\classnum@=\count197
\DOTSCASE@=\count198
LaTeX Info: Redefining \ldots on input line 496.
LaTeX Info: Redefining \dots on input line 499.
LaTeX Info: Redefining \cdots on input line 620.
\Mathstrutbox@=\box53
\strutbox@=\box54
LaTeX Info: Redefining \big on input line 722.
LaTeX Info: Redefining \Big on input line 723.
LaTeX Info: Redefining \bigg on input line 724.
LaTeX Info: Redefining \Bigg on input line 725.
\big@size=\dimen150
LaTeX Font Info:    Redeclaring font encoding OML on input line 743.
LaTeX Font Info:    Redeclaring font encoding OMS on input line 744.
\macc@depth=\count199
LaTeX Info: Redefining \bmod on input line 905.
LaTeX Info: Redefining \pmod on input line 910.
LaTeX Info: Redefining \smash on input line 940.
LaTeX Info: Redefining \relbar on input line 970.
LaTeX Info: Redefining \Relbar on input line 971.
\c@MaxMatrixCols=\count266
\dotsspace@=\muskip16
\c@parentequation=\count267
\dspbrk@lvl=\count268
\tag@help=\toks19
\row@=\count269
\column@=\count270
\maxfields@=\count271
\andhelp@=\toks20
\eqnshift@=\dimen151
\alignsep@=\dimen152
\tagshift@=\dimen153
\tagwidth@=\dimen154
\totwidth@=\dimen155
\lineht@=\dimen156
\@envbody=\toks21
\multlinegap=\skip53
\multlinetaggap=\skip54
\mathdisplay@stack=\toks22
LaTeX Info: Redefining \[ on input line 2953.
LaTeX Info: Redefining \] on input line 2954.
)
(d:/Soft/texlive/2023/texmf-dist/tex/latex/graphics/graphicx.sty
Package: graphicx 2021/09/16 v1.2d Enhanced LaTeX Graphics (DPC,SPQR)

(d:/Soft/texlive/2023/texmf-dist/tex/latex/graphics/keyval.sty
Package: keyval 2022/05/29 v1.15 key=value parser (DPC)
\KV@toks@=\toks23
)
(d:/Soft/texlive/2023/texmf-dist/tex/latex/graphics/graphics.sty
Package: graphics 2022/03/10 v1.4e Standard LaTeX Graphics (DPC,SPQR)

(d:/Soft/texlive/2023/texmf-dist/tex/latex/graphics/trig.sty
Package: trig 2021/08/11 v1.11 sin cos tan (DPC)
)
(d:/Soft/texlive/2023/texmf-dist/tex/latex/graphics-cfg/graphics.cfg
File: graphics.cfg 2016/06/04 v1.11 sample graphics configuration
)
Package graphics Info: Driver file: pdftex.def on input line 107.

(d:/Soft/texlive/2023/texmf-dist/tex/latex/graphics-def/pdftex.def
File: pdftex.def 2022/09/22 v1.2b Graphics/color driver for pdftex
))
\Gin@req@height=\dimen157
\Gin@req@width=\dimen158
)
(d:/Soft/texlive/2023/texmf-dist/tex/latex/geometry/geometry.sty
Package: geometry 2020/01/02 v5.9 Page Geometry

(d:/Soft/texlive/2023/texmf-dist/tex/generic/iftex/ifvtex.sty
Package: ifvtex 2019/10/25 v1.7 ifvtex legacy package. Use iftex instead.

(d:/Soft/texlive/2023/texmf-dist/tex/generic/iftex/iftex.sty
Package: iftex 2022/02/03 v1.0f TeX engine tests
))
\Gm@cnth=\count272
\Gm@cntv=\count273
\c@Gm@tempcnt=\count274
\Gm@bindingoffset=\dimen159
\Gm@wd@mp=\dimen160
\Gm@odd@mp=\dimen161
\Gm@even@mp=\dimen162
\Gm@layoutwidth=\dimen163
\Gm@layoutheight=\dimen164
\Gm@layouthoffset=\dimen165
\Gm@layoutvoffset=\dimen166
\Gm@dimlist=\toks24
)
(d:/Soft/texlive/2023/texmf-dist/tex/latex/cite/cite.sty
LaTeX Info: Redefining \cite on input line 302.
LaTeX Info: Redefining \nocite on input line 332.
Package: cite 2015/02/27  v 5.5
)
(d:/Soft/texlive/2023/texmf-dist/tex/latex/hyperref/hyperref.sty
Package: hyperref 2023-02-07 v7.00v Hypertext links for LaTeX

(d:/Soft/texlive/2023/texmf-dist/tex/generic/ltxcmds/ltxcmds.sty
Package: ltxcmds 2020-05-10 v1.25 LaTeX kernel commands for general use (HO)
)
(d:/Soft/texlive/2023/texmf-dist/tex/generic/pdftexcmds/pdftexcmds.sty
Package: pdftexcmds 2020-06-27 v0.33 Utility functions of pdfTeX for LuaTeX (HO
)

(d:/Soft/texlive/2023/texmf-dist/tex/generic/infwarerr/infwarerr.sty
Package: infwarerr 2019/12/03 v1.5 Providing info/warning/error messages (HO)
)
Package pdftexcmds Info: \pdf@primitive is available.
Package pdftexcmds Info: \pdf@ifprimitive is available.
Package pdftexcmds Info: \pdfdraftmode found.
)
(d:/Soft/texlive/2023/texmf-dist/tex/latex/kvsetkeys/kvsetkeys.sty
Package: kvsetkeys 2022-10-05 v1.19 Key value parser (HO)
)
(d:/Soft/texlive/2023/texmf-dist/tex/generic/kvdefinekeys/kvdefinekeys.sty
Package: kvdefinekeys 2019-12-19 v1.6 Define keys (HO)
)
(d:/Soft/texlive/2023/texmf-dist/tex/generic/pdfescape/pdfescape.sty
Package: pdfescape 2019/12/09 v1.15 Implements pdfTeX's escape features (HO)
)
(d:/Soft/texlive/2023/texmf-dist/tex/latex/hycolor/hycolor.sty
Package: hycolor 2020-01-27 v1.10 Color options for hyperref/bookmark (HO)
)
(d:/Soft/texlive/2023/texmf-dist/tex/latex/letltxmacro/letltxmacro.sty
Package: letltxmacro 2019/12/03 v1.6 Let assignment for LaTeX macros (HO)
)
(d:/Soft/texlive/2023/texmf-dist/tex/latex/auxhook/auxhook.sty
Package: auxhook 2019-12-17 v1.6 Hooks for auxiliary files (HO)
)
(d:/Soft/texlive/2023/texmf-dist/tex/latex/hyperref/nameref.sty
Package: nameref 2022-05-17 v2.50 Cross-referencing by name of section

(d:/Soft/texlive/2023/texmf-dist/tex/latex/refcount/refcount.sty
Package: refcount 2019/12/15 v3.6 Data extraction from label references (HO)
)
(d:/Soft/texlive/2023/texmf-dist/tex/generic/gettitlestring/gettitlestring.sty
Package: gettitlestring 2019/12/15 v1.6 Cleanup title references (HO)

(d:/Soft/texlive/2023/texmf-dist/tex/latex/kvoptions/kvoptions.sty
Package: kvoptions 2022-06-15 v3.15 Key value format for package options (HO)
))
\c@section@level=\count275
)
\@linkdim=\dimen167
\Hy@linkcounter=\count276
\Hy@pagecounter=\count277

(d:/Soft/texlive/2023/texmf-dist/tex/latex/hyperref/pd1enc.def
File: pd1enc.def 2023-02-07 v7.00v Hyperref: PDFDocEncoding definition (HO)
Now handling font encoding PD1 ...
... no UTF-8 mapping file for font encoding PD1
)
(d:/Soft/texlive/2023/texmf-dist/tex/generic/intcalc/intcalc.sty
Package: intcalc 2019/12/15 v1.3 Expandable calculations with integers (HO)
)
(d:/Soft/texlive/2023/texmf-dist/tex/generic/etexcmds/etexcmds.sty
Package: etexcmds 2019/12/15 v1.7 Avoid name clashes with e-TeX commands (HO)
)
\Hy@SavedSpaceFactor=\count278

(d:/Soft/texlive/2023/texmf-dist/tex/latex/hyperref/puenc.def
File: puenc.def 2023-02-07 v7.00v Hyperref: PDF Unicode definition (HO)
Now handling font encoding PU ...
... no UTF-8 mapping file for font encoding PU
)
Package hyperref Info: Option `final' set `true' on input line 4060.
Package hyperref Info: Hyper figures OFF on input line 4177.
Package hyperref Info: Link nesting OFF on input line 4182.
Package hyperref Info: Hyper index ON on input line 4185.
Package hyperref Info: Plain pages OFF on input line 4192.
Package hyperref Info: Backreferencing OFF on input line 4197.
Package hyperref Info: Implicit mode ON; LaTeX internals redefined.
Package hyperref Info: Bookmarks ON on input line 4425.
\c@Hy@tempcnt=\count279

(d:/Soft/texlive/2023/texmf-dist/tex/latex/url/url.sty
\Urlmuskip=\muskip17
Package: url 2013/09/16  ver 3.4  Verb mode for urls, etc.
)
LaTeX Info: Redefining \url on input line 4763.
\XeTeXLinkMargin=\dimen168

(d:/Soft/texlive/2023/texmf-dist/tex/generic/bitset/bitset.sty
Package: bitset 2019/12/09 v1.3 Handle bit-vector datatype (HO)

(d:/Soft/texlive/2023/texmf-dist/tex/generic/bigintcalc/bigintcalc.sty
Package: bigintcalc 2019/12/15 v1.5 Expandable calculations on big integers (HO
)
))
\Fld@menulength=\count280
\Field@Width=\dimen169
\Fld@charsize=\dimen170
Package hyperref Info: Hyper figures OFF on input line 6042.
Package hyperref Info: Link nesting OFF on input line 6047.
Package hyperref Info: Hyper index ON on input line 6050.
Package hyperref Info: backreferencing OFF on input line 6057.
Package hyperref Info: Link coloring OFF on input line 6062.
Package hyperref Info: Link coloring with OCG OFF on input line 6067.
Package hyperref Info: PDF/A mode OFF on input line 6072.

(d:/Soft/texlive/2023/texmf-dist/tex/latex/base/atbegshi-ltx.sty
Package: atbegshi-ltx 2021/01/10 v1.0c Emulation of the original atbegshi
package with kernel methods
)
\Hy@abspage=\count281
\c@Item=\count282
\c@Hfootnote=\count283
)
Package hyperref Info: Driver (autodetected): hpdftex.

(d:/Soft/texlive/2023/texmf-dist/tex/latex/hyperref/hpdftex.def
File: hpdftex.def 2023-02-07 v7.00v Hyperref driver for pdfTeX

(d:/Soft/texlive/2023/texmf-dist/tex/latex/base/atveryend-ltx.sty
Package: atveryend-ltx 2020/08/19 v1.0a Emulation of the original atveryend pac
kage
with kernel methods
)
\Fld@listcount=\count284
\c@bookmark@seq@number=\count285

(d:/Soft/texlive/2023/texmf-dist/tex/latex/rerunfilecheck/rerunfilecheck.sty
Package: rerunfilecheck 2022-07-10 v1.10 Rerun checks for auxiliary files (HO)

(d:/Soft/texlive/2023/texmf-dist/tex/generic/uniquecounter/uniquecounter.sty
Package: uniquecounter 2019/12/15 v1.4 Provide unlimited unique counter (HO)
)
Package uniquecounter Info: New unique counter `rerunfilecheck' on input line 2
85.
)
\Hy@SectionHShift=\skip55
) (d:/Soft/texlive/2023/texmf-dist/tex/latex/ctex/ctex.sty
(d:/Soft/texlive/2023/texmf-dist/tex/latex/l3kernel/expl3.sty
Package: expl3 2023-02-22 L3 programming layer (loader) 

(d:/Soft/texlive/2023/texmf-dist/tex/latex/l3backend/l3backend-pdftex.def
File: l3backend-pdftex.def 2023-01-16 L3 backend support: PDF output (pdfTeX)
\l__color_backend_stack_int=\count286
\l__pdf_internal_box=\box55
))
Package: ctex 2022/07/14 v2.5.10 Chinese adapter in LaTeX (CTEX)

(d:/Soft/texlive/2023/texmf-dist/tex/latex/ctex/ctexhook.sty
Package: ctexhook 2022/07/14 v2.5.10 Document and package hooks (CTEX)
)
(d:/Soft/texlive/2023/texmf-dist/tex/latex/ctex/ctexpatch.sty
Package: ctexpatch 2022/07/14 v2.5.10 Patching commands (CTEX)
)
(d:/Soft/texlive/2023/texmf-dist/tex/latex/base/fix-cm.sty
Package: fix-cm 2020/11/24 v1.1t fixes to LaTeX

(d:/Soft/texlive/2023/texmf-dist/tex/latex/base/ts1enc.def
File: ts1enc.def 2001/06/05 v3.0e (jk/car/fm) Standard LaTeX file
LaTeX Font Info:    Redeclaring font encoding TS1 on input line 47.
))
\l__ctex_tmp_int=\count287
\l__ctex_tmp_box=\box56
\l__ctex_tmp_dim=\dimen171
\g__ctex_section_depth_int=\count288
\g__ctex_font_size_int=\count289

(d:/Soft/texlive/2023/texmf-dist/tex/latex/ctex/config/ctexopts.cfg
File: ctexopts.cfg 2022/07/14 v2.5.10 Option configuration file (CTEX)
)

Package ctex Warning: UTF8 will be used as the default encoding.

(d:/Soft/texlive/2023/texmf-dist/tex/latex/ctex/engine/ctex-engine-pdftex.def
File: ctex-engine-pdftex.def 2022/07/14 v2.5.10 (pdf)LaTeX adapter (CTEX)

(d:/Soft/texlive/2023/texmf-dist/tex/latex/cjk/texinput/CJKutf8.sty
Package: CJKutf8 2021/10/16 4.8.5

(d:/Soft/texlive/2023/texmf-dist/tex/generic/iftex/ifpdf.sty
Package: ifpdf 2019/10/25 v3.4 ifpdf legacy package. Use iftex instead.
)
(d:/Soft/texlive/2023/texmf-dist/tex/latex/base/inputenc.sty
Package: inputenc 2021/02/14 v1.3d Input encoding file
\inpenc@prehook=\toks25
\inpenc@posthook=\toks26
)
(d:/Soft/texlive/2023/texmf-dist/tex/latex/cjk/texinput/CJK.sty
Package: CJK 2021/10/16 4.8.5

(d:/Soft/texlive/2023/texmf-dist/tex/latex/cjk/texinput/mule/MULEenc.sty
Package: MULEenc 2021/10/16 4.8.5
)
(d:/Soft/texlive/2023/texmf-dist/tex/latex/cjk/texinput/CJK.enc
File: CJK.enc 2021/10/16 4.8.5
Now handling font encoding C00 ...
... no UTF-8 mapping file for font encoding C00
Now handling font encoding C05 ...
... no UTF-8 mapping file for font encoding C05
Now handling font encoding C09 ...
... no UTF-8 mapping file for font encoding C09
Now handling font encoding C10 ...
... no UTF-8 mapping file for font encoding C10
Now handling font encoding C20 ...
... no UTF-8 mapping file for font encoding C20
Now handling font encoding C19 ...
... no UTF-8 mapping file for font encoding C19
Now handling font encoding C40 ...
... no UTF-8 mapping file for font encoding C40
Now handling font encoding C42 ...
... no UTF-8 mapping file for font encoding C42
Now handling font encoding C43 ...
... no UTF-8 mapping file for font encoding C43
Now handling font encoding C50 ...
... no UTF-8 mapping file for font encoding C50
Now handling font encoding C52 ...
... no UTF-8 mapping file for font encoding C52
Now handling font encoding C49 ...
... no UTF-8 mapping file for font encoding C49
Now handling font encoding C60 ...
... no UTF-8 mapping file for font encoding C60
Now handling font encoding C61 ...
... no UTF-8 mapping file for font encoding C61
Now handling font encoding C63 ...
... no UTF-8 mapping file for font encoding C63
Now handling font encoding C64 ...
... no UTF-8 mapping file for font encoding C64
Now handling font encoding C65 ...
... no UTF-8 mapping file for font encoding C65
Now handling font encoding C70 ...
... no UTF-8 mapping file for font encoding C70
Now handling font encoding C31 ...
... no UTF-8 mapping file for font encoding C31
Now handling font encoding C32 ...
... no UTF-8 mapping file for font encoding C32
Now handling font encoding C33 ...
... no UTF-8 mapping file for font encoding C33
Now handling font encoding C34 ...
... no UTF-8 mapping file for font encoding C34
Now handling font encoding C35 ...
... no UTF-8 mapping file for font encoding C35
Now handling font encoding C36 ...
... no UTF-8 mapping file for font encoding C36
Now handling font encoding C37 ...
... no UTF-8 mapping file for font encoding C37
Now handling font encoding C80 ...
... no UTF-8 mapping file for font encoding C80
Now handling font encoding C81 ...
... no UTF-8 mapping file for font encoding C81
Now handling font encoding C01 ...
... no UTF-8 mapping file for font encoding C01
Now handling font encoding C11 ...
... no UTF-8 mapping file for font encoding C11
Now handling font encoding C21 ...
... no UTF-8 mapping file for font encoding C21
Now handling font encoding C41 ...
... no UTF-8 mapping file for font encoding C41
Now handling font encoding C62 ...
... no UTF-8 mapping file for font encoding C62
)
\CJK@indent=\box57
)
(d:/Soft/texlive/2023/texmf-dist/tex/latex/base/fontenc.sty
Package: fontenc 2021/04/29 v2.0v Standard LaTeX package
))
(d:/Soft/texlive/2023/texmf-dist/tex/latex/cjkpunct/CJKpunct.sty
Package: CJKpunct 2016/05/14 4.8.4
\CJKpunct@cnta=\count290
\CJKpunct@cntb=\count291
\CJKpunct@cntc=\count292
\CJKpunct@cntd=\count293
\CJKpunct@cnte=\count294
   defining Unicode char U+2018 (decimal 8216)
   defining Unicode char U+2019 (decimal 8217)
   defining Unicode char U+201C (decimal 8220)
   defining Unicode char U+201D (decimal 8221)
   defining Unicode char U+2014 (decimal 8212)
   defining Unicode char U+2026 (decimal 8230)

(d:/Soft/texlive/2023/texmf-dist/tex/latex/cjkpunct/CJKpunct.spa))
(d:/Soft/texlive/2023/texmf-dist/tex/latex/cjk/texinput/CJKspace.sty
Package: CJKspace 2021/10/16 3.8.0
)
(d:/Soft/texlive/2023/texmf-dist/tex/latex/cjk/texinput/UTF8/UTF8.bdg
File: UTF8.bdg 2021/10/16 4.8.5
)
(d:/Soft/texlive/2023/texmf-dist/tex/latex/ctex/ctexspa.def
File: ctexspa.def 2022/07/14 v2.5.10 Space info for CJKpunct (CTEX)
)

Package hyperref Warning: Option `driverfallback' has already been used,
(hyperref)                setting the option has no effect on input line 493.

Package hyperref Info: Option `unicode' set `true' on input line 512.
\ccwd=\dimen172
\l__ctex_ccglue_skip=\skip56
)
\l__ctex_ziju_dim=\dimen173
 (d:/Soft/texlive/2023/texmf-dist/tex/latex/zhnumber/zhnumber.sty
Package: zhnumber 2022/07/14 v3.0 Typesetting numbers with Chinese glyphs
\l__zhnum_scale_int=\count295
\l__zhnum_tmp_int=\count296

(d:/Soft/texlive/2023/texmf-dist/tex/latex/zhnumber/zhnumber-utf8.cfg
File: zhnumber-utf8.cfg 2022/07/14 v3.0 Chinese numerals with UTF8 encoding
))
(d:/Soft/texlive/2023/texmf-dist/tex/latex/ctex/scheme/ctex-scheme-chinese.def
File: ctex-scheme-chinese.def 2022/07/14 v2.5.10 Chinese scheme for generic (CT
EX)

(d:/Soft/texlive/2023/texmf-dist/tex/latex/ctex/config/ctex-name-utf8.cfg
File: ctex-name-utf8.cfg 2022/07/14 v2.5.10 Caption with encoding UTF-8 (CTEX)
))
(d:/Soft/texlive/2023/texmf-dist/tex/latex/tools/indentfirst.sty
Package: indentfirst 1995/11/23 v1.03 Indent first paragraph (DPC)
)
(d:/Soft/texlive/2023/texmf-dist/tex/latex/ctex/fontset/ctex-fontset-windows.de
f
File: ctex-fontset-windows.def 2022/07/14 v2.5.10 Windows fonts definition (CTE
X)
)) (d:/Soft/texlive/2023/texmf-dist/tex/latex/ctex/config/ctex.cfg
File: ctex.cfg 2022/07/14 v2.5.10 Configuration file (CTEX)
)
(d:/Soft/texlive/2023/texmf-dist/tex/latex/titlesec/titlesec.sty
Package: titlesec 2021/07/05 v2.14 Sectioning titles
\ttl@box=\box58
\beforetitleunit=\skip57
\aftertitleunit=\skip58
\ttl@plus=\dimen174
\ttl@minus=\dimen175
\ttl@toksa=\toks27
\titlewidth=\dimen176
\titlewidthlast=\dimen177
\titlewidthfirst=\dimen178
)
(d:/Soft/texlive/2023/texmf-dist/tex/latex/makecell/makecell.sty
Package: makecell 2009/08/03 V0.1e Managing of Tab Column Heads and Cells
\rotheadsize=\dimen179
\c@nlinenum=\count297
\TeXr@lab=\toks28
)
(d:/Soft/texlive/2023/texmf-dist/tex/latex/booktabs/booktabs.sty
Package: booktabs 2020/01/12 v1.61803398 Publication quality tables
\heavyrulewidth=\dimen180
\lightrulewidth=\dimen181
\cmidrulewidth=\dimen182
\belowrulesep=\dimen183
\belowbottomsep=\dimen184
\aboverulesep=\dimen185
\abovetopsep=\dimen186
\cmidrulesep=\dimen187
\cmidrulekern=\dimen188
\defaultaddspace=\dimen189
\@cmidla=\count298
\@cmidlb=\count299
\@aboverulesep=\dimen190
\@belowrulesep=\dimen191
\@thisruleclass=\count300
\@lastruleclass=\count301
\@thisrulewidth=\dimen192
)
(d:/Soft/texlive/2023/texmf-dist/tex/latex/multirow/multirow.sty
Package: multirow 2021/03/15 v2.8 Span multiple rows of a table
\multirow@colwidth=\skip59
\multirow@cntb=\count302
\multirow@dima=\skip60
\bigstrutjot=\dimen193
)
(d:/Soft/texlive/2023/texmf-dist/tex/latex/amsfonts/amssymb.sty
Package: amssymb 2013/01/14 v3.01 AMS font symbols

(d:/Soft/texlive/2023/texmf-dist/tex/latex/amsfonts/amsfonts.sty
Package: amsfonts 2013/01/14 v3.01 Basic AMSFonts support
\symAMSa=\mathgroup4
\symAMSb=\mathgroup5
LaTeX Font Info:    Redeclaring math symbol \hbar on input line 98.
LaTeX Font Info:    Overwriting math alphabet `\mathfrak' in version `bold'
(Font)                  U/euf/m/n --> U/euf/b/n on input line 106.
))
(d:/Soft/texlive/2023/texmf-dist/tex/latex/tools/longtable.sty
Package: longtable 2021-09-01 v4.17 Multi-page Table package (DPC)
\LTleft=\skip61
\LTright=\skip62
\LTpre=\skip63
\LTpost=\skip64
\LTchunksize=\count303
\LTcapwidth=\dimen194
\LT@head=\box59
\LT@firsthead=\box60
\LT@foot=\box61
\LT@lastfoot=\box62
\LT@gbox=\box63
\LT@cols=\count304
\LT@rows=\count305
\c@LT@tables=\count306
\c@LT@chunks=\count307
\LT@p@ftn=\toks29
)
(d:/Soft/texlive/2023/texmf-dist/tex/latex/caption/caption.sty
Package: caption 2023/03/12 v3.6j Customizing captions (AR)

(d:/Soft/texlive/2023/texmf-dist/tex/latex/caption/caption3.sty
Package: caption3 2023/03/12 v2.4 caption3 kernel (AR)
\caption@tempdima=\dimen195
\captionmargin=\dimen196
\caption@leftmargin=\dimen197
\caption@rightmargin=\dimen198
\caption@width=\dimen199
\caption@indent=\dimen256
\caption@parindent=\dimen257
\caption@hangindent=\dimen258
Package caption Info: Standard document class detected.
)
\c@caption@flags=\count308
\c@continuedfloat=\count309
Package caption Info: hyperref package is loaded.
Package caption Info: longtable package is loaded.

(d:/Soft/texlive/2023/texmf-dist/tex/latex/caption/ltcaption.sty
Package: ltcaption 2021/01/08 v1.4c longtable captions (AR)
))
(d:/Soft/texlive/2023/texmf-dist/tex/latex/caption/subcaption.sty
Package: subcaption 2023/02/19 v1.6 Sub-captions (AR)
Package caption Info: New subtype `subfigure' on input line 239.
\c@subfigure=\count310
Package caption Info: New subtype `subtable' on input line 239.
\c@subtable=\count311
)
(d:/Soft/texlive/2023/texmf-dist/tex/latex/graphics/color.sty
Package: color 2022/01/06 v1.3d Standard LaTeX Color (DPC)

(d:/Soft/texlive/2023/texmf-dist/tex/latex/graphics-cfg/color.cfg
File: color.cfg 2016/01/02 v1.6 sample color configuration
)
Package color Info: Driver file: pdftex.def on input line 149.

(d:/Soft/texlive/2023/texmf-dist/tex/latex/graphics/mathcolor.ltx))
(d:/Soft/texlive/2023/texmf-dist/tex/latex/xcolor/xcolor.sty
Package: xcolor 2022/06/12 v2.14 LaTeX color extensions (UK)

(d:/Soft/texlive/2023/texmf-dist/tex/latex/graphics-cfg/color.cfg
File: color.cfg 2016/01/02 v1.6 sample color configuration
)
Package xcolor Info: Driver file: pdftex.def on input line 227.
LaTeX Info: Redefining \color on input line 711.

(d:/Soft/texlive/2023/texmf-dist/tex/latex/graphics/mathcolor.ltx)
Package xcolor Info: Model `cmy' substituted by `cmy0' on input line 1353.
Package xcolor Info: Model `hsb' substituted by `rgb' on input line 1357.
Package xcolor Info: Model `RGB' extended on input line 1369.
Package xcolor Info: Model `HTML' substituted by `rgb' on input line 1371.
Package xcolor Info: Model `Hsb' substituted by `hsb' on input line 1372.
Package xcolor Info: Model `tHsb' substituted by `hsb' on input line 1373.
Package xcolor Info: Model `HSB' substituted by `hsb' on input line 1374.
Package xcolor Info: Model `Gray' substituted by `gray' on input line 1375.
Package xcolor Info: Model `wave' substituted by `hsb' on input line 1376.
)
(d:/Soft/texlive/2023/texmf-dist/tex/latex/bbm-macros/bbm.sty
Package: bbm 1999/03/15 V 1.2 provides fonts for set symbols - TH
LaTeX Font Info:    Overwriting math alphabet `\mathbbm' in version `bold'
(Font)                  U/bbm/m/n --> U/bbm/bx/n on input line 33.
LaTeX Font Info:    Overwriting math alphabet `\mathbbmss' in version `bold'
(Font)                  U/bbmss/m/n --> U/bbmss/bx/n on input line 35.
)
(d:/Soft/texlive/2023/texmf-dist/tex/latex/tablefootnote/tablefootnote.sty
Package: tablefootnote 2014/01/26 v1.1c Table foot notes (HMM)

(d:/Soft/texlive/2023/texmf-dist/tex/latex/xifthen/xifthen.sty
Package: xifthen 2015/11/05 v1.4.0 Extended ifthen features

(d:/Soft/texlive/2023/texmf-dist/tex/latex/tools/calc.sty
Package: calc 2017/05/25 v4.3 Infix arithmetic (KKT,FJ)
\calc@Acount=\count312
\calc@Bcount=\count313
\calc@Adimen=\dimen259
\calc@Bdimen=\dimen260
\calc@Askip=\skip65
\calc@Bskip=\skip66
LaTeX Info: Redefining \setlength on input line 80.
LaTeX Info: Redefining \addtolength on input line 81.
\calc@Ccount=\count314
\calc@Cskip=\skip67
)
(d:/Soft/texlive/2023/texmf-dist/tex/latex/base/ifthen.sty
Package: ifthen 2022/04/13 v1.1d Standard LaTeX ifthen package (DPC)
)
(d:/Soft/texlive/2023/texmf-dist/tex/latex/ifmtarg/ifmtarg.sty
Package: ifmtarg 2018/04/16 v1.2b check for an empty argument
))
(d:/Soft/texlive/2023/texmf-dist/tex/latex/etoolbox/etoolbox.sty
Package: etoolbox 2020/10/05 v2.5k e-TeX tools for LaTeX (JAW)
\etb@tempcnta=\count315
))
Package hyperref Info: Option `colorlinks' set `true' on input line 34.

(d:/Soft/texlive/2023/texmf-dist/tex/latex/cjk/texinput/UTF8/UTF8.enc
File: UTF8.enc 2021/10/16 4.8.5
)
(d:/Soft/texlive/2023/texmf-dist/tex/latex/cjk/texinput/UTF8/UTF8.chr
File: UTF8.chr 2021/10/16 4.8.5
)
(./main.aux)
\openout1 = `main.aux'.

LaTeX Font Info:    Checking defaults for OML/cmm/m/it on input line 40.
LaTeX Font Info:    ... okay on input line 40.
LaTeX Font Info:    Checking defaults for OMS/cmsy/m/n on input line 40.
LaTeX Font Info:    ... okay on input line 40.
LaTeX Font Info:    Checking defaults for OT1/cmr/m/n on input line 40.
LaTeX Font Info:    ... okay on input line 40.
LaTeX Font Info:    Checking defaults for T1/cmr/m/n on input line 40.
LaTeX Font Info:    ... okay on input line 40.
LaTeX Font Info:    Checking defaults for TS1/cmr/m/n on input line 40.
LaTeX Font Info:    ... okay on input line 40.
LaTeX Font Info:    Checking defaults for OMX/cmex/m/n on input line 40.
LaTeX Font Info:    ... okay on input line 40.
LaTeX Font Info:    Checking defaults for U/cmr/m/n on input line 40.
LaTeX Font Info:    ... okay on input line 40.
LaTeX Font Info:    Checking defaults for PD1/pdf/m/n on input line 40.
LaTeX Font Info:    ... okay on input line 40.
LaTeX Font Info:    Checking defaults for PU/pdf/m/n on input line 40.
LaTeX Font Info:    ... okay on input line 40.
LaTeX Font Info:    Checking defaults for C00/song/m/n on input line 40.
LaTeX Font Info:    ... okay on input line 40.
LaTeX Font Info:    Checking defaults for C05/song/m/n on input line 40.
LaTeX Font Info:    ... okay on input line 40.
LaTeX Font Info:    Checking defaults for C09/song/m/n on input line 40.
LaTeX Font Info:    ... okay on input line 40.
LaTeX Font Info:    Checking defaults for C10/song/m/n on input line 40.
LaTeX Font Info:    ... okay on input line 40.
LaTeX Font Info:    Checking defaults for C20/song/m/n on input line 40.
LaTeX Font Info:    ... okay on input line 40.
LaTeX Font Info:    Checking defaults for C19/song/m/n on input line 40.
LaTeX Font Info:    ... okay on input line 40.
LaTeX Font Info:    Checking defaults for C40/song/m/n on input line 40.
LaTeX Font Info:    ... okay on input line 40.
LaTeX Font Info:    Checking defaults for C42/song/m/n on input line 40.
LaTeX Font Info:    ... okay on input line 40.
LaTeX Font Info:    Checking defaults for C43/song/m/n on input line 40.
LaTeX Font Info:    ... okay on input line 40.
LaTeX Font Info:    Checking defaults for C50/song/m/n on input line 40.
LaTeX Font Info:    ... okay on input line 40.
LaTeX Font Info:    Checking defaults for C52/song/m/n on input line 40.
LaTeX Font Info:    ... okay on input line 40.
LaTeX Font Info:    Checking defaults for C49/song/m/n on input line 40.
LaTeX Font Info:    ... okay on input line 40.
LaTeX Font Info:    Checking defaults for C60/mj/m/n on input line 40.
LaTeX Font Info:    ... okay on input line 40.
LaTeX Font Info:    Checking defaults for C61/mj/m/n on input line 40.
LaTeX Font Info:    ... okay on input line 40.
LaTeX Font Info:    Checking defaults for C63/mj/m/n on input line 40.
LaTeX Font Info:    ... okay on input line 40.
LaTeX Font Info:    Checking defaults for C64/mj/m/n on input line 40.
LaTeX Font Info:    ... okay on input line 40.
LaTeX Font Info:    Checking defaults for C65/mj/m/n on input line 40.
LaTeX Font Info:    ... okay on input line 40.
LaTeX Font Info:    Checking defaults for C70/song/m/n on input line 40.
LaTeX Font Info:    ... okay on input line 40.
LaTeX Font Info:    Checking defaults for C31/song/m/n on input line 40.
LaTeX Font Info:    ... okay on input line 40.
LaTeX Font Info:    Checking defaults for C32/song/m/n on input line 40.
LaTeX Font Info:    ... okay on input line 40.
LaTeX Font Info:    Checking defaults for C33/song/m/n on input line 40.
LaTeX Font Info:    ... okay on input line 40.
LaTeX Font Info:    Checking defaults for C34/song/m/n on input line 40.
LaTeX Font Info:    ... okay on input line 40.
LaTeX Font Info:    Checking defaults for C35/song/m/n on input line 40.
LaTeX Font Info:    ... okay on input line 40.
LaTeX Font Info:    Checking defaults for C36/song/m/n on input line 40.
LaTeX Font Info:    ... okay on input line 40.
LaTeX Font Info:    Checking defaults for C37/song/m/n on input line 40.
LaTeX Font Info:    ... okay on input line 40.
LaTeX Font Info:    Checking defaults for C80/song/m/n on input line 40.
LaTeX Font Info:    ... okay on input line 40.
LaTeX Font Info:    Checking defaults for C81/song/m/n on input line 40.
LaTeX Font Info:    ... okay on input line 40.
LaTeX Font Info:    Checking defaults for C01/song/m/n on input line 40.
LaTeX Font Info:    ... okay on input line 40.
LaTeX Font Info:    Checking defaults for C11/song/m/n on input line 40.
LaTeX Font Info:    ... okay on input line 40.
LaTeX Font Info:    Checking defaults for C21/song/m/n on input line 40.
LaTeX Font Info:    ... okay on input line 40.
LaTeX Font Info:    Checking defaults for C41/song/m/n on input line 40.
LaTeX Font Info:    ... okay on input line 40.
LaTeX Font Info:    Checking defaults for C62/song/m/n on input line 40.
LaTeX Font Info:    ... okay on input line 40.

(d:/Soft/texlive/2023/texmf-dist/tex/context/base/mkii/supp-pdf.mkii
[Loading MPS to PDF converter (version 2006.09.02).]
\scratchcounter=\count316
\scratchdimen=\dimen261
\scratchbox=\box64
\nofMPsegments=\count317
\nofMParguments=\count318
\everyMPshowfont=\toks30
\MPscratchCnt=\count319
\MPscratchDim=\dimen262
\MPnumerator=\count320
\makeMPintoPDFobject=\count321
\everyMPtoPDFconversion=\toks31
) (d:/Soft/texlive/2023/texmf-dist/tex/latex/epstopdf-pkg/epstopdf-base.sty
Package: epstopdf-base 2020-01-24 v2.11 Base part for package epstopdf
Package epstopdf-base Info: Redefining graphics rule for `.eps' on input line 4
85.

(d:/Soft/texlive/2023/texmf-dist/tex/latex/latexconfig/epstopdf-sys.cfg
File: epstopdf-sys.cfg 2010/07/13 v1.3 Configuration of (r)epstopdf for TeX Liv
e
))
*geometry* driver: auto-detecting
*geometry* detected driver: pdftex
*geometry* verbose mode - [ preamble ] result:
* driver: pdftex
* paper: letterpaper
* layout: <same size as paper>
* layoutoffset:(h,v)=(0.0pt,0.0pt)
* modes: 
* h-part:(L,W,R)=(72.26999pt, 469.75502pt, 72.26999pt)
* v-part:(T,H,B)=(72.26999pt, 650.43001pt, 72.26999pt)
* \paperwidth=614.295pt
* \paperheight=794.96999pt
* \textwidth=469.75502pt
* \textheight=650.43001pt
* \oddsidemargin=0.0pt
* \evensidemargin=0.0pt
* \topmargin=-37.0pt
* \headheight=12.0pt
* \headsep=25.0pt
* \topskip=12.0pt
* \footskip=30.0pt
* \marginparwidth=44.0pt
* \marginparsep=10.0pt
* \columnsep=10.0pt
* \skip\footins=10.8pt plus 4.0pt minus 2.0pt
* \hoffset=0.0pt
* \voffset=0.0pt
* \mag=1000
* \@twocolumnfalse
* \@twosidefalse
* \@mparswitchfalse
* \@reversemarginfalse
* (1in=72.27pt=25.4mm, 1cm=28.453pt)

Package hyperref Info: Link coloring ON on input line 40.
(./main.out) (./main.out)
\@outlinefile=\write3
\openout3 = `main.out'.

Package caption Info: Begin \AtBeginDocument code.
Package caption Info: End \AtBeginDocument code.
LaTeX Font Info:    Trying to load font information for C70+zhsong on input lin
e 47.

(d:/Soft/texlive/2023/texmf-dist/tex/latex/zhmetrics/c70zhsong.fd
File: c70zhsong.fd 2009/09/23 4.8.2
)
LaTeX Font Info:    Trying to load font information for U+msa on input line 47.


(d:/Soft/texlive/2023/texmf-dist/tex/latex/amsfonts/umsa.fd
File: umsa.fd 2013/01/14 v3.01 AMS symbols A
)
LaTeX Font Info:    Trying to load font information for U+msb on input line 47.


(d:/Soft/texlive/2023/texmf-dist/tex/latex/amsfonts/umsb.fd
File: umsb.fd 2013/01/14 v3.01 AMS symbols B
) (./main.toc
LaTeX Font Info:    Trying to load font information for C70+rm on input line 1.


(d:/Soft/texlive/2023/texmf-dist/tex/latex/ctex/fd/c70rm.fd
File: c70rm.fd 2022/07/14 v2.5.10 Chinese font definition (CTEX)
))
\tf@toc=\write4
\openout4 = `main.toc'.

Package CJKpunct Info: use punctuation spaces for family 'rm' with punctstyle (
quanjiao) on input line 66.

(d:/Soft/texlive/2023/texmf-dist/tex/generic/ctex/zhmap/ctex-zhmap-windows.tex
File: ctex-zhmap-windows.tex 2022/07/14 v2.5.10 Windows font map loader for pdf
TeX and DVIPDFMx (CTEX)
{d:/Soft/texlive/2023/texmf-var/fonts/map/pdftex/updmap/pdftex.map}{UGBK.sfd}{U
nicode.sfd}) [1

]
Overfull \hbox (3.63315pt too wide) in paragraph at lines 173--173
 []|\OT1/cmr/bx/n/6 Learning| 
 []


Overfull \hbox (0.65086pt too wide) in paragraph at lines 173--173
 []|\OT1/cmr/bx/n/6 Format| 
 []


Overfull \vbox (10.27437pt too high) detected at line 173
 []


Underfull \hbox (badness 10000) in paragraph at lines 173--173
|[]
 []


Overfull \hbox (3.58232pt too wide) in paragraph at lines 173--173
[]
 []


Underfull \hbox (badness 10000) in paragraph at lines 173--173
|[]
 []


Overfull \hbox (3.58232pt too wide) in paragraph at lines 173--173
[]
 []


Overfull \hbox (3.24858pt too wide) in paragraph at lines 173--173
 []|\OT1/cmr/m/n/6 Deepexposure| 
 []


Overfull \vbox (19.90685pt too high) detected at line 173
 []


Underfull \hbox (badness 10000) in paragraph at lines 173--173
|[]
 []


Overfull \hbox (3.58232pt too wide) in paragraph at lines 173--173
[]
 []


Overfull \hbox (3.96173pt too wide) in paragraph at lines 173--173
 [] 
 []


Overfull \hbox (6.08748pt too wide) in paragraph at lines 173--173
 []|\OT1/cmr/m/n/6 EnlightenGAN| 
 []


Overfull \vbox (56.83934pt too high) detected at line 173
 []


Underfull \hbox (badness 10000) in paragraph at lines 173--173
|[]
 []


Overfull \hbox (3.58232pt too wide) in paragraph at lines 173--173
[]
 []


Overfull \hbox (3.96173pt too wide) in paragraph at lines 173--173
 [] 
 []


Overfull \hbox (3.96173pt too wide) in paragraph at lines 173--173
 [] 
 []


Overfull \hbox (5.33836pt too wide) in paragraph at lines 173--173
 [] 
 []


Overfull \hbox (3.93245pt too wide) in paragraph at lines 173--173
 [] 
 []


Overfull \hbox (1.25711pt too wide) in paragraph at lines 173--173
 [] 
 []


LaTeX Warning: Float too large for page by 15.32085pt on input line 178.

<learning_strategy.png, id=184, 160.34906pt x 132.495pt>
File: learning_strategy.png Graphic file (type png)
<use learning_strategy.png>
Package pdftex.def Info: learning_strategy.png  used on input line 188.
(pdftex.def)             Requested size: 93.94957pt x 77.63156pt.
<network_struture.png, id=186, 163.3603pt x 131.74219pt>
File: network_struture.png Graphic file (type png)
<use network_struture.png>
Package pdftex.def Info: network_struture.png  used on input line 194.
(pdftex.def)             Requested size: 108.04143pt x 87.12901pt.

Overfull \hbox (14.09186pt too wide) in paragraph at lines 194--196
[][] 
 []

<Retinex_model.png, id=187, 155.83218pt x 131.74219pt>
File: Retinex_model.png Graphic file (type png)
<use Retinex_model.png>
Package pdftex.def Info: Retinex_model.png  used on input line 200.
(pdftex.def)             Requested size: 93.94957pt x 79.42584pt.
<data_format.png, id=188, 161.85469pt x 131.74219pt>
File: data_format.png Graphic file (type png)
<use data_format.png>
Package pdftex.def Info: data_format.png  used on input line 206.
(pdftex.def)             Requested size: 93.94957pt x 76.47081pt.
<loss_function.png, id=189, 158.84344pt x 90.3375pt>
File: loss_function.png Graphic file (type png)
<use loss_function.png>
Package pdftex.def Info: loss_function.png  used on input line 212.
(pdftex.def)             Requested size: 93.94957pt x 53.43236pt.
<training_dataset.png, id=190, 158.09062pt x 90.3375pt>
File: training_dataset.png Graphic file (type png)
<use training_dataset.png>
Package pdftex.def Info: training_dataset.png  used on input line 218.
(pdftex.def)             Requested size: 93.94957pt x 53.68599pt.
<testing_dataset.png, id=191, 158.09062pt x 90.3375pt>
File: testing_dataset.png Graphic file (type png)
<use testing_dataset.png>
Package pdftex.def Info: testing_dataset.png  used on input line 224.
(pdftex.def)             Requested size: 93.94957pt x 53.68599pt.
<evaluation_metric.png, id=192, 164.11313pt x 90.3375pt>
File: evaluation_metric.png Graphic file (type png)
<use evaluation_metric.png>
Package pdftex.def Info: evaluation_metric.png  used on input line 230.
(pdftex.def)             Requested size: 93.94957pt x 51.7162pt.
[2] [3] [4 <./learning_strategy.png> <./network_struture.png> <./Retinex_model.
png> <./data_format.png> <./loss_function.png> <./training_dataset.png> <./test
ing_dataset.png> <./evaluation_metric.png>] [5]
<Sample_Loli.png, id=293, 338.01282pt x 236.38312pt>
File: Sample_Loli.png Graphic file (type png)
<use Sample_Loli.png>
Package pdftex.def Info: Sample_Loli.png  used on input line 425.
(pdftex.def)             Requested size: 375.80544pt x 262.8212pt.

Overfull \hbox (8.8106pt too wide) in paragraph at lines 437--438
[]\C70/zhsong/bx/n/12/4e ^^M \C70/rm/m/n/12/54 ^^L \C70/rm/m/n/12/65 ¹ \C70/rm/
m/n/12/6c Õ \C70/rm/m/n/12/53 ï \C70/zhsong/bx/n/12/80 ý \C70/rm/m/n/12/91 Ç \C
70/rm/m/n/12/75 ( \C70/zhsong/bx/n/12/4e ^^M \C70/rm/m/n/12/54 ^^L \C70/rm/m/n/
12/76 „ \C70/rm/m/n/12/6d ñ \C70/rm/m/n/12/5e ¦ \C70/rm/m/n/12/5b f \C70/zhsong
/bx/n/12/4e ` \C70/rm/m/n/12/68 F \C70/rm/m/n/12/67 ¶|\C70/rm/m/n/12/ff ^^L| \C
70/rm/m/n/12/6b Ô \C70/rm/m/n/12/59 ‚\OT1/cmr/m/n/12 Caffe|\C70/rm/m/n/12/30 ^^
A| \OT1/cmr/m/n/12 Theano|\C70/rm/m/n/12/30 ^^A| \OT1/cmr/m/n/12 TensorFlow\C70
/zhsong/bx/n/12/4e å \C70/rm/m/n/12/53 Ê\OT1/cmr/m/n/12 Pytorch|\C70/rm/m/n/12/
ff ^^L|
 []


Overfull \hbox (8.57393pt too wide) in paragraph at lines 441--442
[]\C70/zhsong/bx/n/12/4e : \C70/zhsong/bx/n/12/66 ô \C70/rm/m/n/12/59 } \C70/rm
/m/n/12/76 „ \C70/rm/m/n/12/5b š \C70/rm/m/n/12/91 Ï \C70/zhsong/bx/n/12/4e ^^N
 \C70/rm/m/n/12/5b š \C70/rm/m/n/12/60 ' \C70/rm/m/n/12/5b ù \C70/rm/m/n/12/6b 
Ô \C70/zhsong/bx/n/12/4e ^^M \C70/rm/m/n/12/54 ^^L \C70/rm/m/n/12/76 „ \C70/rm/
m/n/12/65 ¹ \C70/rm/m/n/12/6c Õ|\C70/rm/m/n/12/ff ^^L| \C70/rm/m/n/12/96 d \C70
/zhsong/bx/n/12/4e †\OT1/cmr/m/n/12 LoLi-Phone\C70/rm/m/n/12/59 ^^V|\C70/rm/m/n
/12/ff ^^L| \C70/rm/m/n/12/4f \ \C70/zhsong/bx/n/12/80 ^^E \C70/rm/m/n/12/8f Ø 
\C70/rm/m/n/12/57 (\OT1/cmr/m/n/12 LOL\C70/zhsong/bx/n/12/4e ^^N\OT1/cmr/m/n/12
 MIT-Adboe
 []

<LOL-test_dataset/input.png, id=295, 124.96687pt x 83.5622pt>
File: LOL-test_dataset/input.png Graphic file (type png)
<use LOL-test_dataset/input.png>
Package pdftex.def Info: LOL-test_dataset/input.png  used on input line 446.
(pdftex.def)             Requested size: 84.55246pt x 56.53973pt.
<LOL-test_dataset/LLNet.png, id=296, 124.21407pt x 83.5622pt>
File: LOL-test_dataset/LLNet.png Graphic file (type png)
<use LOL-test_dataset/LLNet.png>
Package pdftex.def Info: LOL-test_dataset/LLNet.png  used on input line 452.
(pdftex.def)             Requested size: 84.55246pt x 56.88145pt.
<LOL-test_dataset/LightenNet.png, id=297, 124.96687pt x 83.5622pt>
File: LOL-test_dataset/LightenNet.png Graphic file (type png)
<use LOL-test_dataset/LightenNet.png>
Package pdftex.def Info: LOL-test_dataset/LightenNet.png  used on input line 45
8.
(pdftex.def)             Requested size: 84.55246pt x 56.53973pt.
<LOL-test_dataset/Retinex-Net.png, id=298, 124.96687pt x 83.5622pt>
File: LOL-test_dataset/Retinex-Net.png Graphic file (type png)
<use LOL-test_dataset/Retinex-Net.png>
Package pdftex.def Info: LOL-test_dataset/Retinex-Net.png  used on input line 4
64.
(pdftex.def)             Requested size: 84.55246pt x 56.53973pt.
<LOL-test_dataset/MBLLEN.png, id=299, 124.96687pt x 83.5622pt>
File: LOL-test_dataset/MBLLEN.png Graphic file (type png)
<use LOL-test_dataset/MBLLEN.png>
Package pdftex.def Info: LOL-test_dataset/MBLLEN.png  used on input line 470.
(pdftex.def)             Requested size: 84.55246pt x 56.53973pt.
<LOL-test_dataset/KinD.png, id=300, 124.96687pt x 84.315pt>
File: LOL-test_dataset/KinD.png Graphic file (type png)
<use LOL-test_dataset/KinD.png>
Package pdftex.def Info: LOL-test_dataset/KinD.png  used on input line 476.
(pdftex.def)             Requested size: 84.55246pt x 57.0491pt.
<LOL-test_dataset/KinD++.png, id=301, 124.96687pt x 84.315pt>
File: LOL-test_dataset/KinD++.png Graphic file (type png)
<use LOL-test_dataset/KinD++.png>
Package pdftex.def Info: LOL-test_dataset/KinD++.png  used on input line 482.
(pdftex.def)             Requested size: 84.55246pt x 57.0491pt.
<LOL-test_dataset/TBEFN.png, id=302, 124.21407pt x 84.315pt>
File: LOL-test_dataset/TBEFN.png Graphic file (type png)
<use LOL-test_dataset/TBEFN.png>
Package pdftex.def Info: LOL-test_dataset/TBEFN.png  used on input line 488.
(pdftex.def)             Requested size: 84.55246pt x 57.39389pt.
<LOL-test_dataset/DSLR.png, id=303, 125.71968pt x 84.315pt>
File: LOL-test_dataset/DSLR.png Graphic file (type png)
<use LOL-test_dataset/DSLR.png>
Package pdftex.def Info: LOL-test_dataset/DSLR.png  used on input line 494.
(pdftex.def)             Requested size: 84.55246pt x 56.70558pt.
<LOL-test_dataset/EnlightenGAN.png, id=304, 124.96687pt x 84.315pt>
File: LOL-test_dataset/EnlightenGAN.png Graphic file (type png)
<use LOL-test_dataset/EnlightenGAN.png>
Package pdftex.def Info: LOL-test_dataset/EnlightenGAN.png  used on input line 
500.
(pdftex.def)             Requested size: 84.55246pt x 57.0491pt.
<LOL-test_dataset/DRBN.png, id=305, 124.96687pt x 82.80937pt>
File: LOL-test_dataset/DRBN.png Graphic file (type png)
<use LOL-test_dataset/DRBN.png>
Package pdftex.def Info: LOL-test_dataset/DRBN.png  used on input line 506.
(pdftex.def)             Requested size: 84.55246pt x 56.03036pt.
<LOL-test_dataset/ExCNet.png, id=306, 124.21407pt x 82.80937pt>
File: LOL-test_dataset/ExCNet.png Graphic file (type png)
<use LOL-test_dataset/ExCNet.png>
Package pdftex.def Info: LOL-test_dataset/ExCNet.png  used on input line 512.
(pdftex.def)             Requested size: 84.55246pt x 56.369pt.
<LOL-test_dataset/Zero-DCE.png, id=307, 124.96687pt x 82.80937pt>
File: LOL-test_dataset/Zero-DCE.png Graphic file (type png)
<use LOL-test_dataset/Zero-DCE.png>
Package pdftex.def Info: LOL-test_dataset/Zero-DCE.png  used on input line 518.

(pdftex.def)             Requested size: 84.55246pt x 56.03036pt.
<LOL-test_dataset/RRDNet.png, id=308, 124.96687pt x 82.80937pt>
File: LOL-test_dataset/RRDNet.png Graphic file (type png)
<use LOL-test_dataset/RRDNet.png>
Package pdftex.def Info: LOL-test_dataset/RRDNet.png  used on input line 524.
(pdftex.def)             Requested size: 84.55246pt x 56.03036pt.
<LOL-test_dataset/GT.png, id=309, 124.21407pt x 82.80937pt>
File: LOL-test_dataset/GT.png Graphic file (type png)
<use LOL-test_dataset/GT.png>
Package pdftex.def Info: LOL-test_dataset/GT.png  used on input line 530.
(pdftex.def)             Requested size: 84.55246pt x 56.369pt.
<MIT-Adobe_FiveK/input.png, id=310, 123.46124pt x 82.80937pt>
File: MIT-Adobe_FiveK/input.png Graphic file (type png)
<use MIT-Adobe_FiveK/input.png>
Package pdftex.def Info: MIT-Adobe_FiveK/input.png  used on input line 546.
(pdftex.def)             Requested size: 84.55246pt x 56.71523pt.
<MIT-Adobe_FiveK/LLNet.png, id=311, 122.70844pt x 82.05656pt>
File: MIT-Adobe_FiveK/LLNet.png Graphic file (type png)
<use MIT-Adobe_FiveK/LLNet.png>
Package pdftex.def Info: MIT-Adobe_FiveK/LLNet.png  used on input line 552.
(pdftex.def)             Requested size: 84.55246pt x 56.5427pt.
<MIT-Adobe_FiveK/LightenNet.png, id=312, 123.46124pt x 82.05656pt>
File: MIT-Adobe_FiveK/LightenNet.png Graphic file (type png)
<use MIT-Adobe_FiveK/LightenNet.png>
Package pdftex.def Info: MIT-Adobe_FiveK/LightenNet.png  used on input line 558
.
(pdftex.def)             Requested size: 84.55246pt x 56.19963pt.
<MIT-Adobe_FiveK/Retinex-Net.png, id=313, 122.70844pt x 82.05656pt>
File: MIT-Adobe_FiveK/Retinex-Net.png Graphic file (type png)
<use MIT-Adobe_FiveK/Retinex-Net.png>
Package pdftex.def Info: MIT-Adobe_FiveK/Retinex-Net.png  used on input line 56
4.
(pdftex.def)             Requested size: 84.55246pt x 56.5427pt.
<MIT-Adobe_FiveK/MBLLEN.png, id=314, 122.70844pt x 82.05656pt>
File: MIT-Adobe_FiveK/MBLLEN.png Graphic file (type png)
<use MIT-Adobe_FiveK/MBLLEN.png>
Package pdftex.def Info: MIT-Adobe_FiveK/MBLLEN.png  used on input line 570.
(pdftex.def)             Requested size: 84.55246pt x 56.5427pt.
<MIT-Adobe_FiveK/KinD.png, id=315, 122.70844pt x 82.05656pt>
File: MIT-Adobe_FiveK/KinD.png Graphic file (type png)
<use MIT-Adobe_FiveK/KinD.png>
Package pdftex.def Info: MIT-Adobe_FiveK/KinD.png  used on input line 576.
(pdftex.def)             Requested size: 84.55246pt x 56.5427pt.
<MIT-Adobe_FiveK/KinD++.png, id=316, 122.70844pt x 82.05656pt>
File: MIT-Adobe_FiveK/KinD++.png Graphic file (type png)
<use MIT-Adobe_FiveK/KinD++.png>
Package pdftex.def Info: MIT-Adobe_FiveK/KinD++.png  used on input line 582.
(pdftex.def)             Requested size: 84.55246pt x 56.5427pt.
<MIT-Adobe_FiveK/TBEFN.png, id=317, 123.46124pt x 82.05656pt>
File: MIT-Adobe_FiveK/TBEFN.png Graphic file (type png)
<use MIT-Adobe_FiveK/TBEFN.png>
Package pdftex.def Info: MIT-Adobe_FiveK/TBEFN.png  used on input line 588.
(pdftex.def)             Requested size: 84.55246pt x 56.19963pt.
<MIT-Adobe_FiveK/DSLR.png, id=318, 122.70844pt x 82.05656pt>
File: MIT-Adobe_FiveK/DSLR.png Graphic file (type png)
<use MIT-Adobe_FiveK/DSLR.png>
Package pdftex.def Info: MIT-Adobe_FiveK/DSLR.png  used on input line 594.
(pdftex.def)             Requested size: 84.55246pt x 56.5427pt.
<MIT-Adobe_FiveK/EnlightenGAN.png, id=319, 122.70844pt x 82.05656pt>
File: MIT-Adobe_FiveK/EnlightenGAN.png Graphic file (type png)
<use MIT-Adobe_FiveK/EnlightenGAN.png>
Package pdftex.def Info: MIT-Adobe_FiveK/EnlightenGAN.png  used on input line 6
00.
(pdftex.def)             Requested size: 84.55246pt x 56.5427pt.
<MIT-Adobe_FiveK/DRBN.png, id=320, 123.46124pt x 82.80937pt>
File: MIT-Adobe_FiveK/DRBN.png Graphic file (type png)
<use MIT-Adobe_FiveK/DRBN.png>
Package pdftex.def Info: MIT-Adobe_FiveK/DRBN.png  used on input line 606.
(pdftex.def)             Requested size: 84.55246pt x 56.71523pt.
<MIT-Adobe_FiveK/ExCNet.png, id=321, 122.70844pt x 82.80937pt>
File: MIT-Adobe_FiveK/ExCNet.png Graphic file (type png)
<use MIT-Adobe_FiveK/ExCNet.png>
Package pdftex.def Info: MIT-Adobe_FiveK/ExCNet.png  used on input line 612.
(pdftex.def)             Requested size: 84.55246pt x 57.06143pt.
<MIT-Adobe_FiveK/Zero-DCE.png, id=322, 123.46124pt x 82.80937pt>
File: MIT-Adobe_FiveK/Zero-DCE.png Graphic file (type png)
<use MIT-Adobe_FiveK/Zero-DCE.png>
Package pdftex.def Info: MIT-Adobe_FiveK/Zero-DCE.png  used on input line 618.
(pdftex.def)             Requested size: 84.55246pt x 56.71523pt.
<MIT-Adobe_FiveK/RRDNet.png, id=323, 122.70844pt x 82.80937pt>
File: MIT-Adobe_FiveK/RRDNet.png Graphic file (type png)
<use MIT-Adobe_FiveK/RRDNet.png>
Package pdftex.def Info: MIT-Adobe_FiveK/RRDNet.png  used on input line 624.
(pdftex.def)             Requested size: 84.55246pt x 57.06143pt.
<MIT-Adobe_FiveK/GT.png, id=324, 122.70844pt x 82.80937pt>
File: MIT-Adobe_FiveK/GT.png Graphic file (type png)
<use MIT-Adobe_FiveK/GT.png>
Package pdftex.def Info: MIT-Adobe_FiveK/GT.png  used on input line 630.
(pdftex.def)             Requested size: 84.55246pt x 57.06143pt.
[6]
<LoLi-Phone-imgT/input.png, id=337, 152.82094pt x 271.76532pt>
File: LoLi-Phone-imgT/input.png Graphic file (type png)
<use LoLi-Phone-imgT/input.png>
Package pdftex.def Info: LoLi-Phone-imgT/input.png  used on input line 664.
(pdftex.def)             Requested size: 60.13144pt x 106.92937pt.
<LoLi-Phone-imgT/LLNet.png, id=338, 153.57375pt x 271.76532pt>
File: LoLi-Phone-imgT/LLNet.png Graphic file (type png)
<use LoLi-Phone-imgT/LLNet.png>
Package pdftex.def Info: LoLi-Phone-imgT/LLNet.png  used on input line 670.
(pdftex.def)             Requested size: 60.13144pt x 106.41101pt.
<LoLi-Phone-imgT/LightenNet.png, id=339, 152.82094pt x 271.76532pt>
File: LoLi-Phone-imgT/LightenNet.png Graphic file (type png)
<use LoLi-Phone-imgT/LightenNet.png>
Package pdftex.def Info: LoLi-Phone-imgT/LightenNet.png  used on input line 676
.
(pdftex.def)             Requested size: 60.13144pt x 106.92937pt.
<LoLi-Phone-imgT/Retinex-Net.png, id=340, 152.82094pt x 271.76532pt>
File: LoLi-Phone-imgT/Retinex-Net.png Graphic file (type png)
<use LoLi-Phone-imgT/Retinex-Net.png>
Package pdftex.def Info: LoLi-Phone-imgT/Retinex-Net.png  used on input line 68
2.
(pdftex.def)             Requested size: 60.13144pt x 106.92937pt.
<LoLi-Phone-imgT/MBLLEN.png, id=341, 152.82094pt x 271.76532pt>
File: LoLi-Phone-imgT/MBLLEN.png Graphic file (type png)
<use LoLi-Phone-imgT/MBLLEN.png>
Package pdftex.def Info: LoLi-Phone-imgT/MBLLEN.png  used on input line 688.
(pdftex.def)             Requested size: 60.13144pt x 106.92937pt.
<LoLi-Phone-imgT/KinD.png, id=342, 152.82094pt x 271.76532pt>
File: LoLi-Phone-imgT/KinD.png Graphic file (type png)
<use LoLi-Phone-imgT/KinD.png>
Package pdftex.def Info: LoLi-Phone-imgT/KinD.png  used on input line 694.
(pdftex.def)             Requested size: 60.13144pt x 106.92937pt.
<LoLi-Phone-imgT/KinD++.png, id=343, 152.82094pt x 271.76532pt>
File: LoLi-Phone-imgT/KinD++.png Graphic file (type png)
<use LoLi-Phone-imgT/KinD++.png>
Package pdftex.def Info: LoLi-Phone-imgT/KinD++.png  used on input line 700.
(pdftex.def)             Requested size: 60.13144pt x 106.92937pt.
<LoLi-Phone-imgT/TBEFN.png, id=344, 152.82094pt x 271.0125pt>
File: LoLi-Phone-imgT/TBEFN.png Graphic file (type png)
<use LoLi-Phone-imgT/TBEFN.png>
Package pdftex.def Info: LoLi-Phone-imgT/TBEFN.png  used on input line 706.
(pdftex.def)             Requested size: 60.13144pt x 106.63315pt.
<LoLi-Phone-imgT/DSLR.png, id=345, 153.57375pt x 271.0125pt>
File: LoLi-Phone-imgT/DSLR.png Graphic file (type png)
<use LoLi-Phone-imgT/DSLR.png>
Package pdftex.def Info: LoLi-Phone-imgT/DSLR.png  used on input line 712.
(pdftex.def)             Requested size: 60.13144pt x 106.11624pt.
<LoLi-Phone-imgT/EnlightenGAN.png, id=346, 152.82094pt x 271.0125pt>
File: LoLi-Phone-imgT/EnlightenGAN.png Graphic file (type png)
<use LoLi-Phone-imgT/EnlightenGAN.png>
Package pdftex.def Info: LoLi-Phone-imgT/EnlightenGAN.png  used on input line 7
18.
(pdftex.def)             Requested size: 60.13144pt x 106.63315pt.
<LoLi-Phone-imgT/DRBN.png, id=347, 152.82094pt x 271.0125pt>
File: LoLi-Phone-imgT/DRBN.png Graphic file (type png)
<use LoLi-Phone-imgT/DRBN.png>
Package pdftex.def Info: LoLi-Phone-imgT/DRBN.png  used on input line 724.
(pdftex.def)             Requested size: 60.13144pt x 106.63315pt.
<LoLi-Phone-imgT/ExCNet.png, id=348, 152.82094pt x 271.0125pt>
File: LoLi-Phone-imgT/ExCNet.png Graphic file (type png)
<use LoLi-Phone-imgT/ExCNet.png>
Package pdftex.def Info: LoLi-Phone-imgT/ExCNet.png  used on input line 730.
(pdftex.def)             Requested size: 60.13144pt x 106.63315pt.
<LoLi-Phone-imgT/Zero-DCE.png, id=349, 152.82094pt x 271.0125pt>
File: LoLi-Phone-imgT/Zero-DCE.png Graphic file (type png)
<use LoLi-Phone-imgT/Zero-DCE.png>
Package pdftex.def Info: LoLi-Phone-imgT/Zero-DCE.png  used on input line 736.
(pdftex.def)             Requested size: 60.13144pt x 106.63315pt.
<LoLi-Phone-imgT/RRDNet.png, id=350, 152.82094pt x 271.0125pt>
File: LoLi-Phone-imgT/RRDNet.png Graphic file (type png)
<use LoLi-Phone-imgT/RRDNet.png>
Package pdftex.def Info: LoLi-Phone-imgT/RRDNet.png  used on input line 742.
(pdftex.def)             Requested size: 60.13144pt x 106.63315pt.
<LoLi-Phone-imgT_1/input.png, id=351, 152.82094pt x 271.76532pt>
File: LoLi-Phone-imgT_1/input.png Graphic file (type png)
<use LoLi-Phone-imgT_1/input.png>
Package pdftex.def Info: LoLi-Phone-imgT_1/input.png  used on input line 759.
(pdftex.def)             Requested size: 60.13144pt x 106.92937pt.
<LoLi-Phone-imgT_1/LLNet.png, id=352, 153.57375pt x 271.76532pt>
File: LoLi-Phone-imgT_1/LLNet.png Graphic file (type png)
<use LoLi-Phone-imgT_1/LLNet.png>
Package pdftex.def Info: LoLi-Phone-imgT_1/LLNet.png  used on input line 765.
(pdftex.def)             Requested size: 60.13144pt x 106.41101pt.
<LoLi-Phone-imgT_1/LightenNet.png, id=353, 152.82094pt x 271.76532pt>
File: LoLi-Phone-imgT_1/LightenNet.png Graphic file (type png)
<use LoLi-Phone-imgT_1/LightenNet.png>
Package pdftex.def Info: LoLi-Phone-imgT_1/LightenNet.png  used on input line 7
71.
(pdftex.def)             Requested size: 60.13144pt x 106.92937pt.
<LoLi-Phone-imgT_1/Retinex-Net.png, id=354, 152.82094pt x 271.76532pt>
File: LoLi-Phone-imgT_1/Retinex-Net.png Graphic file (type png)
<use LoLi-Phone-imgT_1/Retinex-Net.png>
Package pdftex.def Info: LoLi-Phone-imgT_1/Retinex-Net.png  used on input line 
777.
(pdftex.def)             Requested size: 60.13144pt x 106.92937pt.
<LoLi-Phone-imgT_1/MBLLEN.png, id=355, 152.82094pt x 271.76532pt>
File: LoLi-Phone-imgT_1/MBLLEN.png Graphic file (type png)
<use LoLi-Phone-imgT_1/MBLLEN.png>
Package pdftex.def Info: LoLi-Phone-imgT_1/MBLLEN.png  used on input line 783.
(pdftex.def)             Requested size: 60.13144pt x 106.92937pt.
<LoLi-Phone-imgT_1/KinD.png, id=356, 152.82094pt x 271.76532pt>
File: LoLi-Phone-imgT_1/KinD.png Graphic file (type png)
<use LoLi-Phone-imgT_1/KinD.png>
Package pdftex.def Info: LoLi-Phone-imgT_1/KinD.png  used on input line 789.
(pdftex.def)             Requested size: 60.13144pt x 106.92937pt.
<LoLi-Phone-imgT_1/KinD++.png, id=357, 152.82094pt x 271.76532pt>
File: LoLi-Phone-imgT_1/KinD++.png Graphic file (type png)
<use LoLi-Phone-imgT_1/KinD++.png>
Package pdftex.def Info: LoLi-Phone-imgT_1/KinD++.png  used on input line 795.
(pdftex.def)             Requested size: 60.13144pt x 106.92937pt.
<LoLi-Phone-imgT_1/TBEFN.png, id=358, 152.82094pt x 271.0125pt>
File: LoLi-Phone-imgT_1/TBEFN.png Graphic file (type png)
<use LoLi-Phone-imgT_1/TBEFN.png>
Package pdftex.def Info: LoLi-Phone-imgT_1/TBEFN.png  used on input line 801.
(pdftex.def)             Requested size: 60.13144pt x 106.63315pt.
<LoLi-Phone-imgT_1/DSLR.png, id=359, 151.3153pt x 271.0125pt>
File: LoLi-Phone-imgT_1/DSLR.png Graphic file (type png)
<use LoLi-Phone-imgT_1/DSLR.png>
Package pdftex.def Info: LoLi-Phone-imgT_1/DSLR.png  used on input line 807.
(pdftex.def)             Requested size: 60.13144pt x 107.69592pt.
<LoLi-Phone-imgT_1/EnlightenGAN.png, id=360, 152.82094pt x 271.0125pt>
File: LoLi-Phone-imgT_1/EnlightenGAN.png Graphic file (type png)
<use LoLi-Phone-imgT_1/EnlightenGAN.png>
Package pdftex.def Info: LoLi-Phone-imgT_1/EnlightenGAN.png  used on input line
 813.
(pdftex.def)             Requested size: 60.13144pt x 106.63315pt.
<LoLi-Phone-imgT_1/DRBN.png, id=361, 152.82094pt x 271.0125pt>
File: LoLi-Phone-imgT_1/DRBN.png Graphic file (type png)
<use LoLi-Phone-imgT_1/DRBN.png>
Package pdftex.def Info: LoLi-Phone-imgT_1/DRBN.png  used on input line 819.
(pdftex.def)             Requested size: 60.13144pt x 106.63315pt.
<LoLi-Phone-imgT_1/ExCNet.png, id=362, 152.82094pt x 271.0125pt>
File: LoLi-Phone-imgT_1/ExCNet.png Graphic file (type png)
<use LoLi-Phone-imgT_1/ExCNet.png>
Package pdftex.def Info: LoLi-Phone-imgT_1/ExCNet.png  used on input line 825.
(pdftex.def)             Requested size: 60.13144pt x 106.63315pt.
<LoLi-Phone-imgT_1/Zero-DCE.png, id=363, 152.82094pt x 271.0125pt>
File: LoLi-Phone-imgT_1/Zero-DCE.png Graphic file (type png)
<use LoLi-Phone-imgT_1/Zero-DCE.png>
Package pdftex.def Info: LoLi-Phone-imgT_1/Zero-DCE.png  used on input line 831
.
(pdftex.def)             Requested size: 60.13144pt x 106.63315pt.
<LoLi-Phone-imgT_1/RRDNet.png, id=364, 152.82094pt x 271.0125pt>
File: LoLi-Phone-imgT_1/RRDNet.png Graphic file (type png)
<use LoLi-Phone-imgT_1/RRDNet.png>
Package pdftex.def Info: LoLi-Phone-imgT_1/RRDNet.png  used on input line 837.
(pdftex.def)             Requested size: 60.13144pt x 106.63315pt.
 [7 <./Sample_Loli.png (PNG copy)>] [8 <./LOL-test_dataset/input.png (PNG copy)
> <./LOL-test_dataset/LLNet.png (PNG copy)> <./LOL-test_dataset/LightenNet.png 
(PNG copy)> <./LOL-test_dataset/Retinex-Net.png (PNG copy)> <./LOL-test_dataset
/MBLLEN.png (PNG copy)> <./LOL-test_dataset/KinD.png (PNG copy)> <./LOL-test_da
taset/KinD++.png (PNG copy)> <./LOL-test_dataset/TBEFN.png (PNG copy)> <./LOL-t
est_dataset/DSLR.png (PNG copy)> <./LOL-test_dataset/EnlightenGAN.png (PNG copy
)> <./LOL-test_dataset/DRBN.png (PNG copy)> <./LOL-test_dataset/ExCNet.png (PNG
 copy)> <./LOL-test_dataset/Zero-DCE.png (PNG copy)> <./LOL-test_dataset/RRDNet
.png (PNG copy)> <./LOL-test_dataset/GT.png (PNG copy)> <./MIT-Adobe_FiveK/inpu
t.png (PNG copy)> <./MIT-Adobe_FiveK/LLNet.png (PNG copy)> <./MIT-Adobe_FiveK/L
ightenNet.png (PNG copy)> <./MIT-Adobe_FiveK/Retinex-Net.png (PNG copy)> <./MIT
-Adobe_FiveK/MBLLEN.png (PNG copy)> <./MIT-Adobe_FiveK/KinD.png (PNG copy)> <./
MIT-Adobe_FiveK/KinD++.png (PNG copy)> <./MIT-Adobe_FiveK/TBEFN.png (PNG copy)>
 <./MIT-Adobe_FiveK/DSLR.png (PNG copy)> <./MIT-Adobe_FiveK/EnlightenGAN.png (P
NG copy)> <./MIT-Adobe_FiveK/DRBN.png (PNG copy)> <./MIT-Adobe_FiveK/ExCNet.png
 (PNG copy)> <./MIT-Adobe_FiveK/Zero-DCE.png (PNG copy)> <./MIT-Adobe_FiveK/RRD
Net.png (PNG copy)> <./MIT-Adobe_FiveK/GT.png (PNG copy)>] [9 <./LoLi-Phone-img
T/input.png (PNG copy)> <./LoLi-Phone-imgT/LLNet.png (PNG copy)> <./LoLi-Phone-
imgT/LightenNet.png (PNG copy)> <./LoLi-Phone-imgT/Retinex-Net.png (PNG copy)> 
<./LoLi-Phone-imgT/MBLLEN.png (PNG copy)> <./LoLi-Phone-imgT/KinD.png (PNG copy
)> <./LoLi-Phone-imgT/KinD++.png (PNG copy)> <./LoLi-Phone-imgT/TBEFN.png (PNG 
copy)> <./LoLi-Phone-imgT/DSLR.png (PNG copy)> <./LoLi-Phone-imgT/EnlightenGAN.
png (PNG copy)> <./LoLi-Phone-imgT/DRBN.png (PNG copy)> <./LoLi-Phone-imgT/ExCN
et.png (PNG copy)> <./LoLi-Phone-imgT/Zero-DCE.png (PNG copy)> <./LoLi-Phone-im
gT/RRDNet.png (PNG copy)> <./LoLi-Phone-imgT_1/input.png (PNG copy)> <./LoLi-Ph
one-imgT_1/LLNet.png (PNG copy)> <./LoLi-Phone-imgT_1/LightenNet.png (PNG copy)
> <./LoLi-Phone-imgT_1/Retinex-Net.png (PNG copy)> <./LoLi-Phone-imgT_1/MBLLEN.
png (PNG copy)> <./LoLi-Phone-imgT_1/KinD.png (PNG copy)> <./LoLi-Phone-imgT_1/
KinD++.png (PNG copy)> <./LoLi-Phone-imgT_1/TBEFN.png (PNG copy)> <./LoLi-Phone
-imgT_1/DSLR.png (PNG copy)> <./LoLi-Phone-imgT_1/EnlightenGAN.png (PNG copy)> 
<./LoLi-Phone-imgT_1/DRBN.png (PNG copy)> <./LoLi-Phone-imgT_1/ExCNet.png (PNG 
copy)> <./LoLi-Phone-imgT_1/Zero-DCE.png (PNG copy)> <./LoLi-Phone-imgT_1/RRDNe
t.png (PNG copy)>] [10{d:/Soft/texlive/2023/texmf-dist/fonts/enc/dvips/cm-super
/cm-super-ts1.enc}]
<P-R_curves.png, id=397, 754.31813pt x 425.33907pt>
File: P-R_curves.png Graphic file (type png)
<use P-R_curves.png>
Package pdftex.def Info: P-R_curves.png  used on input line 1062.
(pdftex.def)             Requested size: 375.80544pt x 211.90317pt.
<DARK_FACE/input.png, id=398, 212.29312pt x 141.52875pt>
File: DARK_FACE/input.png Graphic file (type png)
<use DARK_FACE/input.png>
Package pdftex.def Info: DARK_FACE/input.png  used on input line 1076.
(pdftex.def)             Requested size: 103.34666pt x 68.89833pt.
<DARK_FACE/LightenNet.png, id=399, 212.29312pt x 141.52875pt>
File: DARK_FACE/LightenNet.png Graphic file (type png)
<use DARK_FACE/LightenNet.png>
Package pdftex.def Info: DARK_FACE/LightenNet.png  used on input line 1082.
(pdftex.def)             Requested size: 103.34666pt x 68.89833pt.
<DARK_FACE/Retinex-Net.png, id=400, 211.54031pt x 141.52875pt>
File: DARK_FACE/Retinex-Net.png Graphic file (type png)
<use DARK_FACE/Retinex-Net.png>
Package pdftex.def Info: DARK_FACE/Retinex-Net.png  used on input line 1088.
(pdftex.def)             Requested size: 103.34666pt x 69.14236pt.
<DARK_FACE/MBLLEN.png, id=401, 211.54031pt x 141.52875pt>
File: DARK_FACE/MBLLEN.png Graphic file (type png)
<use DARK_FACE/MBLLEN.png>
Package pdftex.def Info: DARK_FACE/MBLLEN.png  used on input line 1094.
(pdftex.def)             Requested size: 103.34666pt x 69.14236pt.
<DARK_FACE/KinD++.png, id=402, 212.29312pt x 142.28156pt>
File: DARK_FACE/KinD++.png Graphic file (type png)
<use DARK_FACE/KinD++.png>
Package pdftex.def Info: DARK_FACE/KinD++.png  used on input line 1100.
(pdftex.def)             Requested size: 103.34666pt x 69.26482pt.
<DARK_FACE/TBEFN.png, id=403, 212.29312pt x 142.28156pt>
File: DARK_FACE/TBEFN.png Graphic file (type png)
<use DARK_FACE/TBEFN.png>
Package pdftex.def Info: DARK_FACE/TBEFN.png  used on input line 1106.
(pdftex.def)             Requested size: 103.34666pt x 69.26482pt.
<DARK_FACE/DSLR.png, id=404, 211.54031pt x 142.28156pt>
File: DARK_FACE/DSLR.png Graphic file (type png)
<use DARK_FACE/DSLR.png>
Package pdftex.def Info: DARK_FACE/DSLR.png  used on input line 1112.
(pdftex.def)             Requested size: 103.34666pt x 69.51015pt.
<DARK_FACE/EnlightenGAN.png, id=405, 211.54031pt x 142.28156pt>
File: DARK_FACE/EnlightenGAN.png Graphic file (type png)
<use DARK_FACE/EnlightenGAN.png>
Package pdftex.def Info: DARK_FACE/EnlightenGAN.png  used on input line 1118.
(pdftex.def)             Requested size: 103.34666pt x 69.51015pt.
<DARK_FACE/DRBN.png, id=406, 212.29312pt x 140.77594pt>
File: DARK_FACE/DRBN.png Graphic file (type png)
<use DARK_FACE/DRBN.png>
Package pdftex.def Info: DARK_FACE/DRBN.png  used on input line 1124.
(pdftex.def)             Requested size: 103.34666pt x 68.53185pt.
<DARK_FACE/ExCNet.png, id=407, 212.29312pt x 140.77594pt>
File: DARK_FACE/ExCNet.png Graphic file (type png)
<use DARK_FACE/ExCNet.png>
Package pdftex.def Info: DARK_FACE/ExCNet.png  used on input line 1130.
(pdftex.def)             Requested size: 103.34666pt x 68.53185pt.
<DARK_FACE/Zero-DCE.png, id=408, 211.54031pt x 140.77594pt>
File: DARK_FACE/Zero-DCE.png Graphic file (type png)
<use DARK_FACE/Zero-DCE.png>
Package pdftex.def Info: DARK_FACE/Zero-DCE.png  used on input line 1136.
(pdftex.def)             Requested size: 103.34666pt x 68.77458pt.
<DARK_FACE/RRDNet.png, id=409, 211.54031pt x 140.77594pt>
File: DARK_FACE/RRDNet.png Graphic file (type png)
<use DARK_FACE/RRDNet.png>
Package pdftex.def Info: DARK_FACE/RRDNet.png  used on input line 1142.
(pdftex.def)             Requested size: 103.34666pt x 68.77458pt.
 [11]
Overfull \hbox (26.58482pt too wide) in paragraph at lines 1184--1185
[] [] \OT1/cmr/bx/n/12 Spe-cial-ized Net-work Struc-tures[] \C70/rm/m/n/12/7f Q
 \C70/zhsong/bx/n/12/7e Ü Ó \C70/rm/m/n/12/67 „ \C70/rm/m/n/12/53 ï \C70/zhsong
/bx/n/12/4e å \C70/rm/m/n/12/5f ˆ \C70/rm/m/n/12/59 ' \C70/rm/m/n/12/7a  \C70/
rm/m/n/12/5e ¦ \C70/rm/m/n/12/5f q \C70/rm/m/n/12/54 Í \C70/rm/m/n/12/58 ž \C70
/rm/m/n/12/5f : \C70/rm/m/n/12/60 ' \C70/zhsong/bx/n/12/80 ý|\C70/rm/m/n/12/ff 
^^L| \C70/zhsong/bx/n/12/4e K \C70/rm/m/n/12/52 M \C70/rm/m/n/12/76 „\OT1/cmr/m
/n/12 LLIE\C70/rm/m/n/12/65 ¹
 []


Overfull \hbox (18.81886pt too wide) in paragraph at lines 1188--1189
[] [] \OT1/cmr/bx/n/12 Loss Func-tion[] \C70/rm/m/n/12/63 _ \C70/rm/m/n/12/59 1
 \C70/rm/m/n/12/51 ý \C70/rm/m/n/12/65 p \C70/zhsong/bx/n/12/7e ¦ \C70/rm/m/n/1
2/67 _ \C70/zhsong/bx/n/12/4e † \C70/rm/m/n/12/8f “ \C70/rm/m/n/12/51 e \C70/zh
song/bx/n/12/4e ^^N\OT1/cmr/m/n/12 GT\C70/zhsong/bx/n/12/4e K \C70/rm/m/n/12/95
 ô \C70/rm/m/n/12/76 „ ø \C70/rm/m/n/12/51 s \C70/rm/m/n/12/60 ' \C70/rm/m/n/12
/5e v \C70/rm/m/n/12/9a q \C70/rm/m/n/12/52 ¨ \C70/rm/m/n/12/7f Q \C70/zhsong/b
x/n/12/7e Ü \C70/rm/m/n/12/76 „ \C70/rm/m/n/12/4f ^^X \C70/rm/m/n/12/53 ^^V|\C7
0/rm/m/n/12/30 ^^B| \C70/rm/m/n/12/57 (\OT1/cmr/m/n/12 LLIE\C70/zhsong/bx/n/12/
4e -|\C70/rm/m/n/12/ff ^^L|
 []

[12 <./P-R_curves.png (PNG copy)>] [13 <./DARK_FACE/input.png (PNG copy)> <./DA
RK_FACE/LightenNet.png (PNG copy)> <./DARK_FACE/Retinex-Net.png (PNG copy)> <./
DARK_FACE/MBLLEN.png (PNG copy)> <./DARK_FACE/KinD++.png (PNG copy)> <./DARK_FA
CE/TBEFN.png (PNG copy)> <./DARK_FACE/DSLR.png (PNG copy)> <./DARK_FACE/Enlight
enGAN.png (PNG copy)> <./DARK_FACE/DRBN.png (PNG copy)> <./DARK_FACE/ExCNet.png
 (PNG copy)> <./DARK_FACE/Zero-DCE.png (PNG copy)> <./DARK_FACE/RRDNet.png (PNG
 copy)>]
Overfull \hbox (6.05798pt too wide) in paragraph at lines 1371--1372
\C70/rm/m/n/12/7d "\OT1/cmr/m/n/12 (NAS)\C70/rm/m/n/12/62 € \C70/rm/m/n/12/67 /
 \OT1/cmr/m/n/12 [[][]15[][]], [[][]16[][]]\C70/rm/m/n/12/67 e \C70/rm/m/n/12/8
3 · \C70/rm/m/n/12/5f — \C70/zhsong/bx/n/12/66 ô \C70/rm/m/n/12/67 	 \C70/rm/m/
n/12/65 H \C70/rm/m/n/12/54 Œ \C70/rm/m/n/12/9a Ø \C70/rm/m/n/12/65 H \C70/zhso
ng/bx/n/12/76 „\OT1/cmr/m/n/12 LLIE\C70/rm/m/n/12/7f Q \C70/zhsong/bx/n/12/7e Ü
 Ó \C70/rm/m/n/12/67 „|\C70/rm/m/n/12/30 ^^B| \C70/rm/m/n/12/5c ^^F\OT1/cmr/m/n
/12 Transformer\C70/zhsong/bx/n/12/7e Ó \C70/rm/m/n/12/67 „ \OT1/cmr/m/n/12 [[]
[]17[][]], [[][]18[][]]\C70/rm/m/n/12/90 ^^B
 []

[14] [15]
Overfull \hbox (4.36758pt too wide) in paragraph at lines 1489--1489
 [] 
 []

[16] [17] (./main.bbl [18] [19]) [20] (./main.aux)
Package rerunfilecheck Info: File `main.out' has not changed.
(rerunfilecheck)             Checksum: AE4560341845A28775EFA2A09B872887;1273.
 ) 
Here is how much of TeX's memory you used:
 19344 strings out of 476025
 336164 string characters out of 5791521
 1962382 words of memory out of 5000000
 39036 multiletter control sequences out of 15000+600000
 574055 words of font info for 259 fonts, out of 8000000 for 9000
 1141 hyphenation exceptions out of 8191
 78i,31n,80p,1036b,586s stack positions out of 10000i,1000n,20000p,200000b,200000s
<c:/Windows/Fonts/simhei.ttf><c:/Windows/Fonts/simhei.ttf><c:/Windows/Fonts/s
imsun.ttc><c:/Windows/Fonts/simhei.ttf><c:/Windows/Fonts/simhei.ttf><c:/Windows
/Fonts/simhei.ttf><c:/Windows/Fonts/simhei.ttf><c:/Windows/Fonts/simhei.ttf><c:
/Windows/Fonts/simsun.ttc

pdfTeX warning: pdflatex.exe (file c:/Windows/Fonts/simsun.ttc): subfont unison
g22: wrong mapping: character 18 --> 0x2212 --> .notdef
><c:/Windows/Fonts/simsun.ttc><c:/Windows/Fonts/simhei.ttf><c:/Windows/Fonts/si
mhei.ttf><c:/Windows/Fonts/simhei.ttf><c:/Windows/Fonts/simhei.ttf><c:/Windows/
Fonts/simhei.ttf><c:/Windows/Fonts/simhei.ttf><c:/Windows/Fonts/simhei.ttf><c:/
Windows/Fonts/simsun.ttc><c:/Windows/Fonts/simsun.ttc><c:/Windows/Fonts/simsun.
ttc><c:/Windows/Fonts/simsun.ttc><c:/Windows/Fonts/simsun.ttc><c:/Windows/Fonts
/simsun.ttc><c:/Windows/Fonts/simhei.ttf><c:/Windows/Fonts/simhei.ttf><c:/Windo
ws/Fonts/simhei.ttf><c:/Windows/Fonts/simhei.ttf><c:/Windows/Fonts/simhei.ttf><
c:/Windows/Fonts/simhei.ttf><c:/Windows/Fonts/simhei.ttf><c:/Windows/Fonts/simh
ei.ttf><c:/Windows/Fonts/simhei.ttf><c:/Windows/Fonts/simhei.ttf><c:/Windows/Fo
nts/simhei.ttf><c:/Windows/Fonts/simsun.ttc><c:/Windows/Fonts/simsun.ttc><c:/Wi
ndows/Fonts/simsun.ttc><c:/Windows/Fonts/simsun.ttc><c:/Windows/Fonts/simsun.tt
c><c:/Windows/Fonts/simsun.ttc><c:/Windows/Fonts/simsun.ttc><c:/Windows/Fonts/s
imsun.ttc><c:/Windows/Fonts/simsun.ttc><c:/Windows/Fonts/simsun.ttc><c:/Windows
/Fonts/simsun.ttc><c:/Windows/Fonts/simsun.ttc><c:/Windows/Fonts/simsun.ttc><c:
/Windows/Fonts/simsun.ttc><c:/Windows/Fonts/simsun.ttc><c:/Windows/Fonts/simsun
.ttc><c:/Windows/Fonts/simsun.ttc><c:/Windows/Fonts/simsun.ttc><c:/Windows/Font
s/simsun.ttc><c:/Windows/Fonts/simsun.ttc><c:/Windows/Fonts/simsun.ttc><c:/Wind
ows/Fonts/simsun.ttc><c:/Windows/Fonts/simsun.ttc><c:/Windows/Fonts/simsun.ttc>
<c:/Windows/Fonts/simsun.ttc><c:/Windows/Fonts/simsun.ttc><c:/Windows/Fonts/sim
sun.ttc><c:/Windows/Fonts/simsun.ttc><c:/Windows/Fonts/simsun.ttc><c:/Windows/F
onts/simsun.ttc><c:/Windows/Fonts/simsun.ttc><c:/Windows/Fonts/simsun.ttc><c:/W
indows/Fonts/simsun.ttc><c:/Windows/Fonts/simsun.ttc><c:/Windows/Fonts/simsun.t
tc><c:/Windows/Fonts/simsun.ttc><c:/Windows/Fonts/simsun.ttc><c:/Windows/Fonts/
simsun.ttc><c:/Windows/Fonts/simsun.ttc><c:/Windows/Fonts/simsun.ttc><c:/Window
s/Fonts/simsun.ttc><c:/Windows/Fonts/simsun.ttc><c:/Windows/Fonts/simsun.ttc><c
:/Windows/Fonts/simsun.ttc><c:/Windows/Fonts/simsun.ttc><c:/Windows/Fonts/simsu
n.ttc><c:/Windows/Fonts/simsun.ttc><c:/Windows/Fonts/simhei.ttf><c:/Windows/Fon
ts/simhei.ttf><c:/Windows/Fonts/simsun.ttc><c:/Windows/Fonts/simsun.ttc><c:/Win
dows/Fonts/simsun.ttc><c:/Windows/Fonts/simsun.ttc><c:/Windows/Fonts/simsun.ttc
><c:/Windows/Fonts/simsun.ttc><c:/Windows/Fonts/simhei.ttf><c:/Windows/Fonts/si
mhei.ttf><c:/Windows/Fonts/simhei.ttf><c:/Windows/Fonts/simhei.ttf><c:/Windows/
Fonts/simhei.ttf><c:/Windows/Fonts/simsun.ttc><c:/Windows/Fonts/simsun.ttc><c:/
Windows/Fonts/simsun.ttc><c:/Windows/Fonts/simsun.ttc><c:/Windows/Fonts/simsun.
ttc><c:/Windows/Fonts/simsun.ttc><c:/Windows/Fonts/simsun.ttc><c:/Windows/Fonts
/simsun.ttc><c:/Windows/Fonts/simsun.ttc><c:/Windows/Fonts/simsun.ttc><c:/Windo
ws/Fonts/simhei.ttf><c:/Windows/Fonts/simhei.ttf><c:/Windows/Fonts/simhei.ttf><
c:/Windows/Fonts/simhei.ttf><c:/Windows/Fonts/simsun.ttc><c:/Windows/Fonts/sims
un.ttc><c:/Windows/Fonts/simsun.ttc><c:/Windows/Fonts/simsun.ttc><c:/Windows/Fo
nts/simsun.ttc><c:/Windows/Fonts/simsun.ttc><d:/Soft/texlive/2023/texmf-dist/fo
nts/type1/public/amsfonts/cm/cmbx12.pfb><d:/Soft/texlive/2023/texmf-dist/fonts/
type1/public/amsfonts/cm/cmbx6.pfb><d:/Soft/texlive/2023/texmf-dist/fonts/type1
/public/amsfonts/cm/cmmi12.pfb><d:/Soft/texlive/2023/texmf-dist/fonts/type1/pub
lic/amsfonts/cm/cmmi5.pfb><d:/Soft/texlive/2023/texmf-dist/fonts/type1/public/a
msfonts/cm/cmmi6.pfb><d:/Soft/texlive/2023/texmf-dist/fonts/type1/public/amsfon
ts/cm/cmr10.pfb><d:/Soft/texlive/2023/texmf-dist/fonts/type1/public/amsfonts/cm
/cmr12.pfb><d:/Soft/texlive/2023/texmf-dist/fonts/type1/public/amsfonts/cm/cmr5
.pfb><d:/Soft/texlive/2023/texmf-dist/fonts/type1/public/amsfonts/cm/cmr6.pfb><
d:/Soft/texlive/2023/texmf-dist/fonts/type1/public/amsfonts/cm/cmr7.pfb><d:/Sof
t/texlive/2023/texmf-dist/fonts/type1/public/amsfonts/cm/cmr8.pfb><d:/Soft/texl
ive/2023/texmf-dist/fonts/type1/public/amsfonts/cm/cmsy10.pfb><d:/Soft/texlive/
2023/texmf-dist/fonts/type1/public/amsfonts/cm/cmsy6.pfb><d:/Soft/texlive/2023/
texmf-dist/fonts/type1/public/amsfonts/cm/cmsy8.pfb><d:/Soft/texlive/2023/texmf
-dist/fonts/type1/public/amsfonts/cm/cmti12.pfb><d:/Soft/texlive/2023/texmf-dis
t/fonts/type1/public/amsfonts/symbols/msam7.pfb><d:/Soft/texlive/2023/texmf-dis
t/fonts/type1/public/cm-super/sfbx0600.pfb>
Output written on main.pdf (20 pages, 7481494 bytes).
PDF statistics:
 1017 PDF objects out of 1200 (max. 8388607)
 674 compressed objects within 7 object streams
 94 named destinations out of 1000 (max. 500000)
 793 words of extra memory for PDF output out of 10000 (max. 10000000)

