\BOOKMARK [0][-]{part.1}{\376\377\000I\000\040\000P\000r\000e\000-\000K\000n\000o\000w\000l\000e\000d\000g\000e}{}% 1
\BOOKMARK [1][-]{section.1}{\376\377\145\271\124\021\116\000}{part.1}% 2
\BOOKMARK [1][-]{section.2}{\376\377\145\271\124\021\116\214}{part.1}% 3
\BOOKMARK [0][-]{part.2}{\376\377\000I\000I\000\040\000P\000a\000p\000e\000r\000\040\000R\000e\000a\000d\000i\000n\000g}{}% 4
\BOOKMARK [1][-]{section.3}{\376\377\000L\000L\000I\000E}{part.2}% 5
\BOOKMARK [2][-]{subsection.3.1}{\376\377\000\050\0002\0000\0002\0003\000.\0001\000\051\000I\000l\000l\000u\000m\000i\000n\000a\000t\000i\000o\000n\000\040\000e\000s\000t\000i\000m\000a\000t\000i\000o\000n\000\040\000f\000o\000r\000\040\000n\000a\000t\000u\000r\000e\000\040\000p\000r\000e\000s\000e\000r\000v\000i\000n\000g\000\040\000l\000o\000w\000-\000l\000i\000g\000h\000t\000\040\000i\000m\000a\000g\000e\000\040\000e\000n\000h\000a\000n\000c\000e\000m\000e\000n\000t}{section.3}% 6
\BOOKMARK [3][-]{subsubsection.3.1.1}{\376\377\000R\000e\000s\000e\000a\000r\000c\000h\000\040\000B\000a\000c\000k\000g\000r\000o\000u\000n\000d}{subsection.3.1}% 7
\BOOKMARK [3][-]{subsubsection.3.1.2}{\376\377\000C\000o\000n\000t\000r\000i\000b\000u\000t\000i\000o\000n}{subsection.3.1}% 8
\BOOKMARK [3][-]{subsubsection.3.1.3}{\376\377\000A\000p\000p\000r\000o\000a\000c\000h}{subsection.3.1}% 9
\BOOKMARK [3][-]{subsubsection.3.1.4}{\376\377\000F\000u\000t\000u\000r\000e}{subsection.3.1}% 10
\BOOKMARK [2][-]{subsection.3.2}{\376\377\000\050\0002\0000\0002\0003\000.\0007\000\051\000D\000i\000v\000i\000s\000i\000o\000n\000\040\000G\000e\000t\000s\000\040\000B\000e\000t\000t\000e\000r\000:\000\040\000L\000e\000a\000r\000n\000i\000n\000g\000\040\000B\000r\000i\000g\000h\000t\000n\000e\000s\000s\000-\000A\000w\000a\000r\000e\000\040\000a\000n\000d\000\040\000D\000e\000t\000a\000i\000l\000-\000S\000e\000n\000s\000i\000t\000i\000v\000e\000\040\000R\000e\000p\000r\000e\000s\000e\000n\000t\000a\000t\000i\000o\000n\000s\000\040\000f\000o\000r\000\040\000L\000o\000w\000-\000L\000i\000g\000h\000t\000\040\000I\000m\000a\000g\000e\000\040\000E\000n\000h\000a\000n\000c\000e\000m\000e\000n\000t}{section.3}% 11
\BOOKMARK [3][-]{subsubsection.3.2.1}{\376\377\000R\000e\000s\000e\000a\000r\000c\000h\000\040\000B\000a\000c\000k\000g\000r\000o\000u\000n\000d}{subsection.3.2}% 12
\BOOKMARK [3][-]{subsubsection.3.2.2}{\376\377\000C\000o\000n\000t\000r\000i\000b\000u\000t\000i\000o\000n}{subsection.3.2}% 13
\BOOKMARK [3][-]{subsubsection.3.2.3}{\376\377\000A\000p\000p\000r\000o\000a\000c\000h}{subsection.3.2}% 14
\BOOKMARK [3][-]{subsubsection.3.2.4}{\376\377\000F\000u\000t\000u\000r\000e}{subsection.3.2}% 15
\BOOKMARK [2][-]{subsection.3.3}{\376\377\000\050\0002\0000\0002\0003\000.\0003\000\051\000A\000d\000v\000a\000n\000c\000e\000d\000\040\000R\000e\000t\000i\000n\000e\000x\000N\000e\000t\000:\000\040\000A\000\040\000f\000u\000l\000l\000y\000\040\000c\000o\000n\000v\000o\000l\000u\000t\000i\000o\000n\000a\000l\000\040\000n\000e\000t\000w\000o\000r\000k\000\040\000f\000o\000r\000\040\000l\000o\000w\000-\000l\000i\000g\000h\000t\000\040\000i\000m\000a\000g\000e\000\040\000e\000n\000h\000a\000n\000c\000e\000m\000e\000n\000t}{section.3}% 16
\BOOKMARK [3][-]{subsubsection.3.3.1}{\376\377\000R\000e\000s\000e\000a\000r\000c\000h\000\040\000B\000a\000c\000k\000g\000r\000o\000u\000n\000d}{subsection.3.3}% 17
\BOOKMARK [3][-]{subsubsection.3.3.2}{\376\377\000C\000o\000n\000t\000r\000i\000b\000u\000t\000i\000o\000n}{subsection.3.3}% 18
\BOOKMARK [3][-]{subsubsection.3.3.3}{\376\377\000A\000p\000p\000r\000o\000a\000c\000h}{subsection.3.3}% 19
\BOOKMARK [3][-]{subsubsection.3.3.4}{\376\377\000F\000u\000t\000u\000r\000e}{subsection.3.3}% 20
\BOOKMARK [2][-]{subsection.3.4}{\376\377\000\050\0002\0000\0002\0003\000.\0001\000\051\000L\000i\000g\000h\000t\000i\000n\000g\000N\000e\000t\000:\000\040\000A\000n\000\040\000I\000n\000t\000e\000g\000r\000a\000t\000e\000d\000\040\000L\000e\000a\000r\000n\000i\000n\000g\000\040\000M\000e\000t\000h\000o\000d\000\040\000f\000o\000r\000\040\000L\000o\000w\000-\000L\000i\000g\000h\000t\000\040\000I\000m\000a\000g\000e\000\040\000E\000n\000h\000a\000n\000c\000e\000m\000e\000n\000t}{section.3}% 21
\BOOKMARK [3][-]{subsubsection.3.4.1}{\376\377\000R\000e\000s\000e\000a\000r\000c\000h\000\040\000B\000a\000c\000k\000g\000r\000o\000u\000n\000d}{subsection.3.4}% 22
\BOOKMARK [3][-]{subsubsection.3.4.2}{\376\377\000C\000o\000n\000t\000r\000i\000b\000u\000t\000i\000o\000n}{subsection.3.4}% 23
\BOOKMARK [3][-]{subsubsection.3.4.3}{\376\377\000A\000p\000p\000r\000o\000a\000c\000h}{subsection.3.4}% 24
\BOOKMARK [3][-]{subsubsection.3.4.4}{\376\377\000F\000u\000t\000u\000r\000e}{subsection.3.4}% 25
\BOOKMARK [2][-]{subsection.3.5}{\376\377\000\050\0002\0000\0002\0002\000.\0001\0000\000\051\000L\000o\000w\000-\000l\000i\000g\000h\000t\000\040\000I\000m\000a\000g\000e\000\040\000E\000n\000h\000a\000n\000c\000e\000m\000e\000n\000t\000\040\000v\000i\000a\000\040\000B\000r\000e\000a\000k\000i\000n\000g\000\040\000D\000o\000w\000n\000\040\000t\000h\000e\000\040\000D\000a\000r\000k\000n\000e\000s\000s}{section.3}% 26
\BOOKMARK [3][-]{subsubsection.3.5.1}{\376\377\000R\000e\000s\000e\000a\000r\000c\000h\000\040\000B\000a\000c\000k\000g\000r\000o\000u\000n\000d}{subsection.3.5}% 27
\BOOKMARK [3][-]{subsubsection.3.5.2}{\376\377\000C\000o\000n\000t\000r\000i\000b\000u\000t\000i\000o\000n}{subsection.3.5}% 28
\BOOKMARK [3][-]{subsubsection.3.5.3}{\376\377\000A\000p\000p\000r\000o\000a\000c\000h}{subsection.3.5}% 29
\BOOKMARK [3][-]{subsubsection.3.5.4}{\376\377\000F\000u\000t\000u\000r\000e}{subsection.3.5}% 30
