\BOOKMARK [0][-]{part.1}{\376\377\000I\000\040\000P\000r\000e\000-\000K\000n\000o\000w\000l\000e\000d\000g\000e}{}% 1
\BOOKMARK [1][-]{section.1}{\376\377\217\271\177\030\150\300\155\113\127\372\170\100\164\006\213\272}{part.1}% 2
\BOOKMARK [2][-]{subsection.1.1}{\376\377\217\271\177\030\150\300\155\113\122\006\174\173}{section.1}% 3
\BOOKMARK [3][-]{subsubsection.1.1.1}{\376\377\127\372\116\216\144\034\175\042\166\204\217\271\177\030\150\300\155\113\145\271\154\325}{subsection.1.1}% 4
\BOOKMARK [3][-]{subsubsection.1.1.2}{\376\377\127\372\116\216\226\366\172\177\215\212\166\204\217\271\177\030\150\300\155\113\145\271\154\325}{subsection.1.1}% 5
\BOOKMARK [2][-]{subsection.1.2}{\376\377\173\227\133\120\153\324\217\203}{section.1}% 6
\BOOKMARK [1][-]{section.2}{\376\377\145\271\124\021}{part.1}% 7
\BOOKMARK [0][-]{part.2}{\376\377\000I\000I\000\040\000P\000a\000p\000e\000r\000\040\000R\000e\000a\000d\000i\000n\000g}{}% 8
\BOOKMARK [1][-]{section.3}{\376\377\000L\000L\000I\000E}{part.2}% 9
\BOOKMARK [2][-]{subsection.3.1}{\376\377\000\050\0002\0000\0002\0000\000.\0004\000\051\000E\000E\000M\000E\000F\000N\000:\000\040\000L\000o\000w\000-\000L\000i\000g\000h\000t\000\040\000I\000m\000a\000g\000e\000\040\000E\000n\000h\000a\000n\000c\000e\000m\000e\000n\000t\000\040\000v\000i\000a\000\040\000E\000d\000g\000e\000-\000E\000n\000h\000a\000n\000c\000e\000d\000\040\000M\000u\000l\000t\000i\000-\000E\000x\000p\000o\000s\000u\000r\000e\000\040\000F\000u\000s\000i\000o\000n\000\040\000N\000e\000t\000w\000o\000r\000k}{section.3}% 10
\BOOKMARK [3][-]{subsubsection.3.1.1}{\376\377\000R\000e\000s\000e\000a\000r\000c\000h\000\040\000B\000a\000c\000k\000g\000r\000o\000u\000n\000d}{subsection.3.1}% 11
\BOOKMARK [3][-]{subsubsection.3.1.2}{\376\377\000C\000o\000n\000t\000r\000i\000b\000u\000t\000i\000o\000n}{subsection.3.1}% 12
\BOOKMARK [3][-]{subsubsection.3.1.3}{\376\377\000A\000p\000p\000r\000o\000a\000c\000h}{subsection.3.1}% 13
\BOOKMARK [3][-]{subsubsection.3.1.4}{\376\377\000F\000u\000t\000u\000r\000e}{subsection.3.1}% 14
\BOOKMARK [2][-]{subsection.3.2}{\376\377\000\050\0002\0000\0002\0001\000.\0005\000\051\000E\000d\000g\000e\000\040\000g\000u\000i\000d\000e\000d\000\040\000l\000o\000w\000-\000l\000i\000g\000h\000t\000\040\000i\000m\000a\000g\000e\000\040\000e\000n\000h\000a\000n\000c\000e\000m\000e\000n\000t}{section.3}% 15
\BOOKMARK [3][-]{subsubsection.3.2.1}{\376\377\000R\000e\000s\000e\000a\000r\000c\000h\000\040\000B\000a\000c\000k\000g\000r\000o\000u\000n\000d}{subsection.3.2}% 16
\BOOKMARK [3][-]{subsubsection.3.2.2}{\376\377\000C\000o\000n\000t\000r\000i\000b\000u\000t\000i\000o\000n}{subsection.3.2}% 17
\BOOKMARK [3][-]{subsubsection.3.2.3}{\376\377\000A\000p\000p\000r\000o\000a\000c\000h}{subsection.3.2}% 18
\BOOKMARK [3][-]{subsubsection.3.2.4}{\376\377\000F\000u\000t\000u\000r\000e}{subsection.3.2}% 19
\BOOKMARK [2][-]{subsection.3.3}{\376\377\000\050\0002\0000\0001\0009\000.\0001\0005\000\051\000V\000i\000s\000u\000a\000l\000\040\000C\000r\000o\000s\000s\000-\000I\000m\000a\000g\000e\000\040\000F\000u\000s\000i\000o\000n\000\040\000U\000s\000i\000n\000g\000\040\000D\000e\000e\000p\000\040\000N\000e\000u\000r\000a\000l\000\040\000N\000e\000t\000w\000o\000r\000k\000s\000\040\000f\000o\000r\000\040\000I\000m\000a\000g\000e\000\040\000E\000d\000g\000e\000\040\000D\000e\000t\000e\000c\000t\000i\000o\000n}{section.3}% 20
\BOOKMARK [3][-]{subsubsection.3.3.1}{\376\377\000R\000e\000s\000e\000a\000r\000c\000h\000\040\000B\000a\000c\000k\000g\000r\000o\000u\000n\000d}{subsection.3.3}% 21
\BOOKMARK [3][-]{subsubsection.3.3.2}{\376\377\000C\000o\000n\000t\000r\000i\000b\000u\000t\000i\000o\000n}{subsection.3.3}% 22
