\BOOKMARK [0][-]{part.1}{\376\377\000I\000\040\000P\000r\000e\000-\000K\000n\000o\000w\000l\000e\000d\000g\000e}{}% 1
\BOOKMARK [1][-]{section.1}{\376\377\145\271\124\021}{part.1}% 2
\BOOKMARK [2][-]{subsection.1.1}{\376\377\225\356\230\230\116\000}{section.1}% 3
\BOOKMARK [2][-]{subsection.1.2}{\376\377\225\356\230\230\116\214}{section.1}% 4
\BOOKMARK [2][-]{subsection.1.3}{\376\377\225\356\230\230\116\011}{section.1}% 5
\BOOKMARK [1][-]{section.2}{\376\377\122\033\145\260\140\363\154\325}{part.1}% 6
\BOOKMARK [1][-]{section.3}{\376\377\121\167\117\123\133\236\163\260}{part.1}% 7
\BOOKMARK [2][-]{subsection.3.1}{\376\377\000A\000b\000s\000t\000r\000a\000c\000t}{section.3}% 8
\BOOKMARK [2][-]{subsection.3.2}{\376\377\000P\000A\000C\000U\000T\000\040\000A\000r\000c\000h\000i\000t\000e\000c\000t\000u\000r\000e}{section.3}% 9
\BOOKMARK [3][-]{subsubsection.3.2.1}{\376\377\000C\000N\000N\000\040\000B\000r\000a\000n\000c\000h}{subsection.3.2}% 10
\BOOKMARK [3][-]{subsubsection.3.2.2}{\376\377\000T\000r\000a\000n\000s\000f\000o\000r\000m\000e\000r\000\040\000B\000r\000a\000n\000c\000h}{subsection.3.2}% 11
\BOOKMARK [3][-]{subsubsection.3.2.3}{\376\377\000F\000e\000a\000t\000u\000r\000e\000\040\000C\000o\000u\000p\000l\000i\000n\000g\000\040\000U\000n\000i\000t}{subsection.3.2}% 12
\BOOKMARK [3][-]{subsubsection.3.2.4}{\376\377\000F\000e\000a\000t\000u\000r\000e\000\040\000f\000u\000s\000i\000o\000n\000\040\000m\000o\000d\000u\000l\000e}{subsection.3.2}% 13
\BOOKMARK [2][-]{subsection.3.3}{\376\377\000E\000x\000p\000e\000r\000i\000m\000e\000n\000t\000a\000l\000\040\000P\000l\000a\000n}{section.3}% 14
\BOOKMARK [3][-]{subsubsection.3.3.1}{\376\377\000D\000a\000t\000a\000s\000e\000t}{subsection.3.3}% 15
\BOOKMARK [3][-]{subsubsection.3.3.2}{\376\377\000T\000r\000a\000i\000n}{subsection.3.3}% 16
\BOOKMARK [3][-]{subsubsection.3.3.3}{\376\377\000P\000e\000r\000f\000o\000r\000m\000a\000n\000c\000e\000\040\000E\000v\000a\000l\000u\000a\000t\000i\000o\000n}{subsection.3.3}% 17
\BOOKMARK [3][-]{subsubsection.3.3.4}{\376\377\000C\000o\000n\000t\000r\000a\000s\000t\000\040\000E\000x\000p\000e\000r\000i\000m\000e\000n\000t}{subsection.3.3}% 18
\BOOKMARK [3][-]{subsubsection.3.3.5}{\376\377\000A\000t\000t\000e\000n\000t\000i\000o\000n\000\040\000C\000h\000a\000r\000t}{subsection.3.3}% 19
\BOOKMARK [3][-]{subsubsection.3.3.6}{\376\377\000R\000e\000s\000u\000l\000t\000s\000\040\000a\000n\000a\000l\000y\000s\000i\000s\000\040\000a\000n\000d\000\040\000r\000e\000p\000o\000r\000t\000i\000n\000g}{subsection.3.3}% 20
\BOOKMARK [2][-]{subsection.3.4}{\376\377\122\033\145\260\140\363\154\325\166\204\214\003\170\024\145\057\144\221}{section.3}% 21
\BOOKMARK [0][-]{part.2}{\376\377\000I\000I\000\040\000P\000a\000p\000e\000r\000\040\000R\000e\000a\000d\000i\000n\000g}{}% 22
\BOOKMARK [1][-]{section.4}{\376\377\000L\000i\000g\000h\000t\000w\000e\000i\000g\000h\000t\000\040\000M\000o\000d\000e\000l}{part.2}% 23
\BOOKMARK [2][-]{subsection.4.1}{\376\377\000\050\0002\0000\0002\0003\000.\0008\000\051\0001\000M\000\040\000p\000a\000r\000a\000m\000e\000t\000e\000r\000s\000\040\000a\000r\000e\000\040\000e\000n\000o\000u\000g\000h\000?\000\040\000A\000\040\000l\000i\000g\000h\000t\000w\000e\000i\000g\000h\000t\000\040\000C\000N\000N\000-\000b\000a\000s\000e\000d\000\040\000m\000o\000d\000e\000l\000\040\000f\000o\000r\000\040\000m\000e\000d\000i\000c\000a\000l\000\040\000i\000m\000a\000g\000e\000\040\000s\000e\000g\000m\000e\000n\000t\000a\000t\000i\000o\000n}{section.4}% 24
\BOOKMARK [3][-]{subsubsection.4.1.1}{\376\377\000R\000e\000s\000e\000a\000r\000c\000h\000\040\000B\000a\000c\000k\000g\000r\000o\000u\000n\000d}{subsection.4.1}% 25
\BOOKMARK [3][-]{subsubsection.4.1.2}{\376\377\000C\000o\000n\000t\000r\000i\000b\000u\000t\000i\000o\000n}{subsection.4.1}% 26
\BOOKMARK [3][-]{subsubsection.4.1.3}{\376\377\000A\000p\000p\000r\000o\000a\000c\000h}{subsection.4.1}% 27
\BOOKMARK [3][-]{subsubsection.4.1.4}{\376\377\000F\000u\000t\000u\000r\000e}{subsection.4.1}% 28
\BOOKMARK [1][-]{section.5}{\376\377\000E\000d\000g\000e\000\040\000D\000e\000t\000e\000c\000t\000i\000o\000n}{part.2}% 29
\BOOKMARK [2][-]{subsection.5.1}{\376\377\000\050\0002\0000\0002\0002\000.\0003\000\051\000S\000u\000r\000v\000e\000y\000\040\000o\000f\000\040\000I\000m\000a\000g\000e\000\040\000E\000d\000g\000e\000\040\000D\000e\000t\000e\000c\000t\000i\000o\000n}{section.5}% 30
\BOOKMARK [3][-]{subsubsection.5.1.1}{\376\377\000R\000e\000s\000e\000a\000r\000c\000h\000\040\000B\000a\000c\000k\000g\000r\000o\000u\000n\000d}{subsection.5.1}% 31
\BOOKMARK [3][-]{subsubsection.5.1.2}{\376\377\000C\000o\000n\000t\000r\000i\000b\000u\000t\000i\000o\000n}{subsection.5.1}% 32
\BOOKMARK [3][-]{subsubsection.5.1.3}{\376\377\000A\000p\000p\000r\000o\000a\000c\000h}{subsection.5.1}% 33
\BOOKMARK [3][-]{subsubsection.5.1.4}{\376\377\000F\000u\000t\000u\000r\000e}{subsection.5.1}% 34
\BOOKMARK [2][-]{subsection.5.2}{\376\377\000\050\0002\0000\0002\0000\000\051\000D\000e\000n\000s\000e\000\040\000E\000x\000t\000r\000e\000m\000e\000\040\000I\000n\000c\000e\000p\000t\000i\000o\000n\000\040\000N\000e\000t\000w\000o\000r\000k\000:\000\040\000T\000o\000w\000a\000r\000d\000s\000\040\000a\000\040\000R\000o\000b\000u\000s\000t\000\040\000C\000N\000N\000\040\000M\000o\000d\000e\000l\000\040\000f\000o\000r\000\040\000E\000d\000g\000e\000\040\000D\000e\000t\000e\000c\000t\000i\000o\000n}{section.5}% 35
\BOOKMARK [3][-]{subsubsection.5.2.1}{\376\377\000R\000e\000s\000e\000a\000r\000c\000h\000\040\000B\000a\000c\000k\000g\000r\000o\000u\000n\000d}{subsection.5.2}% 36
\BOOKMARK [3][-]{subsubsection.5.2.2}{\376\377\000C\000o\000n\000t\000r\000i\000b\000u\000t\000i\000o\000n}{subsection.5.2}% 37
\BOOKMARK [3][-]{subsubsection.5.2.3}{\376\377\000A\000p\000p\000r\000o\000a\000c\000h}{subsection.5.2}% 38
\BOOKMARK [3][-]{subsubsection.5.2.4}{\376\377\000F\000u\000t\000u\000r\000e}{subsection.5.2}% 39
\BOOKMARK [2][-]{subsection.5.3}{\376\377\000\050\0002\0000\0002\0000\000.\0001\0000\000\051\000\040\000D\000e\000e\000p\000\040\000S\000t\000r\000u\000c\000t\000u\000r\000a\000l\000\040\000C\000o\000n\000t\000o\000u\000r\000\040\000D\000e\000t\000e\000c\000t\000i\000o\000n}{section.5}% 40
\BOOKMARK [3][-]{subsubsection.5.3.1}{\376\377\000R\000e\000s\000e\000a\000r\000c\000h\000\040\000B\000a\000c\000k\000g\000r\000o\000u\000n\000d}{subsection.5.3}% 41
\BOOKMARK [3][-]{subsubsection.5.3.2}{\376\377\000C\000o\000n\000t\000r\000i\000b\000u\000t\000i\000o\000n}{subsection.5.3}% 42
\BOOKMARK [3][-]{subsubsection.5.3.3}{\376\377\000A\000p\000p\000r\000o\000a\000c\000h}{subsection.5.3}% 43
\BOOKMARK [3][-]{subsubsection.5.3.4}{\376\377\000F\000u\000t\000u\000r\000e}{subsection.5.3}% 44
