\BOOKMARK [0][-]{part.1}{\376\377\000I\000\040\000P\000r\000e\000-\000K\000n\000o\000w\000l\000e\000d\000g\000e}{}% 1
\BOOKMARK [1][-]{section.1}{\376\377\145\271\124\021}{part.1}% 2
\BOOKMARK [0][-]{part.2}{\376\377\000I\000I\000\040\000P\000a\000p\000e\000r\000\040\000R\000e\000a\000d\000i\000n\000g}{}% 3
\BOOKMARK [1][-]{section.2}{\376\377\000L\000L\000I\000E}{part.2}% 4
\BOOKMARK [2][-]{subsection.2.1}{\376\377\000\050\0002\0000\0002\0003\000.\0001\000\051\000L\000A\000E\000-\000N\000e\000t\000:\000\040\000A\000\040\000l\000o\000c\000a\000l\000l\000y\000-\000a\000d\000a\000p\000t\000i\000v\000e\000\040\000e\000m\000b\000e\000d\000d\000i\000n\000g\000\040\000n\000e\000t\000w\000o\000r\000k\000\040\000f\000o\000r\000\040\000l\000o\000w\000-\000l\000i\000g\000h\000t\000\040\000i\000m\000a\000g\000e\000\040\000e\000n\000h\000a\000n\000c\000e\000m\000e\000n\000t}{section.2}% 5
\BOOKMARK [3][-]{subsubsection.2.1.1}{\376\377\000R\000e\000s\000e\000a\000r\000c\000h\000\040\000B\000a\000c\000k\000g\000r\000o\000u\000n\000d}{subsection.2.1}% 6
\BOOKMARK [3][-]{subsubsection.2.1.2}{\376\377\000C\000o\000n\000t\000r\000i\000b\000u\000t\000i\000o\000n}{subsection.2.1}% 7
\BOOKMARK [3][-]{subsubsection.2.1.3}{\376\377\000A\000p\000p\000r\000o\000a\000c\000h}{subsection.2.1}% 8
\BOOKMARK [3][-]{subsubsection.2.1.4}{\376\377\000F\000u\000t\000u\000r\000e}{subsection.2.1}% 9
\BOOKMARK [2][-]{subsection.2.2}{\376\377\000\050\0002\0000\0002\0003\000.\0001\000\051\000L\000A\000C\000N\000:\000\040\000A\000\040\000l\000i\000g\000h\000t\000w\000e\000i\000g\000h\000t\000\040\000a\000t\000t\000e\000n\000t\000i\000o\000n\000-\000g\000u\000i\000d\000e\000d\000\040\000C\000o\000n\000v\000N\000e\000X\000t\000\040\000n\000e\000t\000w\000o\000r\000k\000\040\000f\000o\000r\000\040\000l\000o\000w\000-\000l\000i\000g\000h\000t\000\040\000i\000m\000a\000g\000e\000\040\000e\000n\000h\000a\000n\000c\000e\000m\000e\000n\000t}{section.2}% 10
\BOOKMARK [3][-]{subsubsection.2.2.1}{\376\377\000R\000e\000s\000e\000a\000r\000c\000h\000\040\000B\000a\000c\000k\000g\000r\000o\000u\000n\000d}{subsection.2.2}% 11
\BOOKMARK [3][-]{subsubsection.2.2.2}{\376\377\000C\000o\000n\000t\000r\000i\000b\000u\000t\000i\000o\000n}{subsection.2.2}% 12
\BOOKMARK [3][-]{subsubsection.2.2.3}{\376\377\000A\000p\000p\000r\000o\000a\000c\000h}{subsection.2.2}% 13
\BOOKMARK [3][-]{subsubsection.2.2.4}{\376\377\000F\000u\000t\000u\000r\000e}{subsection.2.2}% 14
\BOOKMARK [2][-]{subsection.2.3}{\376\377\000\050\0002\0000\0001\0009\000.\0004\000\051\000L\000o\000w\000-\000L\000i\000g\000h\000t\000\040\000I\000m\000a\000g\000e\000\040\000E\000n\000h\000a\000n\000c\000e\000m\000e\000n\000t\000\040\000v\000i\000a\000\040\000a\000\040\000D\000e\000e\000p\000\040\000H\000y\000b\000r\000i\000d\000\040\000N\000e\000t\000w\000o\000r\000k}{section.2}% 15
\BOOKMARK [3][-]{subsubsection.2.3.1}{\376\377\000R\000e\000s\000e\000a\000r\000c\000h\000\040\000B\000a\000c\000k\000g\000r\000o\000u\000n\000d}{subsection.2.3}% 16
\BOOKMARK [3][-]{subsubsection.2.3.2}{\376\377\000C\000o\000n\000t\000r\000i\000b\000u\000t\000i\000o\000n}{subsection.2.3}% 17
\BOOKMARK [3][-]{subsubsection.2.3.3}{\376\377\000A\000p\000p\000r\000o\000a\000c\000h}{subsection.2.3}% 18
\BOOKMARK [3][-]{subsubsection.2.3.4}{\376\377\000F\000u\000t\000u\000r\000e}{subsection.2.3}% 19
\BOOKMARK [2][-]{subsection.2.4}{\376\377\000\050\0002\0000\0002\0003\000.\0005\000\051\000A\000\040\000F\000u\000s\000i\000o\000n\000-\000B\000a\000s\000e\000d\000\040\000a\000n\000d\000\040\000M\000u\000l\000t\000i\000-\000L\000a\000y\000e\000r\000\040\000M\000e\000t\000h\000o\000d\000\040\000f\000o\000r\000\040\000L\000o\000w\000\040\000L\000i\000g\000h\000t\000\040\000I\000m\000a\000g\000e\000\040\000E\000n\000h\000a\000n\000c\000e\000m\000e\000n\000t}{section.2}% 20
\BOOKMARK [3][-]{subsubsection.2.4.1}{\376\377\000R\000e\000s\000e\000a\000r\000c\000h\000\040\000B\000a\000c\000k\000g\000r\000o\000u\000n\000d}{subsection.2.4}% 21
\BOOKMARK [3][-]{subsubsection.2.4.2}{\376\377\000C\000o\000n\000t\000r\000i\000b\000u\000t\000i\000o\000n}{subsection.2.4}% 22
\BOOKMARK [3][-]{subsubsection.2.4.3}{\376\377\000A\000p\000p\000r\000o\000a\000c\000h}{subsection.2.4}% 23
\BOOKMARK [3][-]{subsubsection.2.4.4}{\376\377\000F\000u\000t\000u\000r\000e}{subsection.2.4}% 24
\BOOKMARK [2][-]{subsection.2.5}{\376\377\000\050\0002\0000\0002\0003\000.\0005\000\051\000A\000\040\000F\000u\000s\000i\000o\000n\000-\000B\000a\000s\000e\000d\000\040\000a\000n\000d\000\040\000M\000u\000l\000t\000i\000-\000L\000a\000y\000e\000r\000\040\000M\000e\000t\000h\000o\000d\000\040\000f\000o\000r\000\040\000L\000o\000w\000\040\000L\000i\000g\000h\000t\000\040\000I\000m\000a\000g\000e\000\040\000E\000n\000h\000a\000n\000c\000e\000m\000e\000n\000t}{section.2}% 25
\BOOKMARK [3][-]{subsubsection.2.5.1}{\376\377\000R\000e\000s\000e\000a\000r\000c\000h\000\040\000B\000a\000c\000k\000g\000r\000o\000u\000n\000d}{subsection.2.5}% 26
\BOOKMARK [3][-]{subsubsection.2.5.2}{\376\377\000C\000o\000n\000t\000r\000i\000b\000u\000t\000i\000o\000n}{subsection.2.5}% 27
\BOOKMARK [3][-]{subsubsection.2.5.3}{\376\377\000A\000p\000p\000r\000o\000a\000c\000h}{subsection.2.5}% 28
\BOOKMARK [3][-]{subsubsection.2.5.4}{\376\377\000F\000u\000t\000u\000r\000e}{subsection.2.5}% 29
\BOOKMARK [2][-]{subsection.2.6}{\376\377\000\050\0002\0000\0002\0003\000.\0003\000\051\000F\000u\000s\000i\000o\000n\000-\000B\000a\000s\000e\000d\000\040\000L\000o\000w\000-\000L\000i\000g\000h\000t\000\040\000I\000m\000a\000g\000e\000\040\000E\000n\000h\000a\000n\000c\000e\000m\000e\000n\000t}{section.2}% 30
\BOOKMARK [3][-]{subsubsection.2.6.1}{\376\377\000R\000e\000s\000e\000a\000r\000c\000h\000\040\000B\000a\000c\000k\000g\000r\000o\000u\000n\000d}{subsection.2.6}% 31
\BOOKMARK [3][-]{subsubsection.2.6.2}{\376\377\000C\000o\000n\000t\000r\000i\000b\000u\000t\000i\000o\000n}{subsection.2.6}% 32
\BOOKMARK [3][-]{subsubsection.2.6.3}{\376\377\000A\000p\000p\000r\000o\000a\000c\000h}{subsection.2.6}% 33
\BOOKMARK [2][-]{subsection.2.7}{\376\377\000\050\0002\0000\0002\0002\000.\0001\0002\000\051\000D\000u\000a\000l\000\040\000U\000N\000e\000t\000\040\000l\000o\000w\000-\000l\000i\000g\000h\000t\000\040\000i\000m\000a\000g\000e\000\040\000e\000n\000h\000a\000n\000c\000e\000m\000e\000n\000t\000\040\000n\000e\000t\000w\000o\000r\000k\000\040\000b\000a\000s\000e\000d\000\040\000o\000n\000\040\000a\000t\000t\000e\000n\000t\000i\000o\000n\000\040\000m\000e\000c\000h\000a\000n\000i\000s\000m}{section.2}% 34
\BOOKMARK [3][-]{subsubsection.2.7.1}{\376\377\000R\000e\000s\000e\000a\000r\000c\000h\000\040\000B\000a\000c\000k\000g\000r\000o\000u\000n\000d}{subsection.2.7}% 35
\BOOKMARK [3][-]{subsubsection.2.7.2}{\376\377\000C\000o\000n\000t\000r\000i\000b\000u\000t\000i\000o\000n}{subsection.2.7}% 36
\BOOKMARK [3][-]{subsubsection.2.7.3}{\376\377\000A\000p\000p\000r\000o\000a\000c\000h}{subsection.2.7}% 37
\BOOKMARK [3][-]{subsubsection.2.7.4}{\376\377\000F\000u\000t\000u\000r\000e}{subsection.2.7}% 38
\BOOKMARK [2][-]{subsection.2.8}{\376\377\000\050\0002\0000\0002\0002\000.\0001\0000\000\051\000E\000f\000f\000e\000c\000t\000i\000v\000e\000\040\000l\000o\000w\000-\000l\000i\000g\000h\000t\000\040\000i\000m\000a\000g\000e\000\040\000e\000n\000h\000a\000n\000c\000e\000m\000e\000n\000t\000\040\000w\000i\000t\000h\000\040\000m\000u\000l\000t\000i\000s\000c\000a\000l\000e\000\040\000a\000n\000d\000\040\000c\000o\000n\000t\000e\000x\000t\000\040\000l\000e\000a\000r\000n\000i\000n\000g\000\040\000n\000e\000t\000w\000o\000r\000k}{section.2}% 39
\BOOKMARK [3][-]{subsubsection.2.8.1}{\376\377\000R\000e\000s\000e\000a\000r\000c\000h\000\040\000B\000a\000c\000k\000g\000r\000o\000u\000n\000d}{subsection.2.8}% 40
\BOOKMARK [3][-]{subsubsection.2.8.2}{\376\377\000C\000o\000n\000t\000r\000i\000b\000u\000t\000i\000o\000n}{subsection.2.8}% 41
\BOOKMARK [3][-]{subsubsection.2.8.3}{\376\377\000A\000p\000p\000r\000o\000a\000c\000h}{subsection.2.8}% 42
\BOOKMARK [3][-]{subsubsection.2.8.4}{\376\377\000F\000u\000t\000u\000r\000e}{subsection.2.8}% 43
