This is pdfTeX, Version 3.141592653-2.6-1.40.25 (TeX Live 2023) (preloaded format=pdflatex 2023.4.2)  18 OCT 2023 21:34
entering extended mode
 restricted \write18 enabled.
 %&-line parsing enabled.
**main.tex
(./main.tex
LaTeX2e <2022-11-01> patch level 1
L3 programming layer <2023-02-22>
(d:/Soft/texlive/2023/texmf-dist/tex/latex/base/article.cls
Document Class: article 2022/07/02 v1.4n Standard LaTeX document class
(d:/Soft/texlive/2023/texmf-dist/tex/latex/base/size10.clo
File: size10.clo 2022/07/02 v1.4n Standard LaTeX file (size option)
)
\c@part=\count185
\c@section=\count186
\c@subsection=\count187
\c@subsubsection=\count188
\c@paragraph=\count189
\c@subparagraph=\count190
\c@figure=\count191
\c@table=\count192
\abovecaptionskip=\skip48
\belowcaptionskip=\skip49
\bibindent=\dimen140
)
(d:/Soft/texlive/2023/texmf-dist/tex/latex/tools/tabularx.sty
Package: tabularx 2020/01/15 v2.11c `tabularx' package (DPC)

(d:/Soft/texlive/2023/texmf-dist/tex/latex/tools/array.sty
Package: array 2022/09/04 v2.5g Tabular extension package (FMi)
\col@sep=\dimen141
\ar@mcellbox=\box51
\extrarowheight=\dimen142
\NC@list=\toks16
\extratabsurround=\skip50
\backup@length=\skip51
\ar@cellbox=\box52
)
\TX@col@width=\dimen143
\TX@old@table=\dimen144
\TX@old@col=\dimen145
\TX@target=\dimen146
\TX@delta=\dimen147
\TX@cols=\count193
\TX@ftn=\toks17
)
(d:/Soft/texlive/2023/texmf-dist/tex/latex/amsmath/amsmath.sty
Package: amsmath 2022/04/08 v2.17n AMS math features
\@mathmargin=\skip52

For additional information on amsmath, use the `?' option.
(d:/Soft/texlive/2023/texmf-dist/tex/latex/amsmath/amstext.sty
Package: amstext 2021/08/26 v2.01 AMS text

(d:/Soft/texlive/2023/texmf-dist/tex/latex/amsmath/amsgen.sty
File: amsgen.sty 1999/11/30 v2.0 generic functions
\@emptytoks=\toks18
\ex@=\dimen148
))
(d:/Soft/texlive/2023/texmf-dist/tex/latex/amsmath/amsbsy.sty
Package: amsbsy 1999/11/29 v1.2d Bold Symbols
\pmbraise@=\dimen149
)
(d:/Soft/texlive/2023/texmf-dist/tex/latex/amsmath/amsopn.sty
Package: amsopn 2022/04/08 v2.04 operator names
)
\inf@bad=\count194
LaTeX Info: Redefining \frac on input line 234.
\uproot@=\count195
\leftroot@=\count196
LaTeX Info: Redefining \overline on input line 399.
LaTeX Info: Redefining \colon on input line 410.
\classnum@=\count197
\DOTSCASE@=\count198
LaTeX Info: Redefining \ldots on input line 496.
LaTeX Info: Redefining \dots on input line 499.
LaTeX Info: Redefining \cdots on input line 620.
\Mathstrutbox@=\box53
\strutbox@=\box54
LaTeX Info: Redefining \big on input line 722.
LaTeX Info: Redefining \Big on input line 723.
LaTeX Info: Redefining \bigg on input line 724.
LaTeX Info: Redefining \Bigg on input line 725.
\big@size=\dimen150
LaTeX Font Info:    Redeclaring font encoding OML on input line 743.
LaTeX Font Info:    Redeclaring font encoding OMS on input line 744.
\macc@depth=\count199
LaTeX Info: Redefining \bmod on input line 905.
LaTeX Info: Redefining \pmod on input line 910.
LaTeX Info: Redefining \smash on input line 940.
LaTeX Info: Redefining \relbar on input line 970.
LaTeX Info: Redefining \Relbar on input line 971.
\c@MaxMatrixCols=\count266
\dotsspace@=\muskip16
\c@parentequation=\count267
\dspbrk@lvl=\count268
\tag@help=\toks19
\row@=\count269
\column@=\count270
\maxfields@=\count271
\andhelp@=\toks20
\eqnshift@=\dimen151
\alignsep@=\dimen152
\tagshift@=\dimen153
\tagwidth@=\dimen154
\totwidth@=\dimen155
\lineht@=\dimen156
\@envbody=\toks21
\multlinegap=\skip53
\multlinetaggap=\skip54
\mathdisplay@stack=\toks22
LaTeX Info: Redefining \[ on input line 2953.
LaTeX Info: Redefining \] on input line 2954.
)
(d:/Soft/texlive/2023/texmf-dist/tex/latex/graphics/graphicx.sty
Package: graphicx 2021/09/16 v1.2d Enhanced LaTeX Graphics (DPC,SPQR)

(d:/Soft/texlive/2023/texmf-dist/tex/latex/graphics/keyval.sty
Package: keyval 2022/05/29 v1.15 key=value parser (DPC)
\KV@toks@=\toks23
)
(d:/Soft/texlive/2023/texmf-dist/tex/latex/graphics/graphics.sty
Package: graphics 2022/03/10 v1.4e Standard LaTeX Graphics (DPC,SPQR)

(d:/Soft/texlive/2023/texmf-dist/tex/latex/graphics/trig.sty
Package: trig 2021/08/11 v1.11 sin cos tan (DPC)
)
(d:/Soft/texlive/2023/texmf-dist/tex/latex/graphics-cfg/graphics.cfg
File: graphics.cfg 2016/06/04 v1.11 sample graphics configuration
)
Package graphics Info: Driver file: pdftex.def on input line 107.

(d:/Soft/texlive/2023/texmf-dist/tex/latex/graphics-def/pdftex.def
File: pdftex.def 2022/09/22 v1.2b Graphics/color driver for pdftex
))
\Gin@req@height=\dimen157
\Gin@req@width=\dimen158
)
(d:/Soft/texlive/2023/texmf-dist/tex/latex/geometry/geometry.sty
Package: geometry 2020/01/02 v5.9 Page Geometry

(d:/Soft/texlive/2023/texmf-dist/tex/generic/iftex/ifvtex.sty
Package: ifvtex 2019/10/25 v1.7 ifvtex legacy package. Use iftex instead.

(d:/Soft/texlive/2023/texmf-dist/tex/generic/iftex/iftex.sty
Package: iftex 2022/02/03 v1.0f TeX engine tests
))
\Gm@cnth=\count272
\Gm@cntv=\count273
\c@Gm@tempcnt=\count274
\Gm@bindingoffset=\dimen159
\Gm@wd@mp=\dimen160
\Gm@odd@mp=\dimen161
\Gm@even@mp=\dimen162
\Gm@layoutwidth=\dimen163
\Gm@layoutheight=\dimen164
\Gm@layouthoffset=\dimen165
\Gm@layoutvoffset=\dimen166
\Gm@dimlist=\toks24
)
(d:/Soft/texlive/2023/texmf-dist/tex/latex/cite/cite.sty
LaTeX Info: Redefining \cite on input line 302.
LaTeX Info: Redefining \nocite on input line 332.
Package: cite 2015/02/27  v 5.5
)
(d:/Soft/texlive/2023/texmf-dist/tex/latex/hyperref/hyperref.sty
Package: hyperref 2023-02-07 v7.00v Hypertext links for LaTeX

(d:/Soft/texlive/2023/texmf-dist/tex/generic/ltxcmds/ltxcmds.sty
Package: ltxcmds 2020-05-10 v1.25 LaTeX kernel commands for general use (HO)
)
(d:/Soft/texlive/2023/texmf-dist/tex/generic/pdftexcmds/pdftexcmds.sty
Package: pdftexcmds 2020-06-27 v0.33 Utility functions of pdfTeX for LuaTeX (HO
)

(d:/Soft/texlive/2023/texmf-dist/tex/generic/infwarerr/infwarerr.sty
Package: infwarerr 2019/12/03 v1.5 Providing info/warning/error messages (HO)
)
Package pdftexcmds Info: \pdf@primitive is available.
Package pdftexcmds Info: \pdf@ifprimitive is available.
Package pdftexcmds Info: \pdfdraftmode found.
)
(d:/Soft/texlive/2023/texmf-dist/tex/latex/kvsetkeys/kvsetkeys.sty
Package: kvsetkeys 2022-10-05 v1.19 Key value parser (HO)
)
(d:/Soft/texlive/2023/texmf-dist/tex/generic/kvdefinekeys/kvdefinekeys.sty
Package: kvdefinekeys 2019-12-19 v1.6 Define keys (HO)
)
(d:/Soft/texlive/2023/texmf-dist/tex/generic/pdfescape/pdfescape.sty
Package: pdfescape 2019/12/09 v1.15 Implements pdfTeX's escape features (HO)
)
(d:/Soft/texlive/2023/texmf-dist/tex/latex/hycolor/hycolor.sty
Package: hycolor 2020-01-27 v1.10 Color options for hyperref/bookmark (HO)
)
(d:/Soft/texlive/2023/texmf-dist/tex/latex/letltxmacro/letltxmacro.sty
Package: letltxmacro 2019/12/03 v1.6 Let assignment for LaTeX macros (HO)
)
(d:/Soft/texlive/2023/texmf-dist/tex/latex/auxhook/auxhook.sty
Package: auxhook 2019-12-17 v1.6 Hooks for auxiliary files (HO)
)
(d:/Soft/texlive/2023/texmf-dist/tex/latex/hyperref/nameref.sty
Package: nameref 2022-05-17 v2.50 Cross-referencing by name of section

(d:/Soft/texlive/2023/texmf-dist/tex/latex/refcount/refcount.sty
Package: refcount 2019/12/15 v3.6 Data extraction from label references (HO)
)
(d:/Soft/texlive/2023/texmf-dist/tex/generic/gettitlestring/gettitlestring.sty
Package: gettitlestring 2019/12/15 v1.6 Cleanup title references (HO)

(d:/Soft/texlive/2023/texmf-dist/tex/latex/kvoptions/kvoptions.sty
Package: kvoptions 2022-06-15 v3.15 Key value format for package options (HO)
))
\c@section@level=\count275
)
\@linkdim=\dimen167
\Hy@linkcounter=\count276
\Hy@pagecounter=\count277

(d:/Soft/texlive/2023/texmf-dist/tex/latex/hyperref/pd1enc.def
File: pd1enc.def 2023-02-07 v7.00v Hyperref: PDFDocEncoding definition (HO)
Now handling font encoding PD1 ...
... no UTF-8 mapping file for font encoding PD1
)
(d:/Soft/texlive/2023/texmf-dist/tex/generic/intcalc/intcalc.sty
Package: intcalc 2019/12/15 v1.3 Expandable calculations with integers (HO)
)
(d:/Soft/texlive/2023/texmf-dist/tex/generic/etexcmds/etexcmds.sty
Package: etexcmds 2019/12/15 v1.7 Avoid name clashes with e-TeX commands (HO)
)
\Hy@SavedSpaceFactor=\count278

(d:/Soft/texlive/2023/texmf-dist/tex/latex/hyperref/puenc.def
File: puenc.def 2023-02-07 v7.00v Hyperref: PDF Unicode definition (HO)
Now handling font encoding PU ...
... no UTF-8 mapping file for font encoding PU
)
Package hyperref Info: Option `final' set `true' on input line 4060.
Package hyperref Info: Hyper figures OFF on input line 4177.
Package hyperref Info: Link nesting OFF on input line 4182.
Package hyperref Info: Hyper index ON on input line 4185.
Package hyperref Info: Plain pages OFF on input line 4192.
Package hyperref Info: Backreferencing OFF on input line 4197.
Package hyperref Info: Implicit mode ON; LaTeX internals redefined.
Package hyperref Info: Bookmarks ON on input line 4425.
\c@Hy@tempcnt=\count279

(d:/Soft/texlive/2023/texmf-dist/tex/latex/url/url.sty
\Urlmuskip=\muskip17
Package: url 2013/09/16  ver 3.4  Verb mode for urls, etc.
)
LaTeX Info: Redefining \url on input line 4763.
\XeTeXLinkMargin=\dimen168

(d:/Soft/texlive/2023/texmf-dist/tex/generic/bitset/bitset.sty
Package: bitset 2019/12/09 v1.3 Handle bit-vector datatype (HO)

(d:/Soft/texlive/2023/texmf-dist/tex/generic/bigintcalc/bigintcalc.sty
Package: bigintcalc 2019/12/15 v1.5 Expandable calculations on big integers (HO
)
))
\Fld@menulength=\count280
\Field@Width=\dimen169
\Fld@charsize=\dimen170
Package hyperref Info: Hyper figures OFF on input line 6042.
Package hyperref Info: Link nesting OFF on input line 6047.
Package hyperref Info: Hyper index ON on input line 6050.
Package hyperref Info: backreferencing OFF on input line 6057.
Package hyperref Info: Link coloring OFF on input line 6062.
Package hyperref Info: Link coloring with OCG OFF on input line 6067.
Package hyperref Info: PDF/A mode OFF on input line 6072.

(d:/Soft/texlive/2023/texmf-dist/tex/latex/base/atbegshi-ltx.sty
Package: atbegshi-ltx 2021/01/10 v1.0c Emulation of the original atbegshi
package with kernel methods
)
\Hy@abspage=\count281
\c@Item=\count282
\c@Hfootnote=\count283
)
Package hyperref Info: Driver (autodetected): hpdftex.

(d:/Soft/texlive/2023/texmf-dist/tex/latex/hyperref/hpdftex.def
File: hpdftex.def 2023-02-07 v7.00v Hyperref driver for pdfTeX

(d:/Soft/texlive/2023/texmf-dist/tex/latex/base/atveryend-ltx.sty
Package: atveryend-ltx 2020/08/19 v1.0a Emulation of the original atveryend pac
kage
with kernel methods
)
\Fld@listcount=\count284
\c@bookmark@seq@number=\count285

(d:/Soft/texlive/2023/texmf-dist/tex/latex/rerunfilecheck/rerunfilecheck.sty
Package: rerunfilecheck 2022-07-10 v1.10 Rerun checks for auxiliary files (HO)

(d:/Soft/texlive/2023/texmf-dist/tex/generic/uniquecounter/uniquecounter.sty
Package: uniquecounter 2019/12/15 v1.4 Provide unlimited unique counter (HO)
)
Package uniquecounter Info: New unique counter `rerunfilecheck' on input line 2
85.
)
\Hy@SectionHShift=\skip55
) (d:/Soft/texlive/2023/texmf-dist/tex/latex/ctex/ctex.sty
(d:/Soft/texlive/2023/texmf-dist/tex/latex/l3kernel/expl3.sty
Package: expl3 2023-02-22 L3 programming layer (loader) 

(d:/Soft/texlive/2023/texmf-dist/tex/latex/l3backend/l3backend-pdftex.def
File: l3backend-pdftex.def 2023-01-16 L3 backend support: PDF output (pdfTeX)
\l__color_backend_stack_int=\count286
\l__pdf_internal_box=\box55
))
Package: ctex 2022/07/14 v2.5.10 Chinese adapter in LaTeX (CTEX)

(d:/Soft/texlive/2023/texmf-dist/tex/latex/ctex/ctexhook.sty
Package: ctexhook 2022/07/14 v2.5.10 Document and package hooks (CTEX)
)
(d:/Soft/texlive/2023/texmf-dist/tex/latex/ctex/ctexpatch.sty
Package: ctexpatch 2022/07/14 v2.5.10 Patching commands (CTEX)
)
(d:/Soft/texlive/2023/texmf-dist/tex/latex/base/fix-cm.sty
Package: fix-cm 2020/11/24 v1.1t fixes to LaTeX

(d:/Soft/texlive/2023/texmf-dist/tex/latex/base/ts1enc.def
File: ts1enc.def 2001/06/05 v3.0e (jk/car/fm) Standard LaTeX file
LaTeX Font Info:    Redeclaring font encoding TS1 on input line 47.
))
\l__ctex_tmp_int=\count287
\l__ctex_tmp_box=\box56
\l__ctex_tmp_dim=\dimen171
\g__ctex_section_depth_int=\count288
\g__ctex_font_size_int=\count289

(d:/Soft/texlive/2023/texmf-dist/tex/latex/ctex/config/ctexopts.cfg
File: ctexopts.cfg 2022/07/14 v2.5.10 Option configuration file (CTEX)
)

Package ctex Warning: UTF8 will be used as the default encoding.

(d:/Soft/texlive/2023/texmf-dist/tex/latex/ctex/engine/ctex-engine-pdftex.def
File: ctex-engine-pdftex.def 2022/07/14 v2.5.10 (pdf)LaTeX adapter (CTEX)

(d:/Soft/texlive/2023/texmf-dist/tex/latex/cjk/texinput/CJKutf8.sty
Package: CJKutf8 2021/10/16 4.8.5

(d:/Soft/texlive/2023/texmf-dist/tex/generic/iftex/ifpdf.sty
Package: ifpdf 2019/10/25 v3.4 ifpdf legacy package. Use iftex instead.
)
(d:/Soft/texlive/2023/texmf-dist/tex/latex/base/inputenc.sty
Package: inputenc 2021/02/14 v1.3d Input encoding file
\inpenc@prehook=\toks25
\inpenc@posthook=\toks26
)
(d:/Soft/texlive/2023/texmf-dist/tex/latex/cjk/texinput/CJK.sty
Package: CJK 2021/10/16 4.8.5

(d:/Soft/texlive/2023/texmf-dist/tex/latex/cjk/texinput/mule/MULEenc.sty
Package: MULEenc 2021/10/16 4.8.5
)
(d:/Soft/texlive/2023/texmf-dist/tex/latex/cjk/texinput/CJK.enc
File: CJK.enc 2021/10/16 4.8.5
Now handling font encoding C00 ...
... no UTF-8 mapping file for font encoding C00
Now handling font encoding C05 ...
... no UTF-8 mapping file for font encoding C05
Now handling font encoding C09 ...
... no UTF-8 mapping file for font encoding C09
Now handling font encoding C10 ...
... no UTF-8 mapping file for font encoding C10
Now handling font encoding C20 ...
... no UTF-8 mapping file for font encoding C20
Now handling font encoding C19 ...
... no UTF-8 mapping file for font encoding C19
Now handling font encoding C40 ...
... no UTF-8 mapping file for font encoding C40
Now handling font encoding C42 ...
... no UTF-8 mapping file for font encoding C42
Now handling font encoding C43 ...
... no UTF-8 mapping file for font encoding C43
Now handling font encoding C50 ...
... no UTF-8 mapping file for font encoding C50
Now handling font encoding C52 ...
... no UTF-8 mapping file for font encoding C52
Now handling font encoding C49 ...
... no UTF-8 mapping file for font encoding C49
Now handling font encoding C60 ...
... no UTF-8 mapping file for font encoding C60
Now handling font encoding C61 ...
... no UTF-8 mapping file for font encoding C61
Now handling font encoding C63 ...
... no UTF-8 mapping file for font encoding C63
Now handling font encoding C64 ...
... no UTF-8 mapping file for font encoding C64
Now handling font encoding C65 ...
... no UTF-8 mapping file for font encoding C65
Now handling font encoding C70 ...
... no UTF-8 mapping file for font encoding C70
Now handling font encoding C31 ...
... no UTF-8 mapping file for font encoding C31
Now handling font encoding C32 ...
... no UTF-8 mapping file for font encoding C32
Now handling font encoding C33 ...
... no UTF-8 mapping file for font encoding C33
Now handling font encoding C34 ...
... no UTF-8 mapping file for font encoding C34
Now handling font encoding C35 ...
... no UTF-8 mapping file for font encoding C35
Now handling font encoding C36 ...
... no UTF-8 mapping file for font encoding C36
Now handling font encoding C37 ...
... no UTF-8 mapping file for font encoding C37
Now handling font encoding C80 ...
... no UTF-8 mapping file for font encoding C80
Now handling font encoding C81 ...
... no UTF-8 mapping file for font encoding C81
Now handling font encoding C01 ...
... no UTF-8 mapping file for font encoding C01
Now handling font encoding C11 ...
... no UTF-8 mapping file for font encoding C11
Now handling font encoding C21 ...
... no UTF-8 mapping file for font encoding C21
Now handling font encoding C41 ...
... no UTF-8 mapping file for font encoding C41
Now handling font encoding C62 ...
... no UTF-8 mapping file for font encoding C62
)
\CJK@indent=\box57
)
(d:/Soft/texlive/2023/texmf-dist/tex/latex/base/fontenc.sty
Package: fontenc 2021/04/29 v2.0v Standard LaTeX package
))
(d:/Soft/texlive/2023/texmf-dist/tex/latex/cjkpunct/CJKpunct.sty
Package: CJKpunct 2016/05/14 4.8.4
\CJKpunct@cnta=\count290
\CJKpunct@cntb=\count291
\CJKpunct@cntc=\count292
\CJKpunct@cntd=\count293
\CJKpunct@cnte=\count294
   defining Unicode char U+2018 (decimal 8216)
   defining Unicode char U+2019 (decimal 8217)
   defining Unicode char U+201C (decimal 8220)
   defining Unicode char U+201D (decimal 8221)
   defining Unicode char U+2014 (decimal 8212)
   defining Unicode char U+2026 (decimal 8230)

(d:/Soft/texlive/2023/texmf-dist/tex/latex/cjkpunct/CJKpunct.spa))
(d:/Soft/texlive/2023/texmf-dist/tex/latex/cjk/texinput/CJKspace.sty
Package: CJKspace 2021/10/16 3.8.0
)
(d:/Soft/texlive/2023/texmf-dist/tex/latex/cjk/texinput/UTF8/UTF8.bdg
File: UTF8.bdg 2021/10/16 4.8.5
)
(d:/Soft/texlive/2023/texmf-dist/tex/latex/ctex/ctexspa.def
File: ctexspa.def 2022/07/14 v2.5.10 Space info for CJKpunct (CTEX)
)

Package hyperref Warning: Option `driverfallback' has already been used,
(hyperref)                setting the option has no effect on input line 493.

Package hyperref Info: Option `unicode' set `true' on input line 512.
\ccwd=\dimen172
\l__ctex_ccglue_skip=\skip56
)
\l__ctex_ziju_dim=\dimen173
 (d:/Soft/texlive/2023/texmf-dist/tex/latex/zhnumber/zhnumber.sty
Package: zhnumber 2022/07/14 v3.0 Typesetting numbers with Chinese glyphs
\l__zhnum_scale_int=\count295
\l__zhnum_tmp_int=\count296

(d:/Soft/texlive/2023/texmf-dist/tex/latex/zhnumber/zhnumber-utf8.cfg
File: zhnumber-utf8.cfg 2022/07/14 v3.0 Chinese numerals with UTF8 encoding
))
(d:/Soft/texlive/2023/texmf-dist/tex/latex/ctex/scheme/ctex-scheme-chinese.def
File: ctex-scheme-chinese.def 2022/07/14 v2.5.10 Chinese scheme for generic (CT
EX)

(d:/Soft/texlive/2023/texmf-dist/tex/latex/ctex/config/ctex-name-utf8.cfg
File: ctex-name-utf8.cfg 2022/07/14 v2.5.10 Caption with encoding UTF-8 (CTEX)
))
(d:/Soft/texlive/2023/texmf-dist/tex/latex/tools/indentfirst.sty
Package: indentfirst 1995/11/23 v1.03 Indent first paragraph (DPC)
)
(d:/Soft/texlive/2023/texmf-dist/tex/latex/ctex/fontset/ctex-fontset-windows.de
f
File: ctex-fontset-windows.def 2022/07/14 v2.5.10 Windows fonts definition (CTE
X)
)) (d:/Soft/texlive/2023/texmf-dist/tex/latex/ctex/config/ctex.cfg
File: ctex.cfg 2022/07/14 v2.5.10 Configuration file (CTEX)
)
(d:/Soft/texlive/2023/texmf-dist/tex/latex/titlesec/titlesec.sty
Package: titlesec 2021/07/05 v2.14 Sectioning titles
\ttl@box=\box58
\beforetitleunit=\skip57
\aftertitleunit=\skip58
\ttl@plus=\dimen174
\ttl@minus=\dimen175
\ttl@toksa=\toks27
\titlewidth=\dimen176
\titlewidthlast=\dimen177
\titlewidthfirst=\dimen178
)
(d:/Soft/texlive/2023/texmf-dist/tex/latex/makecell/makecell.sty
Package: makecell 2009/08/03 V0.1e Managing of Tab Column Heads and Cells
\rotheadsize=\dimen179
\c@nlinenum=\count297
\TeXr@lab=\toks28
)
(d:/Soft/texlive/2023/texmf-dist/tex/latex/booktabs/booktabs.sty
Package: booktabs 2020/01/12 v1.61803398 Publication quality tables
\heavyrulewidth=\dimen180
\lightrulewidth=\dimen181
\cmidrulewidth=\dimen182
\belowrulesep=\dimen183
\belowbottomsep=\dimen184
\aboverulesep=\dimen185
\abovetopsep=\dimen186
\cmidrulesep=\dimen187
\cmidrulekern=\dimen188
\defaultaddspace=\dimen189
\@cmidla=\count298
\@cmidlb=\count299
\@aboverulesep=\dimen190
\@belowrulesep=\dimen191
\@thisruleclass=\count300
\@lastruleclass=\count301
\@thisrulewidth=\dimen192
)
(d:/Soft/texlive/2023/texmf-dist/tex/latex/multirow/multirow.sty
Package: multirow 2021/03/15 v2.8 Span multiple rows of a table
\multirow@colwidth=\skip59
\multirow@cntb=\count302
\multirow@dima=\skip60
\bigstrutjot=\dimen193
)
(d:/Soft/texlive/2023/texmf-dist/tex/latex/amsfonts/amssymb.sty
Package: amssymb 2013/01/14 v3.01 AMS font symbols

(d:/Soft/texlive/2023/texmf-dist/tex/latex/amsfonts/amsfonts.sty
Package: amsfonts 2013/01/14 v3.01 Basic AMSFonts support
\symAMSa=\mathgroup4
\symAMSb=\mathgroup5
LaTeX Font Info:    Redeclaring math symbol \hbar on input line 98.
LaTeX Font Info:    Overwriting math alphabet `\mathfrak' in version `bold'
(Font)                  U/euf/m/n --> U/euf/b/n on input line 106.
))
(d:/Soft/texlive/2023/texmf-dist/tex/latex/tools/longtable.sty
Package: longtable 2021-09-01 v4.17 Multi-page Table package (DPC)
\LTleft=\skip61
\LTright=\skip62
\LTpre=\skip63
\LTpost=\skip64
\LTchunksize=\count303
\LTcapwidth=\dimen194
\LT@head=\box59
\LT@firsthead=\box60
\LT@foot=\box61
\LT@lastfoot=\box62
\LT@gbox=\box63
\LT@cols=\count304
\LT@rows=\count305
\c@LT@tables=\count306
\c@LT@chunks=\count307
\LT@p@ftn=\toks29
)
(d:/Soft/texlive/2023/texmf-dist/tex/latex/caption/caption.sty
Package: caption 2023/03/12 v3.6j Customizing captions (AR)

(d:/Soft/texlive/2023/texmf-dist/tex/latex/caption/caption3.sty
Package: caption3 2023/03/12 v2.4 caption3 kernel (AR)
\caption@tempdima=\dimen195
\captionmargin=\dimen196
\caption@leftmargin=\dimen197
\caption@rightmargin=\dimen198
\caption@width=\dimen199
\caption@indent=\dimen256
\caption@parindent=\dimen257
\caption@hangindent=\dimen258
Package caption Info: Standard document class detected.
)
\c@caption@flags=\count308
\c@continuedfloat=\count309
Package caption Info: hyperref package is loaded.
Package caption Info: longtable package is loaded.

(d:/Soft/texlive/2023/texmf-dist/tex/latex/caption/ltcaption.sty
Package: ltcaption 2021/01/08 v1.4c longtable captions (AR)
))
(d:/Soft/texlive/2023/texmf-dist/tex/latex/caption/subcaption.sty
Package: subcaption 2023/02/19 v1.6 Sub-captions (AR)
Package caption Info: New subtype `subfigure' on input line 239.
\c@subfigure=\count310
Package caption Info: New subtype `subtable' on input line 239.
\c@subtable=\count311
)
(d:/Soft/texlive/2023/texmf-dist/tex/latex/graphics/color.sty
Package: color 2022/01/06 v1.3d Standard LaTeX Color (DPC)

(d:/Soft/texlive/2023/texmf-dist/tex/latex/graphics-cfg/color.cfg
File: color.cfg 2016/01/02 v1.6 sample color configuration
)
Package color Info: Driver file: pdftex.def on input line 149.

(d:/Soft/texlive/2023/texmf-dist/tex/latex/graphics/mathcolor.ltx))
(d:/Soft/texlive/2023/texmf-dist/tex/latex/xcolor/xcolor.sty
Package: xcolor 2022/06/12 v2.14 LaTeX color extensions (UK)

(d:/Soft/texlive/2023/texmf-dist/tex/latex/graphics-cfg/color.cfg
File: color.cfg 2016/01/02 v1.6 sample color configuration
)
Package xcolor Info: Driver file: pdftex.def on input line 227.
LaTeX Info: Redefining \color on input line 711.

(d:/Soft/texlive/2023/texmf-dist/tex/latex/graphics/mathcolor.ltx)
Package xcolor Info: Model `cmy' substituted by `cmy0' on input line 1353.
Package xcolor Info: Model `hsb' substituted by `rgb' on input line 1357.
Package xcolor Info: Model `RGB' extended on input line 1369.
Package xcolor Info: Model `HTML' substituted by `rgb' on input line 1371.
Package xcolor Info: Model `Hsb' substituted by `hsb' on input line 1372.
Package xcolor Info: Model `tHsb' substituted by `hsb' on input line 1373.
Package xcolor Info: Model `HSB' substituted by `hsb' on input line 1374.
Package xcolor Info: Model `Gray' substituted by `gray' on input line 1375.
Package xcolor Info: Model `wave' substituted by `hsb' on input line 1376.
)
(d:/Soft/texlive/2023/texmf-dist/tex/latex/bbm-macros/bbm.sty
Package: bbm 1999/03/15 V 1.2 provides fonts for set symbols - TH
LaTeX Font Info:    Overwriting math alphabet `\mathbbm' in version `bold'
(Font)                  U/bbm/m/n --> U/bbm/bx/n on input line 33.
LaTeX Font Info:    Overwriting math alphabet `\mathbbmss' in version `bold'
(Font)                  U/bbmss/m/n --> U/bbmss/bx/n on input line 35.
)
(d:/Soft/texlive/2023/texmf-dist/tex/latex/tablefootnote/tablefootnote.sty
Package: tablefootnote 2014/01/26 v1.1c Table foot notes (HMM)

(d:/Soft/texlive/2023/texmf-dist/tex/latex/xifthen/xifthen.sty
Package: xifthen 2015/11/05 v1.4.0 Extended ifthen features

(d:/Soft/texlive/2023/texmf-dist/tex/latex/tools/calc.sty
Package: calc 2017/05/25 v4.3 Infix arithmetic (KKT,FJ)
\calc@Acount=\count312
\calc@Bcount=\count313
\calc@Adimen=\dimen259
\calc@Bdimen=\dimen260
\calc@Askip=\skip65
\calc@Bskip=\skip66
LaTeX Info: Redefining \setlength on input line 80.
LaTeX Info: Redefining \addtolength on input line 81.
\calc@Ccount=\count314
\calc@Cskip=\skip67
)
(d:/Soft/texlive/2023/texmf-dist/tex/latex/base/ifthen.sty
Package: ifthen 2022/04/13 v1.1d Standard LaTeX ifthen package (DPC)
)
(d:/Soft/texlive/2023/texmf-dist/tex/latex/ifmtarg/ifmtarg.sty
Package: ifmtarg 2018/04/16 v1.2b check for an empty argument
))
(d:/Soft/texlive/2023/texmf-dist/tex/latex/etoolbox/etoolbox.sty
Package: etoolbox 2020/10/05 v2.5k e-TeX tools for LaTeX (JAW)
\etb@tempcnta=\count315
))
(./pythonhighlight.sty
Package: pythonhighlight 2011/09/19 python code highlighting; provided by Olivi
er Verdier <olivier.verdier@gmail.com>

(d:/Soft/texlive/2023/texmf-dist/tex/latex/listings/listings.sty
\lst@mode=\count316
\lst@gtempboxa=\box64
\lst@token=\toks30
\lst@length=\count317
\lst@currlwidth=\dimen261
\lst@column=\count318
\lst@pos=\count319
\lst@lostspace=\dimen262
\lst@width=\dimen263
\lst@newlines=\count320
\lst@lineno=\count321
\lst@maxwidth=\dimen264

(d:/Soft/texlive/2023/texmf-dist/tex/latex/listings/lstmisc.sty
File: lstmisc.sty 2023/02/27 1.9 (Carsten Heinz)
\c@lstnumber=\count322
\lst@skipnumbers=\count323
\lst@framebox=\box65
)
(d:/Soft/texlive/2023/texmf-dist/tex/latex/listings/listings.cfg
File: listings.cfg 2023/02/27 1.9 listings configuration
))
Package: listings 2023/02/27 1.9 (Carsten Heinz)
)
(d:/Soft/texlive/2023/texmf-dist/tex/latex/fancyhdr/fancyhdr.sty
Package: fancyhdr 2022/11/09 v4.1 Extensive control of page headers and footers

\f@nch@headwidth=\skip68
\f@nch@O@elh=\skip69
\f@nch@O@erh=\skip70
\f@nch@O@olh=\skip71
\f@nch@O@orh=\skip72
\f@nch@O@elf=\skip73
\f@nch@O@erf=\skip74
\f@nch@O@olf=\skip75
\f@nch@O@orf=\skip76
)
(d:/Soft/texlive/2023/texmf-dist/tex/latex/lastpage/lastpage.sty
Package: lastpage 2023/03/07 v2.0a lastpage: 2.09 or 2e? (HMM)

(d:/Soft/texlive/2023/texmf-dist/tex/latex/lastpage/lastpage2e.sty
Package: lastpage2e 2023/03/07 v2.0a Decide which 2e lastpage version to use (H
MM)

(d:/Soft/texlive/2023/texmf-dist/tex/latex/lastpage/lastpagemodern.sty
Package: lastpagemodern 2023-03-07 v2.0a Refers to last page's name (HMM; JPG)
) 
))
Package hyperref Info: Option `colorlinks' set `true' on input line 60.
 (d:/Soft/texlive/2023/texmf-dist/tex/latex/cjk/texinput/UTF8/UTF8.enc
File: UTF8.enc 2021/10/16 4.8.5
)
(d:/Soft/texlive/2023/texmf-dist/tex/latex/cjk/texinput/UTF8/UTF8.chr
File: UTF8.chr 2021/10/16 4.8.5
)
(./main.aux)
\openout1 = `main.aux'.

LaTeX Font Info:    Checking defaults for OML/cmm/m/it on input line 68.
LaTeX Font Info:    ... okay on input line 68.
LaTeX Font Info:    Checking defaults for OMS/cmsy/m/n on input line 68.
LaTeX Font Info:    ... okay on input line 68.
LaTeX Font Info:    Checking defaults for OT1/cmr/m/n on input line 68.
LaTeX Font Info:    ... okay on input line 68.
LaTeX Font Info:    Checking defaults for T1/cmr/m/n on input line 68.
LaTeX Font Info:    ... okay on input line 68.
LaTeX Font Info:    Checking defaults for TS1/cmr/m/n on input line 68.
LaTeX Font Info:    ... okay on input line 68.
LaTeX Font Info:    Checking defaults for OMX/cmex/m/n on input line 68.
LaTeX Font Info:    ... okay on input line 68.
LaTeX Font Info:    Checking defaults for U/cmr/m/n on input line 68.
LaTeX Font Info:    ... okay on input line 68.
LaTeX Font Info:    Checking defaults for PD1/pdf/m/n on input line 68.
LaTeX Font Info:    ... okay on input line 68.
LaTeX Font Info:    Checking defaults for PU/pdf/m/n on input line 68.
LaTeX Font Info:    ... okay on input line 68.
LaTeX Font Info:    Checking defaults for C00/song/m/n on input line 68.
LaTeX Font Info:    ... okay on input line 68.
LaTeX Font Info:    Checking defaults for C05/song/m/n on input line 68.
LaTeX Font Info:    ... okay on input line 68.
LaTeX Font Info:    Checking defaults for C09/song/m/n on input line 68.
LaTeX Font Info:    ... okay on input line 68.
LaTeX Font Info:    Checking defaults for C10/song/m/n on input line 68.
LaTeX Font Info:    ... okay on input line 68.
LaTeX Font Info:    Checking defaults for C20/song/m/n on input line 68.
LaTeX Font Info:    ... okay on input line 68.
LaTeX Font Info:    Checking defaults for C19/song/m/n on input line 68.
LaTeX Font Info:    ... okay on input line 68.
LaTeX Font Info:    Checking defaults for C40/song/m/n on input line 68.
LaTeX Font Info:    ... okay on input line 68.
LaTeX Font Info:    Checking defaults for C42/song/m/n on input line 68.
LaTeX Font Info:    ... okay on input line 68.
LaTeX Font Info:    Checking defaults for C43/song/m/n on input line 68.
LaTeX Font Info:    ... okay on input line 68.
LaTeX Font Info:    Checking defaults for C50/song/m/n on input line 68.
LaTeX Font Info:    ... okay on input line 68.
LaTeX Font Info:    Checking defaults for C52/song/m/n on input line 68.
LaTeX Font Info:    ... okay on input line 68.
LaTeX Font Info:    Checking defaults for C49/song/m/n on input line 68.
LaTeX Font Info:    ... okay on input line 68.
LaTeX Font Info:    Checking defaults for C60/mj/m/n on input line 68.
LaTeX Font Info:    ... okay on input line 68.
LaTeX Font Info:    Checking defaults for C61/mj/m/n on input line 68.
LaTeX Font Info:    ... okay on input line 68.
LaTeX Font Info:    Checking defaults for C63/mj/m/n on input line 68.
LaTeX Font Info:    ... okay on input line 68.
LaTeX Font Info:    Checking defaults for C64/mj/m/n on input line 68.
LaTeX Font Info:    ... okay on input line 68.
LaTeX Font Info:    Checking defaults for C65/mj/m/n on input line 68.
LaTeX Font Info:    ... okay on input line 68.
LaTeX Font Info:    Checking defaults for C70/song/m/n on input line 68.
LaTeX Font Info:    ... okay on input line 68.
LaTeX Font Info:    Checking defaults for C31/song/m/n on input line 68.
LaTeX Font Info:    ... okay on input line 68.
LaTeX Font Info:    Checking defaults for C32/song/m/n on input line 68.
LaTeX Font Info:    ... okay on input line 68.
LaTeX Font Info:    Checking defaults for C33/song/m/n on input line 68.
LaTeX Font Info:    ... okay on input line 68.
LaTeX Font Info:    Checking defaults for C34/song/m/n on input line 68.
LaTeX Font Info:    ... okay on input line 68.
LaTeX Font Info:    Checking defaults for C35/song/m/n on input line 68.
LaTeX Font Info:    ... okay on input line 68.
LaTeX Font Info:    Checking defaults for C36/song/m/n on input line 68.
LaTeX Font Info:    ... okay on input line 68.
LaTeX Font Info:    Checking defaults for C37/song/m/n on input line 68.
LaTeX Font Info:    ... okay on input line 68.
LaTeX Font Info:    Checking defaults for C80/song/m/n on input line 68.
LaTeX Font Info:    ... okay on input line 68.
LaTeX Font Info:    Checking defaults for C81/song/m/n on input line 68.
LaTeX Font Info:    ... okay on input line 68.
LaTeX Font Info:    Checking defaults for C01/song/m/n on input line 68.
LaTeX Font Info:    ... okay on input line 68.
LaTeX Font Info:    Checking defaults for C11/song/m/n on input line 68.
LaTeX Font Info:    ... okay on input line 68.
LaTeX Font Info:    Checking defaults for C21/song/m/n on input line 68.
LaTeX Font Info:    ... okay on input line 68.
LaTeX Font Info:    Checking defaults for C41/song/m/n on input line 68.
LaTeX Font Info:    ... okay on input line 68.
LaTeX Font Info:    Checking defaults for C62/song/m/n on input line 68.
LaTeX Font Info:    ... okay on input line 68.

(d:/Soft/texlive/2023/texmf-dist/tex/context/base/mkii/supp-pdf.mkii
[Loading MPS to PDF converter (version 2006.09.02).]
\scratchcounter=\count324
\scratchdimen=\dimen265
\scratchbox=\box66
\nofMPsegments=\count325
\nofMParguments=\count326
\everyMPshowfont=\toks31
\MPscratchCnt=\count327
\MPscratchDim=\dimen266
\MPnumerator=\count328
\makeMPintoPDFobject=\count329
\everyMPtoPDFconversion=\toks32
) (d:/Soft/texlive/2023/texmf-dist/tex/latex/epstopdf-pkg/epstopdf-base.sty
Package: epstopdf-base 2020-01-24 v2.11 Base part for package epstopdf
Package epstopdf-base Info: Redefining graphics rule for `.eps' on input line 4
85.

(d:/Soft/texlive/2023/texmf-dist/tex/latex/latexconfig/epstopdf-sys.cfg
File: epstopdf-sys.cfg 2010/07/13 v1.3 Configuration of (r)epstopdf for TeX Liv
e
))
*geometry* driver: auto-detecting
*geometry* detected driver: pdftex
*geometry* verbose mode - [ preamble ] result:
* driver: pdftex
* paper: letterpaper
* layout: <same size as paper>
* layoutoffset:(h,v)=(0.0pt,0.0pt)
* modes: 
* h-part:(L,W,R)=(72.26999pt, 469.75502pt, 72.26999pt)
* v-part:(T,H,B)=(72.26999pt, 650.43001pt, 72.26999pt)
* \paperwidth=614.295pt
* \paperheight=794.96999pt
* \textwidth=469.75502pt
* \textheight=650.43001pt
* \oddsidemargin=0.0pt
* \evensidemargin=0.0pt
* \topmargin=-37.0pt
* \headheight=12.0pt
* \headsep=25.0pt
* \topskip=10.0pt
* \footskip=30.0pt
* \marginparwidth=57.0pt
* \marginparsep=11.0pt
* \columnsep=10.0pt
* \skip\footins=9.0pt plus 4.0pt minus 2.0pt
* \hoffset=0.0pt
* \voffset=0.0pt
* \mag=1000
* \@twocolumnfalse
* \@twosidefalse
* \@mparswitchfalse
* \@reversemarginfalse
* (1in=72.27pt=25.4mm, 1cm=28.453pt)

Package hyperref Info: Link coloring ON on input line 68.
(./main.out) (./main.out)
\@outlinefile=\write3
\openout3 = `main.out'.

Package caption Info: Begin \AtBeginDocument code.
Package caption Info: listings package is loaded.
Package caption Info: End \AtBeginDocument code.
\c@lstlisting=\count330
LaTeX Font Info:    Trying to load font information for C70+zhsong on input lin
e 75.

(d:/Soft/texlive/2023/texmf-dist/tex/latex/zhmetrics/c70zhsong.fd
File: c70zhsong.fd 2009/09/23 4.8.2
)
LaTeX Font Info:    Trying to load font information for U+msa on input line 75.


(d:/Soft/texlive/2023/texmf-dist/tex/latex/amsfonts/umsa.fd
File: umsa.fd 2013/01/14 v3.01 AMS symbols A
)
LaTeX Font Info:    Trying to load font information for U+msb on input line 75.


(d:/Soft/texlive/2023/texmf-dist/tex/latex/amsfonts/umsb.fd
File: umsb.fd 2013/01/14 v3.01 AMS symbols B
) (./main.toc
LaTeX Font Info:    Trying to load font information for C70+rm on input line 2.


(d:/Soft/texlive/2023/texmf-dist/tex/latex/ctex/fd/c70rm.fd
File: c70rm.fd 2022/07/14 v2.5.10 Chinese font definition (CTEX)
)
(d:/Soft/texlive/2023/texmf-dist/tex/generic/ctex/zhmap/ctex-zhmap-windows.tex
File: ctex-zhmap-windows.tex 2022/07/14 v2.5.10 Windows font map loader for pdf
TeX and DVIPDFMx (CTEX)
{d:/Soft/texlive/2023/texmf-var/fonts/map/pdftex/updmap/pdftex.map}{UGBK.sfd}{U
nicode.sfd}) [1

])
\tf@toc=\write4
\openout4 = `main.toc'.

Package CJKpunct Info: use punctuation spaces for family 'rm' with punctstyle (
quanjiao) on input line 96.
 [2]
<picture/LLIE/EEMEFN/EEMEFN framework.jpg, id=382, 1177.90062pt x 748.7975pt>
File: picture/LLIE/EEMEFN/EEMEFN framework.jpg Graphic file (type jpg)
<use picture/LLIE/EEMEFN/EEMEFN framework.jpg>
Package pdftex.def Info: picture/LLIE/EEMEFN/EEMEFN framework.jpg  used on inpu
t line 102.
(pdftex.def)             Requested size: 469.75502pt x 298.62248pt.
 [3 <./picture/LLIE/EEMEFN/EEMEFN framework.jpg>]
<picture/LLIE/Structure Modeling and Guidance/Overview.jpg, id=461, 1339.0025pt
 x 627.84563pt>
File: picture/LLIE/Structure Modeling and Guidance/Overview.jpg Graphic file (t
ype jpg)
<use picture/LLIE/Structure Modeling and Guidance/Overview.jpg>
Package pdftex.def Info: picture/LLIE/Structure Modeling and Guidance/Overview.
jpg  used on input line 133.
(pdftex.def)             Requested size: 469.75502pt x 220.26659pt.
 [4 <./picture/LLIE/Structure Modeling and Guidance/Overview.jpg>]
<picture/LLIE/Conformer/the proposed Conformer.jpg, id=484, 1046.91125pt x 566.
115pt>
File: picture/LLIE/Conformer/the proposed Conformer.jpg Graphic file (type jpg)

<use picture/LLIE/Conformer/the proposed Conformer.jpg>
Package pdftex.def Info: picture/LLIE/Conformer/the proposed Conformer.jpg  use
d on input line 163.
(pdftex.def)             Requested size: 469.75502pt x 254.01515pt.


pdfTeX warning: pdflatex.exe (file ./picture/LLIE/My Architecture/The proposed 
architecture.pdf): PDF inclusion: found PDF version <1.7>, but at most version 
<1.5> allowed
<picture/LLIE/My Architecture/The proposed architecture.pdf, id=490, 844.95674p
t x 597.432pt>
File: picture/LLIE/My Architecture/The proposed architecture.pdf Graphic file (
type pdf)
<use picture/LLIE/My Architecture/The proposed architecture.pdf>
Package pdftex.def Info: picture/LLIE/My Architecture/The proposed architecture
.pdf  used on input line 179.
(pdftex.def)             Requested size: 469.75502pt x 332.14388pt.


pdfTeX warning: pdflatex.exe (file ./picture/LLIE/My Architecture/U-Net and AM.
pdf): PDF inclusion: found PDF version <1.7>, but at most version <1.5> allowed

<picture/LLIE/My Architecture/U-Net and AM.pdf, id=495, 844.95674pt x 597.432pt
>
File: picture/LLIE/My Architecture/U-Net and AM.pdf Graphic file (type pdf)
<use picture/LLIE/My Architecture/U-Net and AM.pdf>
Package pdftex.def Info: picture/LLIE/My Architecture/U-Net and AM.pdf  used on
 input line 190.
(pdftex.def)             Requested size: 469.75502pt x 332.14388pt.
[5 <./picture/LLIE/Conformer/the proposed Conformer.jpg>] [6 <./picture/LLIE/My
 Architecture/The proposed architecture.pdf>] [7 <./picture/LLIE/My Architectur
e/U-Net and AM.pdf>]
Package CJKpunct Info: use punctuation spaces for family 'zhsong' with punctsty
le (quanjiao) on input line 250.
 [8]
<picture/LLIE/LACN/LACN model structure.jpg, id=647, 890.82813pt x 398.99063pt>

File: picture/LLIE/LACN/LACN model structure.jpg Graphic file (type jpg)
<use picture/LLIE/LACN/LACN model structure.jpg>
Package pdftex.def Info: picture/LLIE/LACN/LACN model structure.jpg  used on in
put line 300.
(pdftex.def)             Requested size: 469.75502pt x 210.3986pt.
 [9]
<picture/LLIE/LACN/FFM structure.jpg, id=655, 501.37312pt x 164.11313pt>
File: picture/LLIE/LACN/FFM structure.jpg Graphic file (type jpg)
<use picture/LLIE/LACN/FFM structure.jpg>
Package pdftex.def Info: picture/LLIE/LACN/FFM structure.jpg  used on input lin
e 324.
(pdftex.def)             Requested size: 375.80544pt x 123.01692pt.
 [10 <./picture/LLIE/LACN/LACN model structure.jpg> <./picture/LLIE/LACN/FFM st
ructure.jpg>]
<picture/LLIE/DHN/Architecture.jpg, id=662, 984.67876pt x 407.5225pt>
File: picture/LLIE/DHN/Architecture.jpg Graphic file (type jpg)
<use picture/LLIE/DHN/Architecture.jpg>
Package pdftex.def Info: picture/LLIE/DHN/Architecture.jpg  used on input line 
377.
(pdftex.def)             Requested size: 469.75502pt x 194.41466pt.
 [11 <./picture/LLIE/DHN/Architecture.jpg>]
Overfull \hbox (10.00606pt too wide) in paragraph at lines 406--407
[]\C70/rm/m/n/10/75 1 \C70/rm/m/n/10/4e Ž \C70/rm/m/n/10/51 … \C70/rm/m/n/10/5b
 ¹ \C70/rm/m/n/10/6d A \C70/rm/m/n/10/4e - \C70/rm/m/n/10/76 „ \C70/rm/m/n/10/7
f ^^V \C70/rm/m/n/10/78 ^^A \C70/rm/m/n/10/56 h \C70/rm/m/n/10/7f Q \C70/rm/m/n
/10/7e Ü \C70/rm/m/n/10/4e " \C70/rm/m/n/10/59 1 \C70/rm/m/n/10/4e † ^^@ › \C70
/rm/m/n/10/56 þ \C70/rm/m/n/10/50 Ï \C70/rm/m/n/10/7e Æ \C70/rm/m/n/10/82 ‚|\C7
0/rm/m/n/10/ff ^^L| \C70/rm/m/n/10/62 ^^Q \C70/rm/m/n/10/4e ì \C70/rm/m/n/10/63
 Ð \C70/rm/m/n/10/51 ú \C70/rm/m/n/10/4e † ^^@ \C70/rm/m/n/10/79 Í \C70/rm/m/n/
10/8f ¹ \C70/rm/m/n/10/7f ^^X \C70/rm/m/n/10/6d A \C70/rm/m/n/10/7f Q \C70/rm/m
/n/10/7e Ü|\C70/rm/m/n/10/ff ^^L| \C70/rm/m/n/10/90 ^^Z \C70/rm/m/n/10/8f Ç \C7
0/rm/m/n/10/7e Ó \C70/rm/m/n/10/54 ^^H \C70/rm/m/n/10/7a z \C70/rm/m/n/10/95 ô 
\C70/rm/m/n/10/53 Ø \C70/rm/m/n/10/5f ^^B\OT1/cmr/m/n/10 RNN|\C70/rm/m/n/10/ff 
^^L|
 []

[12]
<picture/LLIE/Fusion-based/decomposition and enhancement.jpg, id=676, 522.45187
pt x 447.17062pt>
File: picture/LLIE/Fusion-based/decomposition and enhancement.jpg Graphic file 
(type jpg)
<use picture/LLIE/Fusion-based/decomposition and enhancement.jpg>
Package pdftex.def Info: picture/LLIE/Fusion-based/decomposition and enhancemen
t.jpg  used on input line 465.
(pdftex.def)             Requested size: 328.82707pt x 281.44604pt.
 [13] [14 <./picture/LLIE/Fusion-based/decomposition and enhancement.jpg>]
<picture/LLIE/Multi-exposure fusion/Schematic diagram.jpg, id=693, 1144.77687pt
 x 618.31pt>
File: picture/LLIE/Multi-exposure fusion/Schematic diagram.jpg Graphic file (ty
pe jpg)
<use picture/LLIE/Multi-exposure fusion/Schematic diagram.jpg>
Package pdftex.def Info: picture/LLIE/Multi-exposure fusion/Schematic diagram.j
pg  used on input line 539.
(pdftex.def)             Requested size: 469.75502pt x 253.72574pt.

[15 <./picture/LLIE/Multi-exposure fusion/Schematic diagram.jpg>]
<picture/LLIE/Fusion-Based LLIE/Parallel fusion frame diagram.jpg, id=701, 943.
525pt x 306.64563pt>
File: picture/LLIE/Fusion-Based LLIE/Parallel fusion frame diagram.jpg Graphic 
file (type jpg)
<use picture/LLIE/Fusion-Based LLIE/Parallel fusion frame diagram.jpg>
Package pdftex.def Info: picture/LLIE/Fusion-Based LLIE/Parallel fusion frame d
iagram.jpg  used on input line 586.
(pdftex.def)             Requested size: 469.75502pt x 152.67204pt.
 [16 <./picture/LLIE/Fusion-Based LLIE/Parallel fusion frame diagram.jpg>]
<picture/LLIE/Dual UNet/DUAMNet framework.jpg, id=707, 946.03438pt x 546.54187p
t>
File: picture/LLIE/Dual UNet/DUAMNet framework.jpg Graphic file (type jpg)
<use picture/LLIE/Dual UNet/DUAMNet framework.jpg>
Package pdftex.def Info: picture/LLIE/Dual UNet/DUAMNet framework.jpg  used on 
input line 628.
(pdftex.def)             Requested size: 469.75502pt x 271.38551pt.
 [17]
Overfull \hbox (18.35605pt too wide) in paragraph at lines 678--679
[]\C70/rm/m/n/10/4f \ \C70/rm/m/n/10/80 ^^E \C70/rm/m/n/10/5f ^^U \C70/rm/m/n/1
0/51 e \C70/rm/m/n/10/4e † ^^@ * \C70/rm/m/n/10/5e & \C70/rm/m/n/10/67 	 \C70/r
m/m/n/10/6b ‹ \C70/rm/m/n/10/5d î \C70/rm/m/n/10/5b f \C70/rm/m/n/10/4e ` \C70/
rm/m/n/10/54 Œ \C70/rm/m/n/10/6c è \C70/rm/m/n/10/61 ^^O \C70/rm/m/n/10/67 : \C
70/rm/m/n/10/52 6 \C70/rm/m/n/10/76 „ \C70/rm/m/n/10/59 ^^Z \C70/rm/m/n/10/5c :
 \C70/rm/m/n/10/5e ¦ \C70/rm/m/n/10/5b f \C70/rm/m/n/10/4e ` \C70/rm/m/n/10/57 
W|\C70/rm/m/n/10/ff ^^L| \C70/rm/m/n/10/79 ð \C70/rm/m/n/10/4e : \OT1/cmr/m/n/1
0 ARMB|\C70/rm/m/n/10/ff ^^L| \C70/rm/m/n/10/67 e \C70/rm/m/n/10/5b f \C70/rm/m
/n/10/4e ` \C70/rm/m/n/10/59 ^^Z \C70/rm/m/n/10/5c : \C70/rm/m/n/10/5e ¦ \C70/r
m/m/n/10/88 h \C70/rm/m/n/10/79 :|\C70/rm/m/n/10/30 ^^B| \C70/rm/m/n/10/57 (\OT
1/cmr/m/n/10 ARMB\C70/rm/m/n/10/76 „
 []

[18 <./picture/LLIE/Dual UNet/DUAMNet framework.jpg>]
<picture/LLIE/MCLNet/Overview.jpg, id=717, 1027.33812pt x 392.46625pt>
File: picture/LLIE/MCLNet/Overview.jpg Graphic file (type jpg)
<use picture/LLIE/MCLNet/Overview.jpg>
Package pdftex.def Info: picture/LLIE/MCLNet/Overview.jpg  used on input line 6
90.
(pdftex.def)             Requested size: 469.75502pt x 179.45871pt.
<picture/LLIE/MCLNet/BSAM.jpg, id=719, 634.37pt x 309.155pt>
File: picture/LLIE/MCLNet/BSAM.jpg Graphic file (type jpg)
<use picture/LLIE/MCLNet/BSAM.jpg>
Package pdftex.def Info: picture/LLIE/MCLNet/BSAM.jpg  used on input line 703.
(pdftex.def)             Requested size: 328.82707pt x 160.25676pt.
<picture/LLIE/MCLNet/ARMB.jpg, id=720, 874.76813pt x 423.08063pt>
File: picture/LLIE/MCLNet/ARMB.jpg Graphic file (type jpg)
<use picture/LLIE/MCLNet/ARMB.jpg>
Package pdftex.def Info: picture/LLIE/MCLNet/ARMB.jpg  used on input line 714.
(pdftex.def)             Requested size: 328.82707pt x 159.03572pt.
<picture/LLIE/MCLNet/CEM.jpg, id=721, 872.76062pt x 345.29pt>
File: picture/LLIE/MCLNet/CEM.jpg Graphic file (type jpg)
<use picture/LLIE/MCLNet/CEM.jpg>
Package pdftex.def Info: picture/LLIE/MCLNet/CEM.jpg  used on input line 725.
(pdftex.def)             Requested size: 328.82707pt x 130.09459pt.
 [19 <./picture/LLIE/MCLNet/Overview.jpg> <./picture/LLIE/MCLNet/BSAM.jpg>] [20
 <./picture/LLIE/MCLNet/ARMB.jpg> <./picture/LLIE/MCLNet/CEM.jpg>]
<picture/LLIE/CBAM/CBAM-overview.jpg, id=741, 561.09625pt x 172.645pt>
File: picture/LLIE/CBAM/CBAM-overview.jpg Graphic file (type jpg)
<use picture/LLIE/CBAM/CBAM-overview.jpg>
Package pdftex.def Info: picture/LLIE/CBAM/CBAM-overview.jpg  used on input lin
e 777.
(pdftex.def)             Requested size: 328.82707pt x 101.17735pt.
 [21]
<picture/LLIE/CBAM/Attention Module.jpg, id=750, 560.0925pt x 276.03125pt>
File: picture/LLIE/CBAM/Attention Module.jpg Graphic file (type jpg)
<use picture/LLIE/CBAM/Attention Module.jpg>
Package pdftex.def Info: picture/LLIE/CBAM/Attention Module.jpg  used on input 
line 804.
(pdftex.def)             Requested size: 328.82707pt x 162.06096pt.
 [22 <./picture/LLIE/CBAM/CBAM-overview.jpg> <./picture/LLIE/CBAM/Attention Mod
ule.jpg>] [23]
<picture/LLIE/SCConv/SCConv.jpg, id=769, 697.10437pt x 143.03438pt>
File: picture/LLIE/SCConv/SCConv.jpg Graphic file (type jpg)
<use picture/LLIE/SCConv/SCConv.jpg>
Package pdftex.def Info: picture/LLIE/SCConv/SCConv.jpg  used on input line 869
.
(pdftex.def)             Requested size: 469.75502pt x 96.38689pt.
<picture/LLIE/SCConv/Spatial Reconstruction Unit.jpg, id=770, 608.77437pt x 238
.8925pt>
File: picture/LLIE/SCConv/Spatial Reconstruction Unit.jpg Graphic file (type jp
g)
<use picture/LLIE/SCConv/Spatial Reconstruction Unit.jpg>
Package pdftex.def Info: picture/LLIE/SCConv/Spatial Reconstruction Unit.jpg  u
sed on input line 890.
(pdftex.def)             Requested size: 469.75502pt x 184.34511pt.
 [24 <./picture/LLIE/SCConv/SCConv.jpg> <./picture/LLIE/SCConv/Spatial Reconstr
uction Unit.jpg>]
<picture/LLIE/SCConv/Chanel Reconstruction Unit.jpg, id=778, 608.2725pt x 216.8
1pt>
File: picture/LLIE/SCConv/Chanel Reconstruction Unit.jpg Graphic file (type jpg
)
<use picture/LLIE/SCConv/Chanel Reconstruction Unit.jpg>
Package pdftex.def Info: picture/LLIE/SCConv/Chanel Reconstruction Unit.jpg  us
ed on input line 932.
(pdftex.def)             Requested size: 469.75502pt x 167.44044pt.

[25 <./picture/LLIE/SCConv/Chanel Reconstruction Unit.jpg>] (./main.bbl
[26]) [27] 
enddocument/afterlastpage: lastpage setting LastPage.
(./main.aux)
Package rerunfilecheck Info: File `main.out' has not changed.
(rerunfilecheck)             Checksum: 78765F58EB543A8E9A33A2EAEF9CCA94;10183.
 ) 
Here is how much of TeX's memory you used:
 20717 strings out of 476025
 356125 string characters out of 5791521
 1882382 words of memory out of 5000000
 40303 multiletter control sequences out of 15000+600000
 584727 words of font info for 298 fonts, out of 8000000 for 9000
 1141 hyphenation exceptions out of 8191
 78i,13n,80p,1609b,589s stack positions out of 10000i,1000n,20000p,200000b,200000s
<c:/Windows/Fonts/simsun.ttc><c:/Windows/Fonts/simhei.ttf><c:/Windows/Fonts/s
imhei.ttf><c:/Windows/Fonts/simhei.ttf><c:/Windows/Fonts/simhei.ttf><c:/Windows
/Fonts/simhei.ttf><c:/Windows/Fonts/simsun.ttc><c:/Windows/Fonts/simsun.ttc><c:
/Windows/Fonts/simsun.ttc><c:/Windows/Fonts/simsun.ttc><c:/Windows/Fonts/simsun
.ttc><c:/Windows/Fonts/simsun.ttc><c:/Windows/Fonts/simsun.ttc><c:/Windows/Font
s/simsun.ttc><c:/Windows/Fonts/simsun.ttc><c:/Windows/Fonts/simsun.ttc><c:/Wind
ows/Fonts/simhei.ttf><c:/Windows/Fonts/simhei.ttf><c:/Windows/Fonts/simhei.ttf>
<c:/Windows/Fonts/simhei.ttf><c:/Windows/Fonts/simhei.ttf><c:/Windows/Fonts/sim
hei.ttf><c:/Windows/Fonts/simhei.ttf><c:/Windows/Fonts/simhei.ttf><c:/Windows/F
onts/simsun.ttc><c:/Windows/Fonts/simsun.ttc><c:/Windows/Fonts/simhei.ttf><c:/W
indows/Fonts/simsun.ttc><c:/Windows/Fonts/simsun.ttc><c:/Windows/Fonts/simsun.t
tc><c:/Windows/Fonts/simsun.ttc><c:/Windows/Fonts/simsun.ttc><c:/Windows/Fonts/
simsun.ttc><c:/Windows/Fonts/simsun.ttc><c:/Windows/Fonts/simsun.ttc><c:/Window
s/Fonts/simsun.ttc><c:/Windows/Fonts/simsun.ttc><c:/Windows/Fonts/simsun.ttc><c
:/Windows/Fonts/simsun.ttc><c:/Windows/Fonts/simsun.ttc><c:/Windows/Fonts/simsu
n.ttc><c:/Windows/Fonts/simsun.ttc><c:/Windows/Fonts/simsun.ttc><c:/Windows/Fon
ts/simsun.ttc><c:/Windows/Fonts/simsun.ttc><c:/Windows/Fonts/simsun.ttc><c:/Win
dows/Fonts/simsun.ttc><c:/Windows/Fonts/simsun.ttc><c:/Windows/Fonts/simsun.ttc
><c:/Windows/Fonts/simsun.ttc><c:/Windows/Fonts/simsun.ttc><c:/Windows/Fonts/si
msun.ttc><c:/Windows/Fonts/simsun.ttc><c:/Windows/Fonts/simsun.ttc><c:/Windows/
Fonts/simsun.ttc><c:/Windows/Fonts/simsun.ttc><c:/Windows/Fonts/simhei.ttf><c:/
Windows/Fonts/simhei.ttf><c:/Windows/Fonts/simhei.ttf><c:/Windows/Fonts/simhei.
ttf><c:/Windows/Fonts/simhei.ttf><c:/Windows/Fonts/simhei.ttf><c:/Windows/Fonts
/simhei.ttf><c:/Windows/Fonts/simsun.ttc><c:/Windows/Fonts/simsun.ttc><c:/Windo
ws/Fonts/simsun.ttc><c:/Windows/Fonts/simsun.ttc><c:/Windows/Fonts/simsun.ttc><
c:/Windows/Fonts/simsun.ttc><c:/Windows/Fonts/simsun.ttc><c:/Windows/Fonts/sims
un.ttc><c:/Windows/Fonts/simsun.ttc><c:/Windows/Fonts/simsun.ttc><c:/Windows/Fo
nts/simsun.ttc><c:/Windows/Fonts/simsun.ttc><c:/Windows/Fonts/simsun.ttc><c:/Wi
ndows/Fonts/simsun.ttc><c:/Windows/Fonts/simsun.ttc><c:/Windows/Fonts/simsun.tt
c><c:/Windows/Fonts/simsun.ttc><c:/Windows/Fonts/simsun.ttc><c:/Windows/Fonts/s
imsun.ttc><c:/Windows/Fonts/simsun.ttc><c:/Windows/Fonts/simsun.ttc><c:/Windows
/Fonts/simsun.ttc><c:/Windows/Fonts/simsun.ttc><c:/Windows/Fonts/simsun.ttc><c:
/Windows/Fonts/simsun.ttc><c:/Windows/Fonts/simsun.ttc><c:/Windows/Fonts/simsun
.ttc><c:/Windows/Fonts/simsun.ttc><c:/Windows/Fonts/simsun.ttc><c:/Windows/Font
s/simsun.ttc><c:/Windows/Fonts/simsun.ttc><c:/Windows/Fonts/simsun.ttc><c:/Wind
ows/Fonts/simhei.ttf><c:/Windows/Fonts/simhei.ttf><c:/Windows/Fonts/simsun.ttc>
<c:/Windows/Fonts/simsun.ttc><c:/Windows/Fonts/simsun.ttc><c:/Windows/Fonts/sim
sun.ttc><c:/Windows/Fonts/simsun.ttc><d:/Soft/texlive/2023/texmf-dist/fonts/typ
e1/public/amsfonts/cm/cmbx10.pfb><d:/Soft/texlive/2023/texmf-dist/fonts/type1/p
ublic/amsfonts/cm/cmbx12.pfb><d:/Soft/texlive/2023/texmf-dist/fonts/type1/publi
c/amsfonts/cm/cmbx7.pfb><d:/Soft/texlive/2023/texmf-dist/fonts/type1/public/ams
fonts/cm/cmbx9.pfb><d:/Soft/texlive/2023/texmf-dist/fonts/type1/public/amsfonts
/cm/cmex10.pfb><d:/Soft/texlive/2023/texmf-dist/fonts/type1/public/amsfonts/cm/
cmmi10.pfb><d:/Soft/texlive/2023/texmf-dist/fonts/type1/public/amsfonts/cm/cmmi
7.pfb><d:/Soft/texlive/2023/texmf-dist/fonts/type1/public/amsfonts/cm/cmmi8.pfb
><d:/Soft/texlive/2023/texmf-dist/fonts/type1/public/amsfonts/cm/cmr10.pfb><d:/
Soft/texlive/2023/texmf-dist/fonts/type1/public/amsfonts/cm/cmr12.pfb><d:/Soft/
texlive/2023/texmf-dist/fonts/type1/public/amsfonts/cm/cmr6.pfb><d:/Soft/texliv
e/2023/texmf-dist/fonts/type1/public/amsfonts/cm/cmr7.pfb><d:/Soft/texlive/2023
/texmf-dist/fonts/type1/public/amsfonts/cm/cmr8.pfb><d:/Soft/texlive/2023/texmf
-dist/fonts/type1/public/amsfonts/cm/cmr9.pfb><d:/Soft/texlive/2023/texmf-dist/
fonts/type1/public/amsfonts/cm/cmsy10.pfb><d:/Soft/texlive/2023/texmf-dist/font
s/type1/public/amsfonts/cm/cmsy6.pfb><d:/Soft/texlive/2023/texmf-dist/fonts/typ
e1/public/amsfonts/cm/cmsy7.pfb><d:/Soft/texlive/2023/texmf-dist/fonts/type1/pu
blic/amsfonts/cm/cmsy8.pfb><d:/Soft/texlive/2023/texmf-dist/fonts/type1/public/
amsfonts/cm/cmti10.pfb><d:/Soft/texlive/2023/texmf-dist/fonts/type1/public/amsf
onts/symbols/msbm10.pfb>
Output written on main.pdf (27 pages, 9630234 bytes).
PDF statistics:
 1225 PDF objects out of 1440 (max. 8388607)
 900 compressed objects within 9 object streams
 133 named destinations out of 1000 (max. 500000)
 870 words of extra memory for PDF output out of 10000 (max. 10000000)

