This is pdfTeX, Version 3.141592653-2.6-1.40.25 (TeX Live 2023) (preloaded format=pdflatex 2023.4.2)  26 APR 2023 20:57
entering extended mode
 restricted \write18 enabled.
 %&-line parsing enabled.
**main.tex
(./main.tex
LaTeX2e <2022-11-01> patch level 1
L3 programming layer <2023-02-22> (./ieeecolor.cls

LaTeX Warning: You have requested document class `ieeecolor',
               but the document class provides `IEEEtran'.

Document Class: IEEEtran 2002/11/18 revision V1.6b by Michael Shell
-- See the "IEEEtran_HOWTO" manual for usage information.
-- The source comments contain changelog notes.
(d:/Soft/texlive/2023/texmf-dist/tex/latex/graphics/color.sty
Package: color 2022/01/06 v1.3d Standard LaTeX Color (DPC)

(d:/Soft/texlive/2023/texmf-dist/tex/latex/graphics-cfg/color.cfg
File: color.cfg 2016/01/02 v1.6 sample color configuration
)
Package color Info: Driver file: pdftex.def on input line 149.

(d:/Soft/texlive/2023/texmf-dist/tex/latex/graphics-def/pdftex.def
File: pdftex.def 2022/09/22 v1.2b Graphics/color driver for pdftex
)
(d:/Soft/texlive/2023/texmf-dist/tex/latex/graphics/mathcolor.ltx))
\@draftversionrule=\dimen140
\@IEEEtrantmpdimenA=\dimen141
\@IEEEtrantmpdimenB=\dimen142
\@IEEEtrantmpcountA=\count185
\@IEEEtrantmpcountB=\count186
\@IEEEtrantmptoksA=\toks16
LaTeX Font Info:    Trying to load font information for OT1+ptm on input line 8
34.

(d:/Soft/texlive/2023/texmf-dist/tex/latex/psnfss/ot1ptm.fd
File: ot1ptm.fd 2001/06/04 font definitions for OT1/ptm.
)
\@IEEEnormalsizefontbaselineskip=\skip48

-- This is a 10 point document.
\normalsizebaselineskip=\skip49
\normaljot=\skip50
LaTeX Font Info:    Font shape `OT1/ptm/bx/n' in size <5> not available
(Font)              Font shape `OT1/ptm/b/n' tried instead on input line 1180.
LaTeX Font Info:    Font shape `OT1/ptm/bx/it' in size <5> not available
(Font)              Font shape `OT1/ptm/b/it' tried instead on input line 1180.

LaTeX Font Info:    Font shape `OT1/ptm/bx/n' in size <7> not available
(Font)              Font shape `OT1/ptm/b/n' tried instead on input line 1180.
LaTeX Font Info:    Font shape `OT1/ptm/bx/it' in size <7> not available
(Font)              Font shape `OT1/ptm/b/it' tried instead on input line 1180.

LaTeX Font Info:    Font shape `OT1/ptm/bx/n' in size <8> not available
(Font)              Font shape `OT1/ptm/b/n' tried instead on input line 1180.
LaTeX Font Info:    Font shape `OT1/ptm/bx/it' in size <8> not available
(Font)              Font shape `OT1/ptm/b/it' tried instead on input line 1180.

LaTeX Font Info:    Font shape `OT1/ptm/bx/n' in size <9> not available
(Font)              Font shape `OT1/ptm/b/n' tried instead on input line 1180.
LaTeX Font Info:    Font shape `OT1/ptm/bx/it' in size <9> not available
(Font)              Font shape `OT1/ptm/b/it' tried instead on input line 1180.

LaTeX Font Info:    Font shape `OT1/ptm/bx/n' in size <10> not available
(Font)              Font shape `OT1/ptm/b/n' tried instead on input line 1180.
LaTeX Font Info:    Font shape `OT1/ptm/bx/it' in size <10> not available
(Font)              Font shape `OT1/ptm/b/it' tried instead on input line 1180.

LaTeX Font Info:    Font shape `OT1/ptm/bx/n' in size <11> not available
(Font)              Font shape `OT1/ptm/b/n' tried instead on input line 1180.
LaTeX Font Info:    Font shape `OT1/ptm/bx/it' in size <11> not available
(Font)              Font shape `OT1/ptm/b/it' tried instead on input line 1180.

LaTeX Font Info:    Font shape `OT1/ptm/bx/n' in size <12> not available
(Font)              Font shape `OT1/ptm/b/n' tried instead on input line 1180.
LaTeX Font Info:    Font shape `OT1/ptm/bx/it' in size <12> not available
(Font)              Font shape `OT1/ptm/b/it' tried instead on input line 1180.

LaTeX Font Info:    Font shape `OT1/ptm/bx/n' in size <17> not available
(Font)              Font shape `OT1/ptm/b/n' tried instead on input line 1180.
LaTeX Font Info:    Font shape `OT1/ptm/bx/it' in size <17> not available
(Font)              Font shape `OT1/ptm/b/it' tried instead on input line 1180.

LaTeX Font Info:    Font shape `OT1/ptm/bx/n' in size <20> not available
(Font)              Font shape `OT1/ptm/b/n' tried instead on input line 1180.
LaTeX Font Info:    Font shape `OT1/ptm/bx/it' in size <20> not available
(Font)              Font shape `OT1/ptm/b/it' tried instead on input line 1180.

LaTeX Font Info:    Font shape `OT1/ptm/bx/n' in size <24> not available
(Font)              Font shape `OT1/ptm/b/n' tried instead on input line 1180.
LaTeX Font Info:    Font shape `OT1/ptm/bx/it' in size <24> not available
(Font)              Font shape `OT1/ptm/b/it' tried instead on input line 1180.

\IEEEilabelindentA=\dimen143
\IEEEilabelindentB=\dimen144
\IEEEilabelindent=\dimen145
\IEEEelabelindent=\dimen146
\IEEEdlabelindent=\dimen147
\labelindent=\dimen148
\IEEEiednormlabelsep=\dimen149
\IEEEiedmathlabelsep=\dimen150
\IEEEiedtopsep=\skip51
\c@section=\count187
\c@subsection=\count188
\c@subsubsection=\count189
\c@paragraph=\count190
\c@IEEEsubequation=\count191
\abovecaptionskip=\skip52
\belowcaptionskip=\skip53
\figbox=\box51
\c@figure=\count192
\c@query=\count193
\c@qry=\count194
\c@nquery=\count195
\c@tquery=\count196
\c@equery=\count197
\c@eqry=\count198
\c@edquery=\count199
\c@etquery=\count266
\c@table=\count267
\@IEEEeqnnumcols=\count268
\@IEEEeqncolcnt=\count269
\firstpagerule=\skip54
\logowidth=\skip55
\@IEEEtmpitemindent=\dimen151
\c@biography=\count270
\c@edbiography=\count271
LaTeX Info: Redefining \sf on input line 4869.
\@IEEEtranrubishbin=\box52
) (./generic.sty) (d:/Soft/texlive/2023/texmf-dist/tex/latex/cite/cite.sty
LaTeX Info: Redefining \cite on input line 302.
LaTeX Info: Redefining \nocite on input line 332.
Package: cite 2015/02/27  v 5.5
)
(d:/Soft/texlive/2023/texmf-dist/tex/latex/amsmath/amsmath.sty
Package: amsmath 2022/04/08 v2.17n AMS math features
\@mathmargin=\skip56

For additional information on amsmath, use the `?' option.
(d:/Soft/texlive/2023/texmf-dist/tex/latex/amsmath/amstext.sty
Package: amstext 2021/08/26 v2.01 AMS text

(d:/Soft/texlive/2023/texmf-dist/tex/latex/amsmath/amsgen.sty
File: amsgen.sty 1999/11/30 v2.0 generic functions
\@emptytoks=\toks17
\ex@=\dimen152
))
(d:/Soft/texlive/2023/texmf-dist/tex/latex/amsmath/amsbsy.sty
Package: amsbsy 1999/11/29 v1.2d Bold Symbols
\pmbraise@=\dimen153
)
(d:/Soft/texlive/2023/texmf-dist/tex/latex/amsmath/amsopn.sty
Package: amsopn 2022/04/08 v2.04 operator names
)
\inf@bad=\count272
LaTeX Info: Redefining \frac on input line 234.
\uproot@=\count273
\leftroot@=\count274
LaTeX Info: Redefining \overline on input line 399.
LaTeX Info: Redefining \colon on input line 410.
\classnum@=\count275
\DOTSCASE@=\count276
LaTeX Info: Redefining \ldots on input line 496.
LaTeX Info: Redefining \dots on input line 499.
LaTeX Info: Redefining \cdots on input line 620.
\Mathstrutbox@=\box53
\strutbox@=\box54
LaTeX Info: Redefining \big on input line 722.
LaTeX Info: Redefining \Big on input line 723.
LaTeX Info: Redefining \bigg on input line 724.
LaTeX Info: Redefining \Bigg on input line 725.
\big@size=\dimen154
LaTeX Font Info:    Redeclaring font encoding OML on input line 743.
LaTeX Font Info:    Redeclaring font encoding OMS on input line 744.
\macc@depth=\count277
LaTeX Info: Redefining \bmod on input line 905.
LaTeX Info: Redefining \pmod on input line 910.
LaTeX Info: Redefining \smash on input line 940.
LaTeX Info: Redefining \relbar on input line 970.
LaTeX Info: Redefining \Relbar on input line 971.
\c@MaxMatrixCols=\count278
\dotsspace@=\muskip16
\c@parentequation=\count279
\dspbrk@lvl=\count280
\tag@help=\toks18
\row@=\count281
\column@=\count282
\maxfields@=\count283
\andhelp@=\toks19
\eqnshift@=\dimen155
\alignsep@=\dimen156
\tagshift@=\dimen157
\tagwidth@=\dimen158
\totwidth@=\dimen159
\lineht@=\dimen160
\@envbody=\toks20
\multlinegap=\skip57
\multlinetaggap=\skip58
\mathdisplay@stack=\toks21
LaTeX Info: Redefining \[ on input line 2953.
LaTeX Info: Redefining \] on input line 2954.
)
(d:/Soft/texlive/2023/texmf-dist/tex/latex/amsfonts/amssymb.sty
Package: amssymb 2013/01/14 v3.01 AMS font symbols

(d:/Soft/texlive/2023/texmf-dist/tex/latex/amsfonts/amsfonts.sty
Package: amsfonts 2013/01/14 v3.01 Basic AMSFonts support
\symAMSa=\mathgroup4
\symAMSb=\mathgroup5
LaTeX Font Info:    Redeclaring math symbol \hbar on input line 98.
LaTeX Font Info:    Overwriting math alphabet `\mathfrak' in version `bold'
(Font)                  U/euf/m/n --> U/euf/b/n on input line 106.
))
(d:/Soft/texlive/2023/texmf-dist/tex/latex/algorithms/algorithmic.sty
Package: algorithmic 2009/08/24 v0.1 Document Style `algorithmic'

(d:/Soft/texlive/2023/texmf-dist/tex/latex/base/ifthen.sty
Package: ifthen 2022/04/13 v1.1d Standard LaTeX ifthen package (DPC)
)
(d:/Soft/texlive/2023/texmf-dist/tex/latex/graphics/keyval.sty
Package: keyval 2022/05/29 v1.15 key=value parser (DPC)
\KV@toks@=\toks22
)
\c@ALC@unique=\count284
\c@ALC@line=\count285
\c@ALC@rem=\count286
\c@ALC@depth=\count287
\ALC@tlm=\skip59
\algorithmicindent=\skip60
)
(d:/Soft/texlive/2023/texmf-dist/tex/latex/graphics/graphicx.sty
Package: graphicx 2021/09/16 v1.2d Enhanced LaTeX Graphics (DPC,SPQR)

(d:/Soft/texlive/2023/texmf-dist/tex/latex/graphics/graphics.sty
Package: graphics 2022/03/10 v1.4e Standard LaTeX Graphics (DPC,SPQR)

(d:/Soft/texlive/2023/texmf-dist/tex/latex/graphics/trig.sty
Package: trig 2021/08/11 v1.11 sin cos tan (DPC)
)
(d:/Soft/texlive/2023/texmf-dist/tex/latex/graphics-cfg/graphics.cfg
File: graphics.cfg 2016/06/04 v1.11 sample graphics configuration
)
Package graphics Info: Driver file: pdftex.def on input line 107.
)
\Gin@req@height=\dimen161
\Gin@req@width=\dimen162
)
(d:/Soft/texlive/2023/texmf-dist/tex/latex/algorithms/algorithm.sty
Package: algorithm 2009/08/24 v0.1 Document Style `algorithm' - floating enviro
nment

(d:/Soft/texlive/2023/texmf-dist/tex/latex/float/float.sty
Package: float 2001/11/08 v1.3d Float enhancements (AL)
\c@float@type=\count288
\float@exts=\toks23
\float@box=\box55
\@float@everytoks=\toks24
\@floatcapt=\box56
)
\@float@every@algorithm=\toks25
\c@algorithm=\count289
)
(d:/Soft/texlive/2023/texmf-dist/tex/latex/hyperref/hyperref.sty
Package: hyperref 2023-02-07 v7.00v Hypertext links for LaTeX

(d:/Soft/texlive/2023/texmf-dist/tex/generic/ltxcmds/ltxcmds.sty
Package: ltxcmds 2020-05-10 v1.25 LaTeX kernel commands for general use (HO)
)
(d:/Soft/texlive/2023/texmf-dist/tex/generic/iftex/iftex.sty
Package: iftex 2022/02/03 v1.0f TeX engine tests
)
(d:/Soft/texlive/2023/texmf-dist/tex/generic/pdftexcmds/pdftexcmds.sty
Package: pdftexcmds 2020-06-27 v0.33 Utility functions of pdfTeX for LuaTeX (HO
)

(d:/Soft/texlive/2023/texmf-dist/tex/generic/infwarerr/infwarerr.sty
Package: infwarerr 2019/12/03 v1.5 Providing info/warning/error messages (HO)
)
Package pdftexcmds Info: \pdf@primitive is available.
Package pdftexcmds Info: \pdf@ifprimitive is available.
Package pdftexcmds Info: \pdfdraftmode found.
)
(d:/Soft/texlive/2023/texmf-dist/tex/latex/kvsetkeys/kvsetkeys.sty
Package: kvsetkeys 2022-10-05 v1.19 Key value parser (HO)
)
(d:/Soft/texlive/2023/texmf-dist/tex/generic/kvdefinekeys/kvdefinekeys.sty
Package: kvdefinekeys 2019-12-19 v1.6 Define keys (HO)
)
(d:/Soft/texlive/2023/texmf-dist/tex/generic/pdfescape/pdfescape.sty
Package: pdfescape 2019/12/09 v1.15 Implements pdfTeX's escape features (HO)
)
(d:/Soft/texlive/2023/texmf-dist/tex/latex/hycolor/hycolor.sty
Package: hycolor 2020-01-27 v1.10 Color options for hyperref/bookmark (HO)
)
(d:/Soft/texlive/2023/texmf-dist/tex/latex/letltxmacro/letltxmacro.sty
Package: letltxmacro 2019/12/03 v1.6 Let assignment for LaTeX macros (HO)
)
(d:/Soft/texlive/2023/texmf-dist/tex/latex/auxhook/auxhook.sty
Package: auxhook 2019-12-17 v1.6 Hooks for auxiliary files (HO)
)
(d:/Soft/texlive/2023/texmf-dist/tex/latex/hyperref/nameref.sty
Package: nameref 2022-05-17 v2.50 Cross-referencing by name of section

(d:/Soft/texlive/2023/texmf-dist/tex/latex/refcount/refcount.sty
Package: refcount 2019/12/15 v3.6 Data extraction from label references (HO)
)
(d:/Soft/texlive/2023/texmf-dist/tex/generic/gettitlestring/gettitlestring.sty
Package: gettitlestring 2019/12/15 v1.6 Cleanup title references (HO)

(d:/Soft/texlive/2023/texmf-dist/tex/latex/kvoptions/kvoptions.sty
Package: kvoptions 2022-06-15 v3.15 Key value format for package options (HO)
))
\c@section@level=\count290
)
\@linkdim=\dimen163
\Hy@linkcounter=\count291
\Hy@pagecounter=\count292

(d:/Soft/texlive/2023/texmf-dist/tex/latex/hyperref/pd1enc.def
File: pd1enc.def 2023-02-07 v7.00v Hyperref: PDFDocEncoding definition (HO)
Now handling font encoding PD1 ...
... no UTF-8 mapping file for font encoding PD1
)
(d:/Soft/texlive/2023/texmf-dist/tex/generic/intcalc/intcalc.sty
Package: intcalc 2019/12/15 v1.3 Expandable calculations with integers (HO)
)
(d:/Soft/texlive/2023/texmf-dist/tex/generic/etexcmds/etexcmds.sty
Package: etexcmds 2019/12/15 v1.7 Avoid name clashes with e-TeX commands (HO)
)
\Hy@SavedSpaceFactor=\count293

(d:/Soft/texlive/2023/texmf-dist/tex/latex/hyperref/puenc.def
File: puenc.def 2023-02-07 v7.00v Hyperref: PDF Unicode definition (HO)
Now handling font encoding PU ...
... no UTF-8 mapping file for font encoding PU
)
Package hyperref Info: Hyper figures OFF on input line 4177.
Package hyperref Info: Link nesting OFF on input line 4182.
Package hyperref Info: Hyper index ON on input line 4185.
Package hyperref Info: Plain pages OFF on input line 4192.
Package hyperref Info: Backreferencing OFF on input line 4197.
Package hyperref Info: Implicit mode ON; LaTeX internals redefined.
Package hyperref Info: Bookmarks ON on input line 4425.
\c@Hy@tempcnt=\count294

(d:/Soft/texlive/2023/texmf-dist/tex/latex/url/url.sty
\Urlmuskip=\muskip17
Package: url 2013/09/16  ver 3.4  Verb mode for urls, etc.
)
LaTeX Info: Redefining \url on input line 4763.
\XeTeXLinkMargin=\dimen164

(d:/Soft/texlive/2023/texmf-dist/tex/generic/bitset/bitset.sty
Package: bitset 2019/12/09 v1.3 Handle bit-vector datatype (HO)

(d:/Soft/texlive/2023/texmf-dist/tex/generic/bigintcalc/bigintcalc.sty
Package: bigintcalc 2019/12/15 v1.5 Expandable calculations on big integers (HO
)
))
\Fld@menulength=\count295
\Field@Width=\dimen165
\Fld@charsize=\dimen166
Package hyperref Info: Hyper figures OFF on input line 6042.
Package hyperref Info: Link nesting OFF on input line 6047.
Package hyperref Info: Hyper index ON on input line 6050.
Package hyperref Info: backreferencing OFF on input line 6057.
Package hyperref Info: Link coloring OFF on input line 6062.
Package hyperref Info: Link coloring with OCG OFF on input line 6067.
Package hyperref Info: PDF/A mode OFF on input line 6072.

(d:/Soft/texlive/2023/texmf-dist/tex/latex/base/atbegshi-ltx.sty
Package: atbegshi-ltx 2021/01/10 v1.0c Emulation of the original atbegshi
package with kernel methods
)
\Hy@abspage=\count296
\c@Item=\count297
\c@Hfootnote=\count298
)
Package hyperref Info: Driver (autodetected): hpdftex.

(d:/Soft/texlive/2023/texmf-dist/tex/latex/hyperref/hpdftex.def
File: hpdftex.def 2023-02-07 v7.00v Hyperref driver for pdfTeX

(d:/Soft/texlive/2023/texmf-dist/tex/latex/base/atveryend-ltx.sty
Package: atveryend-ltx 2020/08/19 v1.0a Emulation of the original atveryend pac
kage
with kernel methods
)
\Fld@listcount=\count299
\c@bookmark@seq@number=\count300

(d:/Soft/texlive/2023/texmf-dist/tex/latex/rerunfilecheck/rerunfilecheck.sty
Package: rerunfilecheck 2022-07-10 v1.10 Rerun checks for auxiliary files (HO)

(d:/Soft/texlive/2023/texmf-dist/tex/generic/uniquecounter/uniquecounter.sty
Package: uniquecounter 2019/12/15 v1.4 Provide unlimited unique counter (HO)
)
Package uniquecounter Info: New unique counter `rerunfilecheck' on input line 2
85.
)
\Hy@SectionHShift=\skip61
)

Package hyperref Warning: Unexpected value for option `hidelinks'
(hyperref)                is ignored on input line 9.

(d:/Soft/texlive/2023/texmf-dist/tex/latex/base/textcomp.sty
Package: textcomp 2020/02/02 v2.0n Standard LaTeX package
)
(d:/Soft/texlive/2023/texmf-dist/tex/latex/l3backend/l3backend-pdftex.def
File: l3backend-pdftex.def 2023-01-16 L3 backend support: PDF output (pdfTeX)
\l__color_backend_stack_int=\count301
\l__pdf_internal_box=\box57
)
(./main.aux)
\openout1 = `main.aux'.

LaTeX Font Info:    Checking defaults for OML/cmm/m/it on input line 15.
LaTeX Font Info:    ... okay on input line 15.
LaTeX Font Info:    Checking defaults for OMS/cmsy/m/n on input line 15.
LaTeX Font Info:    ... okay on input line 15.
LaTeX Font Info:    Checking defaults for OT1/cmr/m/n on input line 15.
LaTeX Font Info:    ... okay on input line 15.
LaTeX Font Info:    Checking defaults for T1/cmr/m/n on input line 15.
LaTeX Font Info:    ... okay on input line 15.
LaTeX Font Info:    Checking defaults for TS1/cmr/m/n on input line 15.
LaTeX Font Info:    ... okay on input line 15.
LaTeX Font Info:    Checking defaults for OMX/cmex/m/n on input line 15.
LaTeX Font Info:    ... okay on input line 15.
LaTeX Font Info:    Checking defaults for U/cmr/m/n on input line 15.
LaTeX Font Info:    ... okay on input line 15.
LaTeX Font Info:    Checking defaults for PD1/pdf/m/n on input line 15.
LaTeX Font Info:    ... okay on input line 15.
LaTeX Font Info:    Checking defaults for PU/pdf/m/n on input line 15.
LaTeX Font Info:    ... okay on input line 15.

(d:/Soft/texlive/2023/texmf-dist/tex/context/base/mkii/supp-pdf.mkii
[Loading MPS to PDF converter (version 2006.09.02).]
\scratchcounter=\count302
\scratchdimen=\dimen167
\scratchbox=\box58
\nofMPsegments=\count303
\nofMParguments=\count304
\everyMPshowfont=\toks26
\MPscratchCnt=\count305
\MPscratchDim=\dimen168
\MPnumerator=\count306
\makeMPintoPDFobject=\count307
\everyMPtoPDFconversion=\toks27
) (d:/Soft/texlive/2023/texmf-dist/tex/latex/epstopdf-pkg/epstopdf-base.sty
Package: epstopdf-base 2020-01-24 v2.11 Base part for package epstopdf
Package epstopdf-base Info: Redefining graphics rule for `.eps' on input line 4
85.

(d:/Soft/texlive/2023/texmf-dist/tex/latex/latexconfig/epstopdf-sys.cfg
File: epstopdf-sys.cfg 2010/07/13 v1.3 Configuration of (r)epstopdf for TeX Liv
e
))
Package hyperref Info: Link coloring OFF on input line 15.

(./main.out) (./main.out)
\@outlinefile=\write3
\openout3 = `main.out'.

Package color Info: Redefining color nblue on input line 36.
Package color Info: Redefining color mblue on input line 36.
LaTeX Font Info:    Trying to load font information for OT1+phv on input line 3
6.

(d:/Soft/texlive/2023/texmf-dist/tex/latex/psnfss/ot1phv.fd
File: ot1phv.fd 2020/03/25 scalable font definitions for OT1/phv.
)
LaTeX Font Info:    Font shape `OT1/phv/m/it' in size <11> not available
(Font)              Font shape `OT1/phv/m/sl' tried instead on input line 36.
Package color Info: Redefining color nblue on input line 36.
Package color Info: Redefining color mblue on input line 36.
LaTeX Font Info:    Trying to load font information for U+msa on input line 36.


(d:/Soft/texlive/2023/texmf-dist/tex/latex/amsfonts/umsa.fd
File: umsa.fd 2013/01/14 v3.01 AMS symbols A
)
LaTeX Font Info:    Trying to load font information for U+msb on input line 36.


(d:/Soft/texlive/2023/texmf-dist/tex/latex/amsfonts/umsb.fd
File: umsb.fd 2013/01/14 v3.01 AMS symbols B
)
Package color Info: Redefining color nblue on input line 37.
Package color Info: Redefining color mblue on input line 37.
LaTeX Font Info:    Font shape `OT1/phv/b/it' in size <9> not available
(Font)              Font shape `OT1/phv/b/sl' tried instead on input line 37.
Package color Info: Redefining color nblue on input line 60.
Package color Info: Redefining color mblue on input line 60.

Underfull \hbox (badness 10000) in paragraph at lines 60--62
[]\OT1/phv/b/sl/9 Index Terms\OT1/phv/b/n/9 ---[]Enter key words or phrases in
 []


Underfull \hbox (badness 3679) in paragraph at lines 60--62
\OT1/phv/b/n/9 al-pha-bet-i-cal or-der, sep-a-rated by com-mas. Us-ing the
 []


Underfull \hbox (badness 1629) in paragraph at lines 60--62
\OT1/phv/b/n/9 re-quest form for free ac-cess to the IEEE The-saurus:
 []


Underfull \hbox (badness 10000) in paragraph at lines 60--62
[]$
 []

LaTeX Font Info:    Trying to load font information for T1+phv on input line 64
.
(d:/Soft/texlive/2023/texmf-dist/tex/latex/psnfss/t1phv.fd
File: t1phv.fd 2020/03/25 scalable font definitions for T1/phv.
)
Underfull \hbox (badness 10000) in paragraph at lines 66--76
[]$
 []


Overfull \hbox (4.59573pt too wide) in paragraph at lines 66--76
[]$
 []


Underfull \hbox (badness 6445) in paragraph at lines 66--76
\OT1/ptm/m/n/10 so you can use it to pre-pare your manuscript. If
 []


Underfull \hbox (badness 10000) in paragraph at lines 66--76
\OT1/ptm/m/n/10 you would pre-fer to use L[]T[]X, down-load IEEE's
 []


Underfull \hbox (badness 1789) in paragraph at lines 66--76
\OT1/ptm/m/n/10 L[]T[]Xstyle and sam-ple files from the same Web page.
 []


Underfull \hbox (badness 6708) in paragraph at lines 66--76
\OT1/ptm/m/n/10 You can also ex-plore us-ing the Over-leaf ed-i-tor at
 []


Underfull \hbox (badness 10000) in paragraph at lines 66--76
[]$
 []


Underfull \hbox (badness 10000) in paragraph at lines 66--76
[]$
 []

LaTeX Font Info:    Font shape `OT1/phv/m/it' in size <10> not available
(Font)              Font shape `OT1/phv/m/sl' tried instead on input line 84.
Package epstopdf Info: Source file: <logo.eps>
(epstopdf)                    date: 2023-03-14 21:38:58
(epstopdf)                    size: 96860 bytes
(epstopdf)             Output file: <logo-eps-converted-to.pdf>
(epstopdf)             Command: <repstopdf --outfile=logo-eps-converted-to.pdf 
logo.eps>
(epstopdf)             \includegraphics on input line 117.
runsystem(repstopdf --outfile=logo-eps-converted-to.pdf logo.eps)...executed sa
fely (allowed).

Package epstopdf Info: Result file: <logo-eps-converted-to.pdf>.

! Package pdftex.def Error: File `logo-eps-converted-to.pdf' not found: using d
raft setting.

See the pdftex.def package documentation for explanation.
Type  H <return>  for immediate help.
 ...                                              
                                                  
l.117 
      
Try typing  <return>  to proceed.
If that doesn't work, type  X <return>  to quit.

LaTeX Font Info:    Trying to load font information for OT1+pcr on input line 1
17.
(d:/Soft/texlive/2023/texmf-dist/tex/latex/psnfss/ot1pcr.fd
File: ot1pcr.fd 2001/06/04 font definitions for OT1/pcr.
)
Overfull \hbox (295.0pt too wide) has occurred while \output is active
[][] 
 []


Underfull \hbox (badness 10000) has occurred while \output is active
[]
 []


Overfull \vbox (47.35455pt too high) has occurred while \output is active []


[1{d:/Soft/texlive/2023/texmf-var/fonts/map/pdftex/updmap/pdftex.map}{d:/Soft/t
exlive/2023/texmf-dist/fonts/enc/dvips/base/8r.enc}


]
Package hyperref Info: bookmark level for unknown algorithm defaults to 0 on in
put line 139.
LaTeX Font Info:    Font shape `OT1/phv/m/it' in size <7> not available
(Font)              Font shape `OT1/phv/m/sl' tried instead on input line 156.
LaTeX Font Info:    Trying to load font information for OMS+pcr on input line 2
00.

(d:/Soft/texlive/2023/texmf-dist/tex/latex/psnfss/omspcr.fd
File: omspcr.fd 
)
LaTeX Font Info:    Font shape `OMS/pcr/m/n' in size <9> not available
(Font)              Font shape `OMS/cmsy/m/n' tried instead on input line 200.
LaTeX Font Info:    Font shape `OT1/pcr/m/it' in size <9> not available
(Font)              Font shape `OT1/pcr/m/sl' tried instead on input line 201.

Overfull \hbox (8.91965pt too wide) in paragraph at lines 197--204
 []
 []


Underfull \hbox (badness 10000) in paragraph at lines 197--204

 []

LaTeX Font Info:    Trying to load font information for TS1+ptm on input line 2
10.
(d:/Soft/texlive/2023/texmf-dist/tex/latex/psnfss/ts1ptm.fd
File: ts1ptm.fd 2001/06/04 font definitions for TS1/ptm.
)
<fig1.png, id=261, 249.3315pt x 189.22694pt>
File: fig1.png Graphic file (type png)
<use fig1.png>
Package pdftex.def Info: fig1.png  used on input line 239.
(pdftex.def)             Requested size: 252.0pt x 191.25339pt.

Overfull \vbox (5.0pt too high) has occurred while \output is active []

 [2]
Underfull \hbox (badness 10000) in paragraph at lines 258--260
[]\OT1/ptm/m/n/10 IEEE styleguides are avail-able at https://journals.
 []


Underfull \hbox (badness 10000) in paragraph at lines 258--260
\OT1/ptm/m/n/10 ieeeauthorcenter.ieee.org/create-your-ieee-journal-article/
 []

LaTeX Font Info:    Font shape `OT1/phv/m/it' in size <9> not available
(Font)              Font shape `OT1/phv/m/sl' tried instead on input line 270.
\width=\dimen169

Underfull \hbox (badness 2591) in paragraph at lines 315--316
[]\OT1/ptm/m/n/8 1 erg/(G$\OMS/cmsy/m/n/8 ^^A$\OT1/ptm/m/n/8 g) $\OT1/cmr/m/n/8
 =$ \OT1/ptm/m/n/8 1 emu/g $\OMS/cmsy/m/n/8 !$ \OT1/ptm/m/n/8 1
 []


Overfull \hbox (5.0pt too wide) in paragraph at lines 289--349
[][]
 []


Overfull \vbox (5.0pt too high) has occurred while \output is active []

 [3

pdfTeX warning: pdflatex.exe: pop empty color page stack 0


pdfTeX warning: pdflatex.exe: pop empty color page stack 0


pdfTeX warning: pdflatex.exe: pop empty color page stack 0


pdfTeX warning: pdflatex.exe: pop empty color page stack 0


pdfTeX warning: pdflatex.exe: pop empty color page stack 0
 <./fig1.png (PNG copy)>]
Underfull \hbox (badness 2941) in paragraph at lines 398--403
\OT1/ptm/m/n/10 (red/green/blue) and CMYK (cyan/magenta/yellow/black).
 []


Underfull \hbox (badness 2469) in paragraph at lines 404--409
\OT1/ptm/m/n/10 color space. Grayscale im-ages should be sub-mit-ted in
 []


Overfull \vbox (5.0pt too high) has occurred while \output is active []

 [4]
Underfull \hbox (badness 2409) in paragraph at lines 521--528
\OT1/ptm/m/n/10 ci-ta-tion first, fol-lowed by the orig-i-nal foreign-language
 []


Underfull \hbox (badness 10000) in paragraph at lines 521--528
\OT1/ptm/m/n/10 at https://journals.ieeeauthorcenter.ieee.org/create-your-ieee-

 []


Underfull \hbox (badness 10000) in paragraph at lines 521--528
\OT1/ptm/m/n/10 journal-article/create-the-text-of-your-article/ieee-editorial-

 []


Overfull \vbox (5.0pt too high) has occurred while \output is active []

 [5]

Package hyperref Warning: Token not allowed in a PDF string (Unicode):
(hyperref)                removing `\vadjust' on input line 610.


Package hyperref Warning: Token not allowed in a PDF string (Unicode):
(hyperref)                removing `\new@ifnextchar' on input line 610.

! Missing number, treated as zero.
<to be read again> 
                   p
l.610 \begin{thebibliography}{00}
                                 
A number should have been here; I inserted `0'.
(If you can't figure out why I needed to see a number,
look up `weird error' in the index to The TeXbook.)


Underfull \hbox (badness 2368) in paragraph at lines 612--613
[]\OT1/ptm/m/n/8 W.-K. Chen, \OT1/ptm/m/it/8 Lin-ear Net-works and Sys-tems.\OT
1/ptm/m/n/8 Belmont, CA, USA:
 []


Package hyperref Warning: Token not allowed in a PDF string (Unicode):
(hyperref)                removing `\vadjust' on input line 622.


Package hyperref Warning: Token not allowed in a PDF string (Unicode):
(hyperref)                removing `\new@ifnextchar' on input line 622.

! Missing number, treated as zero.
<to be read again> 
                   p
l.622 \begin{thebibliography}{00}
                                 \leftskip1pc
A number should have been here; I inserted `0'.
(If you can't figure out why I needed to see a number,
look up `weird error' in the index to The TeXbook.)


Package hyperref Warning: Token not allowed in a PDF string (Unicode):
(hyperref)                removing `\vadjust' on input line 636.


Package hyperref Warning: Token not allowed in a PDF string (Unicode):
(hyperref)                removing `\new@ifnextchar' on input line 636.

! Missing number, treated as zero.
<to be read again> 
                   p
l.636 \begin{thebibliography}{00}
                                 \leftskip1pc
A number should have been here; I inserted `0'.
(If you can't figure out why I needed to see a number,
look up `weird error' in the index to The TeXbook.)


Package hyperref Warning: Token not allowed in a PDF string (Unicode):
(hyperref)                removing `\vadjust' on input line 648.


Package hyperref Warning: Token not allowed in a PDF string (Unicode):
(hyperref)                removing `\new@ifnextchar' on input line 648.

! Missing number, treated as zero.
<to be read again> 
                   p
l.648 \begin{thebibliography}{00}
                                 \leftskip1pc
A number should have been here; I inserted `0'.
(If you can't figure out why I needed to see a number,
look up `weird error' in the index to The TeXbook.)


Package hyperref Warning: Token not allowed in a PDF string (Unicode):
(hyperref)                removing `\vadjust' on input line 664.


Package hyperref Warning: Token not allowed in a PDF string (Unicode):
(hyperref)                removing `\new@ifnextchar' on input line 664.

! Missing number, treated as zero.
<to be read again> 
                   p
l.664 \begin{thebibliography}{00}
                                 \leftskip1pc
A number should have been here; I inserted `0'.
(If you can't figure out why I needed to see a number,
look up `weird error' in the index to The TeXbook.)


Underfull \hbox (badness 10000) in paragraph at lines 667--668
 []\OT1/ptm/m/n/8 The Ter-a-hertz Wave eBook. ZOmega Ter-a-
 []


Underfull \hbox (badness 10000) in paragraph at lines 667--668
 \OT1/ptm/m/n/8 hertz Corp., 2014. [On-line]. Avail-able: http://dl.z-
 []


Underfull \hbox (badness 10000) in paragraph at lines 667--668
 \OT1/ptm/m/n/8 thz.com/eBook/zomega[]ebook[]pdf[]1206[]sr.pdf. Ac-cessed on:
 []


Underfull \hbox (badness 4429) in paragraph at lines 668--669
 []\OT1/ptm/m/n/8 Philip B. Kur-land and Ralph Lerner, eds., \OT1/ptm/m/it/8 Th
e Founders'
 []


Underfull \hbox (badness 1817) in paragraph at lines 668--669
 \OT1/ptm/m/n/8 Ac-cessed on: Feb. 28, 2010, [On-line] Avail-able: http://press
-
 []


Package hyperref Warning: Token not allowed in a PDF string (Unicode):
(hyperref)                removing `\vadjust' on input line 679.


Package hyperref Warning: Token not allowed in a PDF string (Unicode):
(hyperref)                removing `\new@ifnextchar' on input line 679.

! Missing number, treated as zero.
<to be read again> 
                   p
l.679 \begin{thebibliography}{00}
                                 \leftskip1pc
A number should have been here; I inserted `0'.
(If you can't figure out why I needed to see a number,
look up `weird error' in the index to The TeXbook.)


Package hyperref Warning: Token not allowed in a PDF string (Unicode):
(hyperref)                removing `\vadjust' on input line 692.


Package hyperref Warning: Token not allowed in a PDF string (Unicode):
(hyperref)                removing `\new@ifnextchar' on input line 692.

! Missing number, treated as zero.
<to be read again> 
                   p
l.692 \begin{thebibliography}{00}
                                 \leftskip1pc
A number should have been here; I inserted `0'.
(If you can't figure out why I needed to see a number,
look up `weird error' in the index to The TeXbook.)


Package hyperref Warning: Token not allowed in a PDF string (Unicode):
(hyperref)                removing `\vadjust' on input line 704.


Package hyperref Warning: Token not allowed in a PDF string (Unicode):
(hyperref)                removing `\new@ifnextchar' on input line 704.

! Missing number, treated as zero.
<to be read again> 
                   p
l.704 \begin{thebibliography}{00}
                                 \leftskip1pc
A number should have been here; I inserted `0'.
(If you can't figure out why I needed to see a number,
look up `weird error' in the index to The TeXbook.)


Overfull \vbox (5.0pt too high) has occurred while \output is active []

 [6]
Underfull \hbox (badness 10000) in paragraph at lines 706--707
 \OT1/ptm/m/n/8 http://www.lytera.de/Terahertz[]THz[]Spectroscopy.php?id$\OT1/c
mr/m/n/8 =$\OT1/ptm/m/n/8 home,
 []


Package hyperref Warning: Token not allowed in a PDF string (Unicode):
(hyperref)                removing `\vadjust' on input line 721.


Package hyperref Warning: Token not allowed in a PDF string (Unicode):
(hyperref)                removing `\new@ifnextchar' on input line 721.

! Missing number, treated as zero.
<to be read again> 
                   p
l.721 \begin{thebibliography}{00}
                                 \leftskip1pc
A number should have been here; I inserted `0'.
(If you can't figure out why I needed to see a number,
look up `weird error' in the index to The TeXbook.)


Package hyperref Warning: Token not allowed in a PDF string (Unicode):
(hyperref)                removing `\vadjust' on input line 732.


Package hyperref Warning: Token not allowed in a PDF string (Unicode):
(hyperref)                removing `\new@ifnextchar' on input line 732.

! Missing number, treated as zero.
<to be read again> 
                   p
l.732 \begin{thebibliography}{00}
                                 \leftskip1pc
A number should have been here; I inserted `0'.
(If you can't figure out why I needed to see a number,
look up `weird error' in the index to The TeXbook.)


Package hyperref Warning: Token not allowed in a PDF string (Unicode):
(hyperref)                removing `\vadjust' on input line 744.


Package hyperref Warning: Token not allowed in a PDF string (Unicode):
(hyperref)                removing `\new@ifnextchar' on input line 744.

! Missing number, treated as zero.
<to be read again> 
                   p
l.744 \begin{thebibliography}{00}
                                 \leftskip1pc
A number should have been here; I inserted `0'.
(If you can't figure out why I needed to see a number,
look up `weird error' in the index to The TeXbook.)


Package hyperref Warning: Token not allowed in a PDF string (Unicode):
(hyperref)                removing `\vadjust' on input line 751.


Package hyperref Warning: Token not allowed in a PDF string (Unicode):
(hyperref)                removing `\new@ifnextchar' on input line 751.

! Missing number, treated as zero.
<to be read again> 
                   p
l.751 \begin{thebibliography}{00}
                                 \leftskip1pc
A number should have been here; I inserted `0'.
(If you can't figure out why I needed to see a number,
look up `weird error' in the index to The TeXbook.)


Package hyperref Warning: Token not allowed in a PDF string (Unicode):
(hyperref)                removing `\vadjust' on input line 761.


Package hyperref Warning: Token not allowed in a PDF string (Unicode):
(hyperref)                removing `\new@ifnextchar' on input line 761.

! Missing number, treated as zero.
<to be read again> 
                   p
l.761 \begin{thebibliography}{00}
                                 \leftskip1pc
A number should have been here; I inserted `0'.
(If you can't figure out why I needed to see a number,
look up `weird error' in the index to The TeXbook.)


Package hyperref Warning: Token not allowed in a PDF string (Unicode):
(hyperref)                removing `\vadjust' on input line 775.


Package hyperref Warning: Token not allowed in a PDF string (Unicode):
(hyperref)                removing `\new@ifnextchar' on input line 775.

! Missing number, treated as zero.
<to be read again> 
                   p
l.775 \begin{thebibliography}{00}
                                 \leftskip1pc
A number should have been here; I inserted `0'.
(If you can't figure out why I needed to see a number,
look up `weird error' in the index to The TeXbook.)


Package hyperref Warning: Token not allowed in a PDF string (Unicode):
(hyperref)                removing `\vadjust' on input line 790.


Package hyperref Warning: Token not allowed in a PDF string (Unicode):
(hyperref)                removing `\new@ifnextchar' on input line 790.

! Missing number, treated as zero.
<to be read again> 
                   p
l.790 \begin{thebibliography}{00}
                                 \leftskip1pc
A number should have been here; I inserted `0'.
(If you can't figure out why I needed to see a number,
look up `weird error' in the index to The TeXbook.)


Package hyperref Warning: Token not allowed in a PDF string (Unicode):
(hyperref)                removing `\vadjust' on input line 804.


Package hyperref Warning: Token not allowed in a PDF string (Unicode):
(hyperref)                removing `\new@ifnextchar' on input line 804.

! Missing number, treated as zero.
<to be read again> 
                   p
l.804 \begin{thebibliography}{00}
                                 \leftskip1pc
A number should have been here; I inserted `0'.
(If you can't figure out why I needed to see a number,
look up `weird error' in the index to The TeXbook.)


Package hyperref Warning: Token not allowed in a PDF string (Unicode):
(hyperref)                removing `\vadjust' on input line 811.


Package hyperref Warning: Token not allowed in a PDF string (Unicode):
(hyperref)                removing `\new@ifnextchar' on input line 811.

! Missing number, treated as zero.
<to be read again> 
                   p
l.811 \begin{thebibliography}{00}
                                 \leftskip1pc
A number should have been here; I inserted `0'.
(If you can't figure out why I needed to see a number,
look up `weird error' in the index to The TeXbook.)


Package hyperref Warning: Token not allowed in a PDF string (Unicode):
(hyperref)                removing `\vadjust' on input line 818.


Package hyperref Warning: Token not allowed in a PDF string (Unicode):
(hyperref)                removing `\new@ifnextchar' on input line 818.

! Missing number, treated as zero.
<to be read again> 
                   p
l.818 \begin{thebibliography}{00}
                                 \leftskip1pc
A number should have been here; I inserted `0'.
(If you can't figure out why I needed to see a number,
look up `weird error' in the index to The TeXbook.)


Package hyperref Warning: Token not allowed in a PDF string (Unicode):
(hyperref)                removing `\vadjust' on input line 828.


Package hyperref Warning: Token not allowed in a PDF string (Unicode):
(hyperref)                removing `\new@ifnextchar' on input line 828.

! Missing number, treated as zero.
<to be read again> 
                   p
l.828 \begin{thebibliography}{00}
                                 \leftskip1pc
A number should have been here; I inserted `0'.
(If you can't figure out why I needed to see a number,
look up `weird error' in the index to The TeXbook.)


Package hyperref Warning: Token not allowed in a PDF string (Unicode):
(hyperref)                removing `\vadjust' on input line 838.


Package hyperref Warning: Token not allowed in a PDF string (Unicode):
(hyperref)                removing `\new@ifnextchar' on input line 838.

! Missing number, treated as zero.
<to be read again> 
                   p
l.838 \begin{thebibliography}{00}
                                 \leftskip1pc
A number should have been here; I inserted `0'.
(If you can't figure out why I needed to see a number,
look up `weird error' in the index to The TeXbook.)


Underfull \hbox (badness 1460) in paragraph at lines 839--840
 []\OT1/ptm/m/n/8 T. D'Martin and S. Soares, 2019, ``Code for As-sess-ment of
 []

<a1.png, id=343, 225.84375pt x 282.30469pt>
File: a1.png Graphic file (type png)
<use a1.png>
Package pdftex.def Info: a1.png  used on input line 842.
(pdftex.def)             Requested size: 72.27147pt x 90.33934pt.
File: a1.png Graphic file (type png)
<use a1.png>
Package pdftex.def Info: a1.png  used on input line 842.
(pdftex.def)             Requested size: 72.27147pt x 90.33934pt.

Overfull \vbox (5.0pt too high) has occurred while \output is active []

 [7]
Overfull \vbox (5.0pt too high) has occurred while \output is active []

 [8

 <./a1.png>] (./main.aux)
Package rerunfilecheck Info: File `main.out' has not changed.
(rerunfilecheck)             Checksum: 2566E45530C145028D1B0A6C7795AFD7;7879.
 ) 
Here is how much of TeX's memory you used:
 11147 strings out of 476025
 173205 string characters out of 5791521
 1880382 words of memory out of 5000000
 31268 multiletter control sequences out of 15000+600000
 595054 words of font info for 167 fonts, out of 8000000 for 9000
 1141 hyphenation exceptions out of 8191
 75i,19n,76p,734b,570s stack positions out of 10000i,1000n,20000p,200000b,200000s
<d:/Soft/texlive/2023/texmf-dist/fonts/type1/public/amsfonts/cm/cmbx10.pfb><d
:/Soft/texlive/2023/texmf-dist/fonts/type1/public/amsfonts/cm/cmbx7.pfb><d:/Sof
t/texlive/2023/texmf-dist/fonts/type1/public/amsfonts/cm/cmex10.pfb><d:/Soft/te
xlive/2023/texmf-dist/fonts/type1/public/amsfonts/cm/cmmi10.pfb><d:/Soft/texliv
e/2023/texmf-dist/fonts/type1/public/amsfonts/cm/cmmi5.pfb><d:/Soft/texlive/202
3/texmf-dist/fonts/type1/public/amsfonts/cm/cmmi6.pfb><d:/Soft/texlive/2023/tex
mf-dist/fonts/type1/public/amsfonts/cm/cmmi7.pfb><d:/Soft/texlive/2023/texmf-di
st/fonts/type1/public/amsfonts/cm/cmmi8.pfb><d:/Soft/texlive/2023/texmf-dist/fo
nts/type1/public/amsfonts/cm/cmr10.pfb><d:/Soft/texlive/2023/texmf-dist/fonts/t
ype1/public/amsfonts/cm/cmr6.pfb><d:/Soft/texlive/2023/texmf-dist/fonts/type1/p
ublic/amsfonts/cm/cmr7.pfb><d:/Soft/texlive/2023/texmf-dist/fonts/type1/public/
amsfonts/cm/cmr8.pfb><d:/Soft/texlive/2023/texmf-dist/fonts/type1/public/amsfon
ts/cm/cmsy10.pfb><d:/Soft/texlive/2023/texmf-dist/fonts/type1/public/amsfonts/c
m/cmsy6.pfb><d:/Soft/texlive/2023/texmf-dist/fonts/type1/public/amsfonts/cm/cms
y7.pfb><d:/Soft/texlive/2023/texmf-dist/fonts/type1/public/amsfonts/cm/cmsy8.pf
b><d:/Soft/texlive/2023/texmf-dist/fonts/type1/public/amsfonts/cm/cmsy9.pfb><d:
/Soft/texlive/2023/texmf-dist/fonts/type1/public/amsfonts/symbols/msbm10.pfb><d
:/Soft/texlive/2023/texmf-dist/fonts/type1/urw/courier/ucrr8a.pfb><d:/Soft/texl
ive/2023/texmf-dist/fonts/type1/urw/courier/ucrro8a.pfb><d:/Soft/texlive/2023/t
exmf-dist/fonts/type1/urw/helvetic/uhvb8a.pfb><d:/Soft/texlive/2023/texmf-dist/
fonts/type1/urw/helvetic/uhvbo8a.pfb><d:/Soft/texlive/2023/texmf-dist/fonts/typ
e1/urw/helvetic/uhvr8a.pfb><d:/Soft/texlive/2023/texmf-dist/fonts/type1/urw/hel
vetic/uhvro8a.pfb><d:/Soft/texlive/2023/texmf-dist/fonts/type1/urw/times/utmb8a
.pfb><d:/Soft/texlive/2023/texmf-dist/fonts/type1/urw/times/utmr8a.pfb><d:/Soft
/texlive/2023/texmf-dist/fonts/type1/urw/times/utmri8a.pfb>
Output written on main.pdf (8 pages, 422558 bytes).
PDF statistics:
 519 PDF objects out of 1000 (max. 8388607)
 445 compressed objects within 5 object streams
 126 named destinations out of 1000 (max. 500000)
 487 words of extra memory for PDF output out of 10000 (max. 10000000)

