This is pdfTeX, Version 3.141592653-2.6-1.40.25 (TeX Live 2023) (preloaded format=pdflatex 2023.4.2)  6 JUL 2023 20:18
entering extended mode
 restricted \write18 enabled.
 %&-line parsing enabled.
**main.tex
(./main.tex
LaTeX2e <2022-11-01> patch level 1
L3 programming layer <2023-02-22>
(d:/Soft/texlive/2023/texmf-dist/tex/latex/base/article.cls
Document Class: article 2022/07/02 v1.4n Standard LaTeX document class
(d:/Soft/texlive/2023/texmf-dist/tex/latex/base/size10.clo
File: size10.clo 2022/07/02 v1.4n Standard LaTeX file (size option)
)
\c@part=\count185
\c@section=\count186
\c@subsection=\count187
\c@subsubsection=\count188
\c@paragraph=\count189
\c@subparagraph=\count190
\c@figure=\count191
\c@table=\count192
\abovecaptionskip=\skip48
\belowcaptionskip=\skip49
\bibindent=\dimen140
)
(d:/Soft/texlive/2023/texmf-dist/tex/latex/tools/tabularx.sty
Package: tabularx 2020/01/15 v2.11c `tabularx' package (DPC)

(d:/Soft/texlive/2023/texmf-dist/tex/latex/tools/array.sty
Package: array 2022/09/04 v2.5g Tabular extension package (FMi)
\col@sep=\dimen141
\ar@mcellbox=\box51
\extrarowheight=\dimen142
\NC@list=\toks16
\extratabsurround=\skip50
\backup@length=\skip51
\ar@cellbox=\box52
)
\TX@col@width=\dimen143
\TX@old@table=\dimen144
\TX@old@col=\dimen145
\TX@target=\dimen146
\TX@delta=\dimen147
\TX@cols=\count193
\TX@ftn=\toks17
)
(d:/Soft/texlive/2023/texmf-dist/tex/latex/amsmath/amsmath.sty
Package: amsmath 2022/04/08 v2.17n AMS math features
\@mathmargin=\skip52

For additional information on amsmath, use the `?' option.
(d:/Soft/texlive/2023/texmf-dist/tex/latex/amsmath/amstext.sty
Package: amstext 2021/08/26 v2.01 AMS text

(d:/Soft/texlive/2023/texmf-dist/tex/latex/amsmath/amsgen.sty
File: amsgen.sty 1999/11/30 v2.0 generic functions
\@emptytoks=\toks18
\ex@=\dimen148
))
(d:/Soft/texlive/2023/texmf-dist/tex/latex/amsmath/amsbsy.sty
Package: amsbsy 1999/11/29 v1.2d Bold Symbols
\pmbraise@=\dimen149
)
(d:/Soft/texlive/2023/texmf-dist/tex/latex/amsmath/amsopn.sty
Package: amsopn 2022/04/08 v2.04 operator names
)
\inf@bad=\count194
LaTeX Info: Redefining \frac on input line 234.
\uproot@=\count195
\leftroot@=\count196
LaTeX Info: Redefining \overline on input line 399.
LaTeX Info: Redefining \colon on input line 410.
\classnum@=\count197
\DOTSCASE@=\count198
LaTeX Info: Redefining \ldots on input line 496.
LaTeX Info: Redefining \dots on input line 499.
LaTeX Info: Redefining \cdots on input line 620.
\Mathstrutbox@=\box53
\strutbox@=\box54
LaTeX Info: Redefining \big on input line 722.
LaTeX Info: Redefining \Big on input line 723.
LaTeX Info: Redefining \bigg on input line 724.
LaTeX Info: Redefining \Bigg on input line 725.
\big@size=\dimen150
LaTeX Font Info:    Redeclaring font encoding OML on input line 743.
LaTeX Font Info:    Redeclaring font encoding OMS on input line 744.
\macc@depth=\count199
LaTeX Info: Redefining \bmod on input line 905.
LaTeX Info: Redefining \pmod on input line 910.
LaTeX Info: Redefining \smash on input line 940.
LaTeX Info: Redefining \relbar on input line 970.
LaTeX Info: Redefining \Relbar on input line 971.
\c@MaxMatrixCols=\count266
\dotsspace@=\muskip16
\c@parentequation=\count267
\dspbrk@lvl=\count268
\tag@help=\toks19
\row@=\count269
\column@=\count270
\maxfields@=\count271
\andhelp@=\toks20
\eqnshift@=\dimen151
\alignsep@=\dimen152
\tagshift@=\dimen153
\tagwidth@=\dimen154
\totwidth@=\dimen155
\lineht@=\dimen156
\@envbody=\toks21
\multlinegap=\skip53
\multlinetaggap=\skip54
\mathdisplay@stack=\toks22
LaTeX Info: Redefining \[ on input line 2953.
LaTeX Info: Redefining \] on input line 2954.
)
(d:/Soft/texlive/2023/texmf-dist/tex/latex/graphics/graphicx.sty
Package: graphicx 2021/09/16 v1.2d Enhanced LaTeX Graphics (DPC,SPQR)

(d:/Soft/texlive/2023/texmf-dist/tex/latex/graphics/keyval.sty
Package: keyval 2022/05/29 v1.15 key=value parser (DPC)
\KV@toks@=\toks23
)
(d:/Soft/texlive/2023/texmf-dist/tex/latex/graphics/graphics.sty
Package: graphics 2022/03/10 v1.4e Standard LaTeX Graphics (DPC,SPQR)

(d:/Soft/texlive/2023/texmf-dist/tex/latex/graphics/trig.sty
Package: trig 2021/08/11 v1.11 sin cos tan (DPC)
)
(d:/Soft/texlive/2023/texmf-dist/tex/latex/graphics-cfg/graphics.cfg
File: graphics.cfg 2016/06/04 v1.11 sample graphics configuration
)
Package graphics Info: Driver file: pdftex.def on input line 107.

(d:/Soft/texlive/2023/texmf-dist/tex/latex/graphics-def/pdftex.def
File: pdftex.def 2022/09/22 v1.2b Graphics/color driver for pdftex
))
\Gin@req@height=\dimen157
\Gin@req@width=\dimen158
)
(d:/Soft/texlive/2023/texmf-dist/tex/latex/geometry/geometry.sty
Package: geometry 2020/01/02 v5.9 Page Geometry

(d:/Soft/texlive/2023/texmf-dist/tex/generic/iftex/ifvtex.sty
Package: ifvtex 2019/10/25 v1.7 ifvtex legacy package. Use iftex instead.

(d:/Soft/texlive/2023/texmf-dist/tex/generic/iftex/iftex.sty
Package: iftex 2022/02/03 v1.0f TeX engine tests
))
\Gm@cnth=\count272
\Gm@cntv=\count273
\c@Gm@tempcnt=\count274
\Gm@bindingoffset=\dimen159
\Gm@wd@mp=\dimen160
\Gm@odd@mp=\dimen161
\Gm@even@mp=\dimen162
\Gm@layoutwidth=\dimen163
\Gm@layoutheight=\dimen164
\Gm@layouthoffset=\dimen165
\Gm@layoutvoffset=\dimen166
\Gm@dimlist=\toks24
)
(d:/Soft/texlive/2023/texmf-dist/tex/latex/cite/cite.sty
LaTeX Info: Redefining \cite on input line 302.
LaTeX Info: Redefining \nocite on input line 332.
Package: cite 2015/02/27  v 5.5
)
(d:/Soft/texlive/2023/texmf-dist/tex/latex/hyperref/hyperref.sty
Package: hyperref 2023-02-07 v7.00v Hypertext links for LaTeX

(d:/Soft/texlive/2023/texmf-dist/tex/generic/ltxcmds/ltxcmds.sty
Package: ltxcmds 2020-05-10 v1.25 LaTeX kernel commands for general use (HO)
)
(d:/Soft/texlive/2023/texmf-dist/tex/generic/pdftexcmds/pdftexcmds.sty
Package: pdftexcmds 2020-06-27 v0.33 Utility functions of pdfTeX for LuaTeX (HO
)

(d:/Soft/texlive/2023/texmf-dist/tex/generic/infwarerr/infwarerr.sty
Package: infwarerr 2019/12/03 v1.5 Providing info/warning/error messages (HO)
)
Package pdftexcmds Info: \pdf@primitive is available.
Package pdftexcmds Info: \pdf@ifprimitive is available.
Package pdftexcmds Info: \pdfdraftmode found.
)
(d:/Soft/texlive/2023/texmf-dist/tex/latex/kvsetkeys/kvsetkeys.sty
Package: kvsetkeys 2022-10-05 v1.19 Key value parser (HO)
)
(d:/Soft/texlive/2023/texmf-dist/tex/generic/kvdefinekeys/kvdefinekeys.sty
Package: kvdefinekeys 2019-12-19 v1.6 Define keys (HO)
)
(d:/Soft/texlive/2023/texmf-dist/tex/generic/pdfescape/pdfescape.sty
Package: pdfescape 2019/12/09 v1.15 Implements pdfTeX's escape features (HO)
)
(d:/Soft/texlive/2023/texmf-dist/tex/latex/hycolor/hycolor.sty
Package: hycolor 2020-01-27 v1.10 Color options for hyperref/bookmark (HO)
)
(d:/Soft/texlive/2023/texmf-dist/tex/latex/letltxmacro/letltxmacro.sty
Package: letltxmacro 2019/12/03 v1.6 Let assignment for LaTeX macros (HO)
)
(d:/Soft/texlive/2023/texmf-dist/tex/latex/auxhook/auxhook.sty
Package: auxhook 2019-12-17 v1.6 Hooks for auxiliary files (HO)
)
(d:/Soft/texlive/2023/texmf-dist/tex/latex/hyperref/nameref.sty
Package: nameref 2022-05-17 v2.50 Cross-referencing by name of section

(d:/Soft/texlive/2023/texmf-dist/tex/latex/refcount/refcount.sty
Package: refcount 2019/12/15 v3.6 Data extraction from label references (HO)
)
(d:/Soft/texlive/2023/texmf-dist/tex/generic/gettitlestring/gettitlestring.sty
Package: gettitlestring 2019/12/15 v1.6 Cleanup title references (HO)

(d:/Soft/texlive/2023/texmf-dist/tex/latex/kvoptions/kvoptions.sty
Package: kvoptions 2022-06-15 v3.15 Key value format for package options (HO)
))
\c@section@level=\count275
)
\@linkdim=\dimen167
\Hy@linkcounter=\count276
\Hy@pagecounter=\count277

(d:/Soft/texlive/2023/texmf-dist/tex/latex/hyperref/pd1enc.def
File: pd1enc.def 2023-02-07 v7.00v Hyperref: PDFDocEncoding definition (HO)
Now handling font encoding PD1 ...
... no UTF-8 mapping file for font encoding PD1
)
(d:/Soft/texlive/2023/texmf-dist/tex/generic/intcalc/intcalc.sty
Package: intcalc 2019/12/15 v1.3 Expandable calculations with integers (HO)
)
(d:/Soft/texlive/2023/texmf-dist/tex/generic/etexcmds/etexcmds.sty
Package: etexcmds 2019/12/15 v1.7 Avoid name clashes with e-TeX commands (HO)
)
\Hy@SavedSpaceFactor=\count278

(d:/Soft/texlive/2023/texmf-dist/tex/latex/hyperref/puenc.def
File: puenc.def 2023-02-07 v7.00v Hyperref: PDF Unicode definition (HO)
Now handling font encoding PU ...
... no UTF-8 mapping file for font encoding PU
)
Package hyperref Info: Option `final' set `true' on input line 4060.
Package hyperref Info: Hyper figures OFF on input line 4177.
Package hyperref Info: Link nesting OFF on input line 4182.
Package hyperref Info: Hyper index ON on input line 4185.
Package hyperref Info: Plain pages OFF on input line 4192.
Package hyperref Info: Backreferencing OFF on input line 4197.
Package hyperref Info: Implicit mode ON; LaTeX internals redefined.
Package hyperref Info: Bookmarks ON on input line 4425.
\c@Hy@tempcnt=\count279

(d:/Soft/texlive/2023/texmf-dist/tex/latex/url/url.sty
\Urlmuskip=\muskip17
Package: url 2013/09/16  ver 3.4  Verb mode for urls, etc.
)
LaTeX Info: Redefining \url on input line 4763.
\XeTeXLinkMargin=\dimen168

(d:/Soft/texlive/2023/texmf-dist/tex/generic/bitset/bitset.sty
Package: bitset 2019/12/09 v1.3 Handle bit-vector datatype (HO)

(d:/Soft/texlive/2023/texmf-dist/tex/generic/bigintcalc/bigintcalc.sty
Package: bigintcalc 2019/12/15 v1.5 Expandable calculations on big integers (HO
)
))
\Fld@menulength=\count280
\Field@Width=\dimen169
\Fld@charsize=\dimen170
Package hyperref Info: Hyper figures OFF on input line 6042.
Package hyperref Info: Link nesting OFF on input line 6047.
Package hyperref Info: Hyper index ON on input line 6050.
Package hyperref Info: backreferencing OFF on input line 6057.
Package hyperref Info: Link coloring OFF on input line 6062.
Package hyperref Info: Link coloring with OCG OFF on input line 6067.
Package hyperref Info: PDF/A mode OFF on input line 6072.

(d:/Soft/texlive/2023/texmf-dist/tex/latex/base/atbegshi-ltx.sty
Package: atbegshi-ltx 2021/01/10 v1.0c Emulation of the original atbegshi
package with kernel methods
)
\Hy@abspage=\count281
\c@Item=\count282
\c@Hfootnote=\count283
)
Package hyperref Info: Driver (autodetected): hpdftex.

(d:/Soft/texlive/2023/texmf-dist/tex/latex/hyperref/hpdftex.def
File: hpdftex.def 2023-02-07 v7.00v Hyperref driver for pdfTeX

(d:/Soft/texlive/2023/texmf-dist/tex/latex/base/atveryend-ltx.sty
Package: atveryend-ltx 2020/08/19 v1.0a Emulation of the original atveryend pac
kage
with kernel methods
)
\Fld@listcount=\count284
\c@bookmark@seq@number=\count285

(d:/Soft/texlive/2023/texmf-dist/tex/latex/rerunfilecheck/rerunfilecheck.sty
Package: rerunfilecheck 2022-07-10 v1.10 Rerun checks for auxiliary files (HO)

(d:/Soft/texlive/2023/texmf-dist/tex/generic/uniquecounter/uniquecounter.sty
Package: uniquecounter 2019/12/15 v1.4 Provide unlimited unique counter (HO)
)
Package uniquecounter Info: New unique counter `rerunfilecheck' on input line 2
85.
)
\Hy@SectionHShift=\skip55
) (d:/Soft/texlive/2023/texmf-dist/tex/latex/ctex/ctex.sty
(d:/Soft/texlive/2023/texmf-dist/tex/latex/l3kernel/expl3.sty
Package: expl3 2023-02-22 L3 programming layer (loader) 

(d:/Soft/texlive/2023/texmf-dist/tex/latex/l3backend/l3backend-pdftex.def
File: l3backend-pdftex.def 2023-01-16 L3 backend support: PDF output (pdfTeX)
\l__color_backend_stack_int=\count286
\l__pdf_internal_box=\box55
))
Package: ctex 2022/07/14 v2.5.10 Chinese adapter in LaTeX (CTEX)

(d:/Soft/texlive/2023/texmf-dist/tex/latex/ctex/ctexhook.sty
Package: ctexhook 2022/07/14 v2.5.10 Document and package hooks (CTEX)
)
(d:/Soft/texlive/2023/texmf-dist/tex/latex/ctex/ctexpatch.sty
Package: ctexpatch 2022/07/14 v2.5.10 Patching commands (CTEX)
)
(d:/Soft/texlive/2023/texmf-dist/tex/latex/base/fix-cm.sty
Package: fix-cm 2020/11/24 v1.1t fixes to LaTeX

(d:/Soft/texlive/2023/texmf-dist/tex/latex/base/ts1enc.def
File: ts1enc.def 2001/06/05 v3.0e (jk/car/fm) Standard LaTeX file
LaTeX Font Info:    Redeclaring font encoding TS1 on input line 47.
))
\l__ctex_tmp_int=\count287
\l__ctex_tmp_box=\box56
\l__ctex_tmp_dim=\dimen171
\g__ctex_section_depth_int=\count288
\g__ctex_font_size_int=\count289

(d:/Soft/texlive/2023/texmf-dist/tex/latex/ctex/config/ctexopts.cfg
File: ctexopts.cfg 2022/07/14 v2.5.10 Option configuration file (CTEX)
)

Package ctex Warning: UTF8 will be used as the default encoding.

(d:/Soft/texlive/2023/texmf-dist/tex/latex/ctex/engine/ctex-engine-pdftex.def
File: ctex-engine-pdftex.def 2022/07/14 v2.5.10 (pdf)LaTeX adapter (CTEX)

(d:/Soft/texlive/2023/texmf-dist/tex/latex/cjk/texinput/CJKutf8.sty
Package: CJKutf8 2021/10/16 4.8.5

(d:/Soft/texlive/2023/texmf-dist/tex/generic/iftex/ifpdf.sty
Package: ifpdf 2019/10/25 v3.4 ifpdf legacy package. Use iftex instead.
)
(d:/Soft/texlive/2023/texmf-dist/tex/latex/base/inputenc.sty
Package: inputenc 2021/02/14 v1.3d Input encoding file
\inpenc@prehook=\toks25
\inpenc@posthook=\toks26
)
(d:/Soft/texlive/2023/texmf-dist/tex/latex/cjk/texinput/CJK.sty
Package: CJK 2021/10/16 4.8.5

(d:/Soft/texlive/2023/texmf-dist/tex/latex/cjk/texinput/mule/MULEenc.sty
Package: MULEenc 2021/10/16 4.8.5
)
(d:/Soft/texlive/2023/texmf-dist/tex/latex/cjk/texinput/CJK.enc
File: CJK.enc 2021/10/16 4.8.5
Now handling font encoding C00 ...
... no UTF-8 mapping file for font encoding C00
Now handling font encoding C05 ...
... no UTF-8 mapping file for font encoding C05
Now handling font encoding C09 ...
... no UTF-8 mapping file for font encoding C09
Now handling font encoding C10 ...
... no UTF-8 mapping file for font encoding C10
Now handling font encoding C20 ...
... no UTF-8 mapping file for font encoding C20
Now handling font encoding C19 ...
... no UTF-8 mapping file for font encoding C19
Now handling font encoding C40 ...
... no UTF-8 mapping file for font encoding C40
Now handling font encoding C42 ...
... no UTF-8 mapping file for font encoding C42
Now handling font encoding C43 ...
... no UTF-8 mapping file for font encoding C43
Now handling font encoding C50 ...
... no UTF-8 mapping file for font encoding C50
Now handling font encoding C52 ...
... no UTF-8 mapping file for font encoding C52
Now handling font encoding C49 ...
... no UTF-8 mapping file for font encoding C49
Now handling font encoding C60 ...
... no UTF-8 mapping file for font encoding C60
Now handling font encoding C61 ...
... no UTF-8 mapping file for font encoding C61
Now handling font encoding C63 ...
... no UTF-8 mapping file for font encoding C63
Now handling font encoding C64 ...
... no UTF-8 mapping file for font encoding C64
Now handling font encoding C65 ...
... no UTF-8 mapping file for font encoding C65
Now handling font encoding C70 ...
... no UTF-8 mapping file for font encoding C70
Now handling font encoding C31 ...
... no UTF-8 mapping file for font encoding C31
Now handling font encoding C32 ...
... no UTF-8 mapping file for font encoding C32
Now handling font encoding C33 ...
... no UTF-8 mapping file for font encoding C33
Now handling font encoding C34 ...
... no UTF-8 mapping file for font encoding C34
Now handling font encoding C35 ...
... no UTF-8 mapping file for font encoding C35
Now handling font encoding C36 ...
... no UTF-8 mapping file for font encoding C36
Now handling font encoding C37 ...
... no UTF-8 mapping file for font encoding C37
Now handling font encoding C80 ...
... no UTF-8 mapping file for font encoding C80
Now handling font encoding C81 ...
... no UTF-8 mapping file for font encoding C81
Now handling font encoding C01 ...
... no UTF-8 mapping file for font encoding C01
Now handling font encoding C11 ...
... no UTF-8 mapping file for font encoding C11
Now handling font encoding C21 ...
... no UTF-8 mapping file for font encoding C21
Now handling font encoding C41 ...
... no UTF-8 mapping file for font encoding C41
Now handling font encoding C62 ...
... no UTF-8 mapping file for font encoding C62
)
\CJK@indent=\box57
)
(d:/Soft/texlive/2023/texmf-dist/tex/latex/base/fontenc.sty
Package: fontenc 2021/04/29 v2.0v Standard LaTeX package
))
(d:/Soft/texlive/2023/texmf-dist/tex/latex/cjkpunct/CJKpunct.sty
Package: CJKpunct 2016/05/14 4.8.4
\CJKpunct@cnta=\count290
\CJKpunct@cntb=\count291
\CJKpunct@cntc=\count292
\CJKpunct@cntd=\count293
\CJKpunct@cnte=\count294
   defining Unicode char U+2018 (decimal 8216)
   defining Unicode char U+2019 (decimal 8217)
   defining Unicode char U+201C (decimal 8220)
   defining Unicode char U+201D (decimal 8221)
   defining Unicode char U+2014 (decimal 8212)
   defining Unicode char U+2026 (decimal 8230)

(d:/Soft/texlive/2023/texmf-dist/tex/latex/cjkpunct/CJKpunct.spa))
(d:/Soft/texlive/2023/texmf-dist/tex/latex/cjk/texinput/CJKspace.sty
Package: CJKspace 2021/10/16 3.8.0
)
(d:/Soft/texlive/2023/texmf-dist/tex/latex/cjk/texinput/UTF8/UTF8.bdg
File: UTF8.bdg 2021/10/16 4.8.5
)
(d:/Soft/texlive/2023/texmf-dist/tex/latex/ctex/ctexspa.def
File: ctexspa.def 2022/07/14 v2.5.10 Space info for CJKpunct (CTEX)
)

Package hyperref Warning: Option `driverfallback' has already been used,
(hyperref)                setting the option has no effect on input line 493.

Package hyperref Info: Option `unicode' set `true' on input line 512.
\ccwd=\dimen172
\l__ctex_ccglue_skip=\skip56
)
\l__ctex_ziju_dim=\dimen173
 (d:/Soft/texlive/2023/texmf-dist/tex/latex/zhnumber/zhnumber.sty
Package: zhnumber 2022/07/14 v3.0 Typesetting numbers with Chinese glyphs
\l__zhnum_scale_int=\count295
\l__zhnum_tmp_int=\count296

(d:/Soft/texlive/2023/texmf-dist/tex/latex/zhnumber/zhnumber-utf8.cfg
File: zhnumber-utf8.cfg 2022/07/14 v3.0 Chinese numerals with UTF8 encoding
))
(d:/Soft/texlive/2023/texmf-dist/tex/latex/ctex/scheme/ctex-scheme-chinese.def
File: ctex-scheme-chinese.def 2022/07/14 v2.5.10 Chinese scheme for generic (CT
EX)

(d:/Soft/texlive/2023/texmf-dist/tex/latex/ctex/config/ctex-name-utf8.cfg
File: ctex-name-utf8.cfg 2022/07/14 v2.5.10 Caption with encoding UTF-8 (CTEX)
))
(d:/Soft/texlive/2023/texmf-dist/tex/latex/tools/indentfirst.sty
Package: indentfirst 1995/11/23 v1.03 Indent first paragraph (DPC)
)
(d:/Soft/texlive/2023/texmf-dist/tex/latex/ctex/fontset/ctex-fontset-windows.de
f
File: ctex-fontset-windows.def 2022/07/14 v2.5.10 Windows fonts definition (CTE
X)
)) (d:/Soft/texlive/2023/texmf-dist/tex/latex/ctex/config/ctex.cfg
File: ctex.cfg 2022/07/14 v2.5.10 Configuration file (CTEX)
)
(d:/Soft/texlive/2023/texmf-dist/tex/latex/titlesec/titlesec.sty
Package: titlesec 2021/07/05 v2.14 Sectioning titles
\ttl@box=\box58
\beforetitleunit=\skip57
\aftertitleunit=\skip58
\ttl@plus=\dimen174
\ttl@minus=\dimen175
\ttl@toksa=\toks27
\titlewidth=\dimen176
\titlewidthlast=\dimen177
\titlewidthfirst=\dimen178
)
(d:/Soft/texlive/2023/texmf-dist/tex/latex/makecell/makecell.sty
Package: makecell 2009/08/03 V0.1e Managing of Tab Column Heads and Cells
\rotheadsize=\dimen179
\c@nlinenum=\count297
\TeXr@lab=\toks28
)
(d:/Soft/texlive/2023/texmf-dist/tex/latex/booktabs/booktabs.sty
Package: booktabs 2020/01/12 v1.61803398 Publication quality tables
\heavyrulewidth=\dimen180
\lightrulewidth=\dimen181
\cmidrulewidth=\dimen182
\belowrulesep=\dimen183
\belowbottomsep=\dimen184
\aboverulesep=\dimen185
\abovetopsep=\dimen186
\cmidrulesep=\dimen187
\cmidrulekern=\dimen188
\defaultaddspace=\dimen189
\@cmidla=\count298
\@cmidlb=\count299
\@aboverulesep=\dimen190
\@belowrulesep=\dimen191
\@thisruleclass=\count300
\@lastruleclass=\count301
\@thisrulewidth=\dimen192
)
(d:/Soft/texlive/2023/texmf-dist/tex/latex/multirow/multirow.sty
Package: multirow 2021/03/15 v2.8 Span multiple rows of a table
\multirow@colwidth=\skip59
\multirow@cntb=\count302
\multirow@dima=\skip60
\bigstrutjot=\dimen193
)
(d:/Soft/texlive/2023/texmf-dist/tex/latex/amsfonts/amssymb.sty
Package: amssymb 2013/01/14 v3.01 AMS font symbols

(d:/Soft/texlive/2023/texmf-dist/tex/latex/amsfonts/amsfonts.sty
Package: amsfonts 2013/01/14 v3.01 Basic AMSFonts support
\symAMSa=\mathgroup4
\symAMSb=\mathgroup5
LaTeX Font Info:    Redeclaring math symbol \hbar on input line 98.
LaTeX Font Info:    Overwriting math alphabet `\mathfrak' in version `bold'
(Font)                  U/euf/m/n --> U/euf/b/n on input line 106.
))
(d:/Soft/texlive/2023/texmf-dist/tex/latex/tools/longtable.sty
Package: longtable 2021-09-01 v4.17 Multi-page Table package (DPC)
\LTleft=\skip61
\LTright=\skip62
\LTpre=\skip63
\LTpost=\skip64
\LTchunksize=\count303
\LTcapwidth=\dimen194
\LT@head=\box59
\LT@firsthead=\box60
\LT@foot=\box61
\LT@lastfoot=\box62
\LT@gbox=\box63
\LT@cols=\count304
\LT@rows=\count305
\c@LT@tables=\count306
\c@LT@chunks=\count307
\LT@p@ftn=\toks29
)
(d:/Soft/texlive/2023/texmf-dist/tex/latex/caption/caption.sty
Package: caption 2023/03/12 v3.6j Customizing captions (AR)

(d:/Soft/texlive/2023/texmf-dist/tex/latex/caption/caption3.sty
Package: caption3 2023/03/12 v2.4 caption3 kernel (AR)
\caption@tempdima=\dimen195
\captionmargin=\dimen196
\caption@leftmargin=\dimen197
\caption@rightmargin=\dimen198
\caption@width=\dimen199
\caption@indent=\dimen256
\caption@parindent=\dimen257
\caption@hangindent=\dimen258
Package caption Info: Standard document class detected.
)
\c@caption@flags=\count308
\c@continuedfloat=\count309
Package caption Info: hyperref package is loaded.
Package caption Info: longtable package is loaded.

(d:/Soft/texlive/2023/texmf-dist/tex/latex/caption/ltcaption.sty
Package: ltcaption 2021/01/08 v1.4c longtable captions (AR)
))
(d:/Soft/texlive/2023/texmf-dist/tex/latex/caption/subcaption.sty
Package: subcaption 2023/02/19 v1.6 Sub-captions (AR)
Package caption Info: New subtype `subfigure' on input line 239.
\c@subfigure=\count310
Package caption Info: New subtype `subtable' on input line 239.
\c@subtable=\count311
)
(d:/Soft/texlive/2023/texmf-dist/tex/latex/graphics/color.sty
Package: color 2022/01/06 v1.3d Standard LaTeX Color (DPC)

(d:/Soft/texlive/2023/texmf-dist/tex/latex/graphics-cfg/color.cfg
File: color.cfg 2016/01/02 v1.6 sample color configuration
)
Package color Info: Driver file: pdftex.def on input line 149.

(d:/Soft/texlive/2023/texmf-dist/tex/latex/graphics/mathcolor.ltx))
(d:/Soft/texlive/2023/texmf-dist/tex/latex/xcolor/xcolor.sty
Package: xcolor 2022/06/12 v2.14 LaTeX color extensions (UK)

(d:/Soft/texlive/2023/texmf-dist/tex/latex/graphics-cfg/color.cfg
File: color.cfg 2016/01/02 v1.6 sample color configuration
)
Package xcolor Info: Driver file: pdftex.def on input line 227.
LaTeX Info: Redefining \color on input line 711.

(d:/Soft/texlive/2023/texmf-dist/tex/latex/graphics/mathcolor.ltx)
Package xcolor Info: Model `cmy' substituted by `cmy0' on input line 1353.
Package xcolor Info: Model `hsb' substituted by `rgb' on input line 1357.
Package xcolor Info: Model `RGB' extended on input line 1369.
Package xcolor Info: Model `HTML' substituted by `rgb' on input line 1371.
Package xcolor Info: Model `Hsb' substituted by `hsb' on input line 1372.
Package xcolor Info: Model `tHsb' substituted by `hsb' on input line 1373.
Package xcolor Info: Model `HSB' substituted by `hsb' on input line 1374.
Package xcolor Info: Model `Gray' substituted by `gray' on input line 1375.
Package xcolor Info: Model `wave' substituted by `hsb' on input line 1376.
)
(d:/Soft/texlive/2023/texmf-dist/tex/latex/bbm-macros/bbm.sty
Package: bbm 1999/03/15 V 1.2 provides fonts for set symbols - TH
LaTeX Font Info:    Overwriting math alphabet `\mathbbm' in version `bold'
(Font)                  U/bbm/m/n --> U/bbm/bx/n on input line 33.
LaTeX Font Info:    Overwriting math alphabet `\mathbbmss' in version `bold'
(Font)                  U/bbmss/m/n --> U/bbmss/bx/n on input line 35.
)
(d:/Soft/texlive/2023/texmf-dist/tex/latex/tablefootnote/tablefootnote.sty
Package: tablefootnote 2014/01/26 v1.1c Table foot notes (HMM)

(d:/Soft/texlive/2023/texmf-dist/tex/latex/xifthen/xifthen.sty
Package: xifthen 2015/11/05 v1.4.0 Extended ifthen features

(d:/Soft/texlive/2023/texmf-dist/tex/latex/tools/calc.sty
Package: calc 2017/05/25 v4.3 Infix arithmetic (KKT,FJ)
\calc@Acount=\count312
\calc@Bcount=\count313
\calc@Adimen=\dimen259
\calc@Bdimen=\dimen260
\calc@Askip=\skip65
\calc@Bskip=\skip66
LaTeX Info: Redefining \setlength on input line 80.
LaTeX Info: Redefining \addtolength on input line 81.
\calc@Ccount=\count314
\calc@Cskip=\skip67
)
(d:/Soft/texlive/2023/texmf-dist/tex/latex/base/ifthen.sty
Package: ifthen 2022/04/13 v1.1d Standard LaTeX ifthen package (DPC)
)
(d:/Soft/texlive/2023/texmf-dist/tex/latex/ifmtarg/ifmtarg.sty
Package: ifmtarg 2018/04/16 v1.2b check for an empty argument
))
(d:/Soft/texlive/2023/texmf-dist/tex/latex/etoolbox/etoolbox.sty
Package: etoolbox 2020/10/05 v2.5k e-TeX tools for LaTeX (JAW)
\etb@tempcnta=\count315
))
(./pythonhighlight.sty
Package: pythonhighlight 2011/09/19 python code highlighting; provided by Olivi
er Verdier <olivier.verdier@gmail.com>

(d:/Soft/texlive/2023/texmf-dist/tex/latex/listings/listings.sty
\lst@mode=\count316
\lst@gtempboxa=\box64
\lst@token=\toks30
\lst@length=\count317
\lst@currlwidth=\dimen261
\lst@column=\count318
\lst@pos=\count319
\lst@lostspace=\dimen262
\lst@width=\dimen263
\lst@newlines=\count320
\lst@lineno=\count321
\lst@maxwidth=\dimen264

(d:/Soft/texlive/2023/texmf-dist/tex/latex/listings/lstmisc.sty
File: lstmisc.sty 2023/02/27 1.9 (Carsten Heinz)
\c@lstnumber=\count322
\lst@skipnumbers=\count323
\lst@framebox=\box65
)
(d:/Soft/texlive/2023/texmf-dist/tex/latex/listings/listings.cfg
File: listings.cfg 2023/02/27 1.9 listings configuration
))
Package: listings 2023/02/27 1.9 (Carsten Heinz)
)
Package hyperref Info: Option `colorlinks' set `true' on input line 52.

(d:/Soft/texlive/2023/texmf-dist/tex/latex/cjk/texinput/UTF8/UTF8.enc
File: UTF8.enc 2021/10/16 4.8.5
)
(d:/Soft/texlive/2023/texmf-dist/tex/latex/cjk/texinput/UTF8/UTF8.chr
File: UTF8.chr 2021/10/16 4.8.5
)
(./main.aux

LaTeX Warning: Label `eq: DGFN' multiply defined.

)
\openout1 = `main.aux'.

LaTeX Font Info:    Checking defaults for OML/cmm/m/it on input line 60.
LaTeX Font Info:    ... okay on input line 60.
LaTeX Font Info:    Checking defaults for OMS/cmsy/m/n on input line 60.
LaTeX Font Info:    ... okay on input line 60.
LaTeX Font Info:    Checking defaults for OT1/cmr/m/n on input line 60.
LaTeX Font Info:    ... okay on input line 60.
LaTeX Font Info:    Checking defaults for T1/cmr/m/n on input line 60.
LaTeX Font Info:    ... okay on input line 60.
LaTeX Font Info:    Checking defaults for TS1/cmr/m/n on input line 60.
LaTeX Font Info:    ... okay on input line 60.
LaTeX Font Info:    Checking defaults for OMX/cmex/m/n on input line 60.
LaTeX Font Info:    ... okay on input line 60.
LaTeX Font Info:    Checking defaults for U/cmr/m/n on input line 60.
LaTeX Font Info:    ... okay on input line 60.
LaTeX Font Info:    Checking defaults for PD1/pdf/m/n on input line 60.
LaTeX Font Info:    ... okay on input line 60.
LaTeX Font Info:    Checking defaults for PU/pdf/m/n on input line 60.
LaTeX Font Info:    ... okay on input line 60.
LaTeX Font Info:    Checking defaults for C00/song/m/n on input line 60.
LaTeX Font Info:    ... okay on input line 60.
LaTeX Font Info:    Checking defaults for C05/song/m/n on input line 60.
LaTeX Font Info:    ... okay on input line 60.
LaTeX Font Info:    Checking defaults for C09/song/m/n on input line 60.
LaTeX Font Info:    ... okay on input line 60.
LaTeX Font Info:    Checking defaults for C10/song/m/n on input line 60.
LaTeX Font Info:    ... okay on input line 60.
LaTeX Font Info:    Checking defaults for C20/song/m/n on input line 60.
LaTeX Font Info:    ... okay on input line 60.
LaTeX Font Info:    Checking defaults for C19/song/m/n on input line 60.
LaTeX Font Info:    ... okay on input line 60.
LaTeX Font Info:    Checking defaults for C40/song/m/n on input line 60.
LaTeX Font Info:    ... okay on input line 60.
LaTeX Font Info:    Checking defaults for C42/song/m/n on input line 60.
LaTeX Font Info:    ... okay on input line 60.
LaTeX Font Info:    Checking defaults for C43/song/m/n on input line 60.
LaTeX Font Info:    ... okay on input line 60.
LaTeX Font Info:    Checking defaults for C50/song/m/n on input line 60.
LaTeX Font Info:    ... okay on input line 60.
LaTeX Font Info:    Checking defaults for C52/song/m/n on input line 60.
LaTeX Font Info:    ... okay on input line 60.
LaTeX Font Info:    Checking defaults for C49/song/m/n on input line 60.
LaTeX Font Info:    ... okay on input line 60.
LaTeX Font Info:    Checking defaults for C60/mj/m/n on input line 60.
LaTeX Font Info:    ... okay on input line 60.
LaTeX Font Info:    Checking defaults for C61/mj/m/n on input line 60.
LaTeX Font Info:    ... okay on input line 60.
LaTeX Font Info:    Checking defaults for C63/mj/m/n on input line 60.
LaTeX Font Info:    ... okay on input line 60.
LaTeX Font Info:    Checking defaults for C64/mj/m/n on input line 60.
LaTeX Font Info:    ... okay on input line 60.
LaTeX Font Info:    Checking defaults for C65/mj/m/n on input line 60.
LaTeX Font Info:    ... okay on input line 60.
LaTeX Font Info:    Checking defaults for C70/song/m/n on input line 60.
LaTeX Font Info:    ... okay on input line 60.
LaTeX Font Info:    Checking defaults for C31/song/m/n on input line 60.
LaTeX Font Info:    ... okay on input line 60.
LaTeX Font Info:    Checking defaults for C32/song/m/n on input line 60.
LaTeX Font Info:    ... okay on input line 60.
LaTeX Font Info:    Checking defaults for C33/song/m/n on input line 60.
LaTeX Font Info:    ... okay on input line 60.
LaTeX Font Info:    Checking defaults for C34/song/m/n on input line 60.
LaTeX Font Info:    ... okay on input line 60.
LaTeX Font Info:    Checking defaults for C35/song/m/n on input line 60.
LaTeX Font Info:    ... okay on input line 60.
LaTeX Font Info:    Checking defaults for C36/song/m/n on input line 60.
LaTeX Font Info:    ... okay on input line 60.
LaTeX Font Info:    Checking defaults for C37/song/m/n on input line 60.
LaTeX Font Info:    ... okay on input line 60.
LaTeX Font Info:    Checking defaults for C80/song/m/n on input line 60.
LaTeX Font Info:    ... okay on input line 60.
LaTeX Font Info:    Checking defaults for C81/song/m/n on input line 60.
LaTeX Font Info:    ... okay on input line 60.
LaTeX Font Info:    Checking defaults for C01/song/m/n on input line 60.
LaTeX Font Info:    ... okay on input line 60.
LaTeX Font Info:    Checking defaults for C11/song/m/n on input line 60.
LaTeX Font Info:    ... okay on input line 60.
LaTeX Font Info:    Checking defaults for C21/song/m/n on input line 60.
LaTeX Font Info:    ... okay on input line 60.
LaTeX Font Info:    Checking defaults for C41/song/m/n on input line 60.
LaTeX Font Info:    ... okay on input line 60.
LaTeX Font Info:    Checking defaults for C62/song/m/n on input line 60.
LaTeX Font Info:    ... okay on input line 60.
 (d:/Soft/texlive/2023/texmf-dist/tex/context/base/mkii/supp-pdf.mkii
[Loading MPS to PDF converter (version 2006.09.02).]
\scratchcounter=\count324
\scratchdimen=\dimen265
\scratchbox=\box66
\nofMPsegments=\count325
\nofMParguments=\count326
\everyMPshowfont=\toks31
\MPscratchCnt=\count327
\MPscratchDim=\dimen266
\MPnumerator=\count328
\makeMPintoPDFobject=\count329
\everyMPtoPDFconversion=\toks32
) (d:/Soft/texlive/2023/texmf-dist/tex/latex/epstopdf-pkg/epstopdf-base.sty
Package: epstopdf-base 2020-01-24 v2.11 Base part for package epstopdf
Package epstopdf-base Info: Redefining graphics rule for `.eps' on input line 4
85.

(d:/Soft/texlive/2023/texmf-dist/tex/latex/latexconfig/epstopdf-sys.cfg
File: epstopdf-sys.cfg 2010/07/13 v1.3 Configuration of (r)epstopdf for TeX Liv
e
))
*geometry* driver: auto-detecting
*geometry* detected driver: pdftex
*geometry* verbose mode - [ preamble ] result:
* driver: pdftex
* paper: letterpaper
* layout: <same size as paper>
* layoutoffset:(h,v)=(0.0pt,0.0pt)
* modes: 
* h-part:(L,W,R)=(72.26999pt, 469.75502pt, 72.26999pt)
* v-part:(T,H,B)=(72.26999pt, 650.43001pt, 72.26999pt)
* \paperwidth=614.295pt
* \paperheight=794.96999pt
* \textwidth=469.75502pt
* \textheight=650.43001pt
* \oddsidemargin=0.0pt
* \evensidemargin=0.0pt
* \topmargin=-37.0pt
* \headheight=12.0pt
* \headsep=25.0pt
* \topskip=10.0pt
* \footskip=30.0pt
* \marginparwidth=65.0pt
* \marginparsep=11.0pt
* \columnsep=10.0pt
* \skip\footins=9.0pt plus 4.0pt minus 2.0pt
* \hoffset=0.0pt
* \voffset=0.0pt
* \mag=1000
* \@twocolumnfalse
* \@twosidefalse
* \@mparswitchfalse
* \@reversemarginfalse
* (1in=72.27pt=25.4mm, 1cm=28.453pt)

Package hyperref Info: Link coloring ON on input line 60.
(./main.out) (./main.out)
\@outlinefile=\write3
\openout3 = `main.out'.

Package caption Info: Begin \AtBeginDocument code.
Package caption Info: listings package is loaded.
Package caption Info: End \AtBeginDocument code.
\c@lstlisting=\count330
LaTeX Font Info:    Trying to load font information for C70+zhsong on input lin
e 67.

(d:/Soft/texlive/2023/texmf-dist/tex/latex/zhmetrics/c70zhsong.fd
File: c70zhsong.fd 2009/09/23 4.8.2
)
LaTeX Font Info:    Trying to load font information for U+msa on input line 67.


(d:/Soft/texlive/2023/texmf-dist/tex/latex/amsfonts/umsa.fd
File: umsa.fd 2013/01/14 v3.01 AMS symbols A
)
LaTeX Font Info:    Trying to load font information for U+msb on input line 67.


(d:/Soft/texlive/2023/texmf-dist/tex/latex/amsfonts/umsb.fd
File: umsb.fd 2013/01/14 v3.01 AMS symbols B
) (./main.toc
LaTeX Font Info:    Trying to load font information for C70+rm on input line 26
.

(d:/Soft/texlive/2023/texmf-dist/tex/latex/ctex/fd/c70rm.fd
File: c70rm.fd 2022/07/14 v2.5.10 Chinese font definition (CTEX)
))
\tf@toc=\write4
\openout4 = `main.toc'.

Package CJKpunct Info: use punctuation spaces for family 'rm' with punctstyle (
quanjiao) on input line 86.

(d:/Soft/texlive/2023/texmf-dist/tex/generic/ctex/zhmap/ctex-zhmap-windows.tex
File: ctex-zhmap-windows.tex 2022/07/14 v2.5.10 Windows font map loader for pdf
TeX and DVIPDFMx (CTEX)
{d:/Soft/texlive/2023/texmf-var/fonts/map/pdftex/updmap/pdftex.map}{UGBK.sfd}{U
nicode.sfd}) [1

]
<picture/Transfromer_architecture.jpg, id=204, 323.70938pt x 480.79625pt>
File: picture/Transfromer_architecture.jpg Graphic file (type jpg)
<use picture/Transfromer_architecture.jpg>
Package pdftex.def Info: picture/Transfromer_architecture.jpg  used on input li
ne 117.
(pdftex.def)             Requested size: 375.80544pt x 558.20822pt.

Underfull \hbox (badness 10000) in paragraph at lines 124--125

 []

[2{d:/Soft/texlive/2023/texmf-dist/fonts/enc/dvips/cm-super/cm-super-ts1.enc}]
[3 <./picture/Transfromer_architecture.jpg>]
<picture/Transfromer_attention.jpg, id=254, 478.78876pt x 252.44313pt>
File: picture/Transfromer_attention.jpg Graphic file (type jpg)
<use picture/Transfromer_attention.jpg>
Package pdftex.def Info: picture/Transfromer_attention.jpg  used on input line 
187.
(pdftex.def)             Requested size: 375.80544pt x 198.14517pt.
 [4 <./picture/Transfromer_attention.jpg>]
Overfull \hbox (14.51178pt too wide) in paragraph at lines 222--223
[]\C70/rm/m/n/10/57 (\OT1/cmr/m/n/10 encoder-decoder at-ten-tion\C70/rm/m/n/10/
4e -|\C70/rm/m/n/10/ff ^^L| $\OML/cmm/m/it/10 Q$\C70/rm/m/n/10/67 e \C70/rm/m/n
/10/81 ê \C70/rm/m/n/10/4e Ž\OT1/cmr/m/n/10 decoder\C70/rm/m/n/10/76 „ \C70/rm/
m/n/10/4e 
 ^^@ \C70/rm/m/n/10/5c B \C70/rm/m/n/10/76 „ \C70/rm/m/n/10/8f “ \C70/rm/m/n/10
/51 ú|\C70/rm/m/n/10/ff ^^L| $\OML/cmm/m/it/10 K$\C70/rm/m/n/10/54 Œ$\OML/cmm/m
/it/10 V$\C70/rm/m/n/10/67 e \C70/rm/m/n/10/81 ê \C70/rm/m/n/10/4e Ž\OT1/cmr/m/
n/10 encoder\C70/rm/m/n/10/76 „ \C70/rm/m/n/10/8f “ \C70/rm/m/n/10/51 ú|\C70/rm
/m/n/10/ff ^^L| $\OML/cmm/m/it/10 K$\C70/rm/m/n/10/54 Œ$\OML/cmm/m/it/10 V$\C70
/rm/m/n/10/66 /
 []

[5]
<picture/batch_normalization.png, id=320, 528.97626pt x 409.53pt>
File: picture/batch_normalization.png Graphic file (type png)
<use picture/batch_normalization.png>
Package pdftex.def Info: picture/batch_normalization.png  used on input line 29
7.
(pdftex.def)             Requested size: 281.85587pt x 218.21216pt.
<picture/neural-network.png, id=321, 673.51625pt x 214.8025pt>
File: picture/neural-network.png Graphic file (type png)
<use picture/neural-network.png>
Package pdftex.def Info: picture/neural-network.png  used on input line 308.
(pdftex.def)             Requested size: 375.80544pt x 119.85593pt.
 [6 <./picture/batch_normalization.png> <./picture/neural-network.png>]
Overfull \hbox (1.44083pt too wide) in paragraph at lines 328--329
[]$\OML/cmm/m/it/10 g\OT1/cmr/m/n/10 ()$\C70/rm/m/n/10/66 / \C70/rm/m/n/10/79 ^
 \C70/rm/m/n/10/7e Ï \C70/rm/m/n/10/51 C \C70/rm/m/n/10/76 „ \C70/rm/m/n/10/7e 
¿ \C70/rm/m/n/10/60 ' \C70/rm/m/n/10/53 Ø \C70/rm/m/n/10/63 b|\C70/rm/m/n/10/ff
 ^^L| $\OML/cmm/m/it/10 w$\C70/rm/m/n/10/66 / \C70/rm/m/n/10/79 ^ \C70/rm/m/n/1
0/7e Ï \C70/rm/m/n/10/51 C \C70/rm/m/n/10/76 „ \C70/rm/m/n/10/67 C \C70/rm/m/n/
10/91 Í|\C70/rm/m/n/10/ff ^^L| $\OML/cmm/m/it/10 b$\C70/rm/m/n/10/66 / \C70/rm/
m/n/10/79 ^ \C70/rm/m/n/10/7e Ï \C70/rm/m/n/10/51 C \C70/rm/m/n/10/76 „ \C70/rm
/m/n/10/50 O \C70/rm/m/n/10/7f n|\C70/rm/m/n/10/ff ^^L| $\OML/cmm/m/it/10 f\OT1
/cmr/m/n/10 ()$\C70/rm/m/n/10/66 / \C70/rm/m/n/10/6f À \C70/rm/m/n/10/6d ; \C70
/rm/m/n/10/51 ý \C70/rm/m/n/10/65 p|\C70/rm/m/n/10/30 ^^B| \C70/rm/m/n/10/8b å 
\C70/rm/m/n/10/6a ! \C70/rm/m/n/10/57 ‹ \C70/rm/m/n/10/5b f \C70/rm/m/n/10/4e `
 \C70/rm/m/n/10/53 Â \C70/rm/m/n/10/65 p$\OML/cmm/m/it/10 w$\C70/rm/m/n/10/54 Œ
$\OML/cmm/m/it/10 b$|\C70/rm/m/n/10/30 ^^B|
 []

<picture/layer_normalization.png, id=347, 551.05875pt x 412.54124pt>
File: picture/layer_normalization.png Graphic file (type png)
<use picture/layer_normalization.png>
Package pdftex.def Info: picture/layer_normalization.png  used on input line 37
4.
(pdftex.def)             Requested size: 281.85587pt x 211.01643pt.
[7]
<picture/subsequent_mask.png, id=370, 332.24126pt x 316.18124pt>
File: picture/subsequent_mask.png Graphic file (type png)
<use picture/subsequent_mask.png>
Package pdftex.def Info: picture/subsequent_mask.png  used on input line 396.
(pdftex.def)             Requested size: 187.89914pt x 178.8164pt.
 [8 <./picture/layer_normalization.png>]
<picture/word_embedding.png, id=392, 780.9175pt x 378.41376pt>
File: picture/word_embedding.png Graphic file (type png)
<use picture/word_embedding.png>
Package pdftex.def Info: picture/word_embedding.png  used on input line 438.
(pdftex.def)             Requested size: 469.75502pt x 227.63318pt.
<picture/word-embeding-2d.png, id=394, 485.815pt x 432.61626pt>
File: picture/word-embeding-2d.png Graphic file (type png)
<use picture/word-embeding-2d.png>
Package pdftex.def Info: picture/word-embeding-2d.png  used on input line 452.
(pdftex.def)             Requested size: 234.8775pt x 209.15192pt.
 [9 <./picture/subsequent_mask.png>] [10 <./picture/word_embedding.png (PNG cop
y)> <./picture/word-embeding-2d.png>]
<picture/LLFormer_architecture.jpg, id=414, 1146.78438pt x 492.84125pt>
File: picture/LLFormer_architecture.jpg Graphic file (type jpg)
<use picture/LLFormer_architecture.jpg>
Package pdftex.def Info: picture/LLFormer_architecture.jpg  used on input line 
484.
(pdftex.def)             Requested size: 469.75502pt x 201.8782pt.

Underfull \hbox (badness 2111) in paragraph at lines 492--492
[]\OT1/cmr/m/n/7 Figure 9: |[] \OT1/cmr/bx/n/7 LL-Former ar-chi-tec-ture\OT1/cm
r/m/n/7 . The core de-sign of LL-Former in-cludes an [][][][][][] and a
 []

[11 <./picture/LLFormer_architecture.jpg>]
Overfull \hbox (20.61804pt too wide) in paragraph at lines 507--508
[]\OT1/cmr/bx/n/10 Transformer\C70/rm/m/n/10/57 ( \C70/rm/m/n/10/56 þ \C70/rm/m
/n/10/50 Ï \C70/rm/m/n/10/4f î \C70/rm/m/n/10/59 ^^M \C70/rm/m/n/10/4e - \C70/r
m/m/n/10/5e ” \C70/rm/m/n/10/75 ( \C70/rm/m/n/10/76 „ \C70/rm/m/n/10/96 ¾ \C70/
rm/m/n/10/70 ¹ \C70/rm/m/n/10/57 ( \C70/rm/m/n/10/4e Ž \C70/rm/m/n/10/8b ¡ \C70
/rm/m/n/10/7b — \C70/rm/m/n/10/59 ^^M \C70/rm/m/n/10/67 B \C70/rm/m/n/10/5e ¦ \
C70/rm/m/n/10/9a Ø|\C70/rm/m/n/10/ff ^^L| \C70/rm/m/n/10/57 ($\OML/cmm/m/it/10 
Q$\C70/rm/m/n/10/54 Œ$\OML/cmm/m/it/10 K$\C70/rm/m/n/10/8b ¡ \C70/rm/m/n/10/7b 
— \C70/rm/m/n/10/76 ø \C70/rm/m/n/10/4f < \C70/rm/m/n/10/60 ' \C70/rm/m/n/10/65
 ö|\C70/rm/m/n/10/ff ^^L| \C70/rm/m/n/10/5b ù \C70/rm/m/n/10/4e Ž \C70/rm/m/n/1
0/8f “ \C70/rm/m/n/10/51 e \C70/rm/m/n/10/4e :$\OT1/cmr/m/n/10 (\OML/cmm/m/it/1
0 C; H; W\OT1/cmr/m/n/10 )$\C70/rm/m/n/10/76 „
 []

<picture/Axis_based_Transformer_Block_&_Dual_Gated_Feed-forward_Network(GDFN).j
pg, id=424, 1273.75874pt x 293.59688pt>
File: picture/Axis_based_Transformer_Block_&_Dual_Gated_Feed-forward_Network(GD
FN).jpg Graphic file (type jpg)
<use picture/Axis_based_Transformer_Block_&_Dual_Gated_Feed-forward_Network(GDF
N).jpg>
Package pdftex.def Info: picture/Axis_based_Transformer_Block_&_Dual_Gated_Feed
-forward_Network(GDFN).jpg  used on input line 517.
(pdftex.def)             Requested size: 469.75502pt x 108.27522pt.
<picture/Cross-layer_Attention_Fusion_Block.jpg, id=425, 1274.26062pt x 360.848
13pt>
File: picture/Cross-layer_Attention_Fusion_Block.jpg Graphic file (type jpg)
<use picture/Cross-layer_Attention_Fusion_Block.jpg>
Package pdftex.def Info: picture/Cross-layer_Attention_Fusion_Block.jpg  used o
n input line 552.
(pdftex.def)             Requested size: 469.75502pt x 133.02167pt.
<picture/Results_on_UHD-LOL.png, id=429, 688.07062pt x 288.57813pt>
File: picture/Results_on_UHD-LOL.png Graphic file (type png)
<use picture/Results_on_UHD-LOL.png>
Package pdftex.def Info: picture/Results_on_UHD-LOL.png  used on input line 580
.
(pdftex.def)             Requested size: 469.75502pt x 197.01431pt.
[12 <./picture/Axis_based_Transformer_Block_&_Dual_Gated_Feed-forward_Network(G
DFN).jpg>]
<picture/Results_on_LOL_and_MIT-Adobe_FiveK.png, id=440, 677.53125pt x 315.1775
pt>
File: picture/Results_on_LOL_and_MIT-Adobe_FiveK.png Graphic file (type png)
<use picture/Results_on_LOL_and_MIT-Adobe_FiveK.png>
Package pdftex.def Info: picture/Results_on_LOL_and_MIT-Adobe_FiveK.png  used o
n input line 595.
(pdftex.def)             Requested size: 469.75502pt x 218.53073pt.
 [13 <./picture/Cross-layer_Attention_Fusion_Block.jpg> <./picture/Results_on_U
HD-LOL.png>] (./main.bbl

LaTeX Warning: Empty `thebibliography' environment on input line 3.

) [14 <./picture/Results_on_LOL_and_MIT-Adobe_FiveK.png>] (./main.aux)

LaTeX Warning: There were multiply-defined labels.

Package rerunfilecheck Info: File `main.out' has not changed.
(rerunfilecheck)             Checksum: 0E6C66FF7818CFCC8E804A28D33671E6;2167.
 ) 
Here is how much of TeX's memory you used:
 19947 strings out of 476025
 335241 string characters out of 5791521
 1884382 words of memory out of 5000000
 39617 multiletter control sequences out of 15000+600000
 582732 words of font info for 292 fonts, out of 8000000 for 9000
 1141 hyphenation exceptions out of 8191
 78i,10n,80p,790b,535s stack positions out of 10000i,1000n,20000p,200000b,200000s
<c:/Windows/Fonts/simsun.ttc><c:/Windows/Fonts/simsun.ttc><c:/Windows/Fonts/s
imsun.ttc><c:/Windows/Fonts/simhei.ttf><c:/Windows/Fonts/simhei.ttf><c:/Windows
/Fonts/simsun.ttc><c:/Windows/Fonts/simsun.ttc><c:/Windows/Fonts/simsun.ttc><c:
/Windows/Fonts/simsun.ttc><c:/Windows/Fonts/simhei.ttf><c:/Windows/Fonts/simhei
.ttf><c:/Windows/Fonts/simhei.ttf><c:/Windows/Fonts/simhei.ttf><c:/Windows/Font
s/simsun.ttc><c:/Windows/Fonts/simsun.ttc><c:/Windows/Fonts/simsun.ttc><c:/Wind
ows/Fonts/simsun.ttc><c:/Windows/Fonts/simsun.ttc><c:/Windows/Fonts/simhei.ttf>
<c:/Windows/Fonts/simhei.ttf><c:/Windows/Fonts/simhei.ttf><c:/Windows/Fonts/sim
sun.ttc><c:/Windows/Fonts/simsun.ttc><c:/Windows/Fonts/simhei.ttf><c:/Windows/F
onts/simhei.ttf><c:/Windows/Fonts/simhei.ttf><c:/Windows/Fonts/simhei.ttf><c:/W
indows/Fonts/simsun.ttc><c:/Windows/Fonts/simsun.ttc><c:/Windows/Fonts/simhei.t
tf><c:/Windows/Fonts/simhei.ttf><c:/Windows/Fonts/simhei.ttf><c:/Windows/Fonts/
simsun.ttc><c:/Windows/Fonts/simhei.ttf><c:/Windows/Fonts/simhei.ttf><c:/Window
s/Fonts/simhei.ttf><c:/Windows/Fonts/simhei.ttf><c:/Windows/Fonts/simhei.ttf><c
:/Windows/Fonts/simsun.ttc><c:/Windows/Fonts/simsun.ttc><c:/Windows/Fonts/simhe
i.ttf><c:/Windows/Fonts/simhei.ttf><c:/Windows/Fonts/simsun.ttc><c:/Windows/Fon
ts/simsun.ttc><c:/Windows/Fonts/simhei.ttf><c:/Windows/Fonts/simhei.ttf><c:/Win
dows/Fonts/simhei.ttf><c:/Windows/Fonts/simhei.ttf><c:/Windows/Fonts/simhei.ttf
><c:/Windows/Fonts/simhei.ttf><c:/Windows/Fonts/simhei.ttf><c:/Windows/Fonts/si
mhei.ttf><c:/Windows/Fonts/simhei.ttf><c:/Windows/Fonts/simhei.ttf><c:/Windows/
Fonts/simhei.ttf><c:/Windows/Fonts/simhei.ttf><c:/Windows/Fonts/simhei.ttf><c:/
Windows/Fonts/simhei.ttf><c:/Windows/Fonts/simhei.ttf><c:/Windows/Fonts/simhei.
ttf><c:/Windows/Fonts/simhei.ttf><c:/Windows/Fonts/simsun.ttc><c:/Windows/Fonts
/simsun.ttc><c:/Windows/Fonts/simsun.ttc><c:/Windows/Fonts/simsun.ttc><c:/Windo
ws/Fonts/simsun.ttc><c:/Windows/Fonts/simsun.ttc><c:/Windows/Fonts/simsun.ttc><
c:/Windows/Fonts/simsun.ttc><c:/Windows/Fonts/simsun.ttc><c:/Windows/Fonts/sims
un.ttc><c:/Windows/Fonts/simsun.ttc><c:/Windows/Fonts/simsun.ttc><c:/Windows/Fo
nts/simsun.ttc><c:/Windows/Fonts/simsun.ttc><c:/Windows/Fonts/simsun.ttc><c:/Wi
ndows/Fonts/simsun.ttc><c:/Windows/Fonts/simsun.ttc><c:/Windows/Fonts/simsun.tt
c><c:/Windows/Fonts/simsun.ttc><c:/Windows/Fonts/simsun.ttc><c:/Windows/Fonts/s
imsun.ttc><c:/Windows/Fonts/simsun.ttc><c:/Windows/Fonts/simsun.ttc><c:/Windows
/Fonts/simsun.ttc><c:/Windows/Fonts/simsun.ttc><c:/Windows/Fonts/simsun.ttc><c:
/Windows/Fonts/simsun.ttc><c:/Windows/Fonts/simsun.ttc><c:/Windows/Fonts/simsun
.ttc><c:/Windows/Fonts/simsun.ttc><c:/Windows/Fonts/simsun.ttc><c:/Windows/Font
s/simsun.ttc><c:/Windows/Fonts/simsun.ttc><c:/Windows/Fonts/simsun.ttc><c:/Wind
ows/Fonts/simsun.ttc><c:/Windows/Fonts/simsun.ttc><c:/Windows/Fonts/simsun.ttc>
<c:/Windows/Fonts/simsun.ttc><c:/Windows/Fonts/simsun.ttc><c:/Windows/Fonts/sim
sun.ttc><c:/Windows/Fonts/simsun.ttc><c:/Windows/Fonts/simsun.ttc><c:/Windows/F
onts/simsun.ttc><c:/Windows/Fonts/simsun.ttc><c:/Windows/Fonts/simsun.ttc><c:/W
indows/Fonts/simhei.ttf><c:/Windows/Fonts/simhei.ttf><c:/Windows/Fonts/simhei.t
tf><c:/Windows/Fonts/simsun.ttc><c:/Windows/Fonts/simsun.ttc><c:/Windows/Fonts/
simhei.ttf><c:/Windows/Fonts/simhei.ttf><c:/Windows/Fonts/simhei.ttf><c:/Window
s/Fonts/simhei.ttf><c:/Windows/Fonts/simhei.ttf><c:/Windows/Fonts/simsun.ttc><c
:/Windows/Fonts/simsun.ttc><c:/Windows/Fonts/simsun.ttc><c:/Windows/Fonts/simsu
n.ttc><c:/Windows/Fonts/simsun.ttc><c:/Windows/Fonts/simsun.ttc><d:/Soft/texliv
e/2023/texmf-dist/fonts/type1/public/amsfonts/cm/cmbx10.pfb><d:/Soft/texlive/20
23/texmf-dist/fonts/type1/public/amsfonts/cm/cmbx12.pfb><d:/Soft/texlive/2023/t
exmf-dist/fonts/type1/public/amsfonts/cm/cmbx7.pfb><d:/Soft/texlive/2023/texmf-
dist/fonts/type1/public/amsfonts/cm/cmbx8.pfb><d:/Soft/texlive/2023/texmf-dist/
fonts/type1/public/amsfonts/cm/cmbx9.pfb><d:/Soft/texlive/2023/texmf-dist/fonts
/type1/public/amsfonts/cm/cmex10.pfb><d:/Soft/texlive/2023/texmf-dist/fonts/typ
e1/public/amsfonts/cmextra/cmex7.pfb><d:/Soft/texlive/2023/texmf-dist/fonts/typ
e1/public/amsfonts/cm/cmmi10.pfb><d:/Soft/texlive/2023/texmf-dist/fonts/type1/p
ublic/amsfonts/cm/cmmi5.pfb><d:/Soft/texlive/2023/texmf-dist/fonts/type1/public
/amsfonts/cm/cmmi6.pfb><d:/Soft/texlive/2023/texmf-dist/fonts/type1/public/amsf
onts/cm/cmmi7.pfb><d:/Soft/texlive/2023/texmf-dist/fonts/type1/public/amsfonts/
cm/cmmi8.pfb><d:/Soft/texlive/2023/texmf-dist/fonts/type1/public/amsfonts/cm/cm
r10.pfb><d:/Soft/texlive/2023/texmf-dist/fonts/type1/public/amsfonts/cm/cmr12.p
fb><d:/Soft/texlive/2023/texmf-dist/fonts/type1/public/amsfonts/cm/cmr6.pfb><d:
/Soft/texlive/2023/texmf-dist/fonts/type1/public/amsfonts/cm/cmr7.pfb><d:/Soft/
texlive/2023/texmf-dist/fonts/type1/public/amsfonts/cm/cmr8.pfb><d:/Soft/texliv
e/2023/texmf-dist/fonts/type1/public/amsfonts/cm/cmsy10.pfb><d:/Soft/texlive/20
23/texmf-dist/fonts/type1/public/amsfonts/cm/cmsy7.pfb><d:/Soft/texlive/2023/te
xmf-dist/fonts/type1/public/amsfonts/cm/cmsy8.pfb><d:/Soft/texlive/2023/texmf-d
ist/fonts/type1/public/amsfonts/cm/cmtt10.pfb><d:/Soft/texlive/2023/texmf-dist/
fonts/type1/public/amsfonts/cm/cmtt8.pfb><d:/Soft/texlive/2023/texmf-dist/fonts
/type1/public/cm-super/sfrm1000.pfb>
Output written on main.pdf (14 pages, 2753320 bytes).
PDF statistics:
 939 PDF objects out of 1000 (max. 8388607)
 655 compressed objects within 7 object streams
 68 named destinations out of 1000 (max. 500000)
 502 words of extra memory for PDF output out of 10000 (max. 10000000)

