\BOOKMARK [1][-]{section.1}{\376\377\172\313\230\230\117\235\143\156}{}% 1
\BOOKMARK [2][-]{subsection.1.1}{\376\377\213\376\230\230\166\204\170\024\172\166\141\017\116\111}{section.1}% 2
\BOOKMARK [2][-]{subsection.1.2}{\376\377\126\375\121\205\131\026\170\024\172\166\163\260\162\266\122\006\147\220}{section.1}% 3
\BOOKMARK [3][-]{subsubsection.1.2.1}{\376\377\117\040\176\337\117\116\161\147\136\246\126\376\120\317\130\236\137\072\145\271\154\325}{subsection.1.2}% 4
\BOOKMARK [3][-]{subsubsection.1.2.2}{\376\377\127\372\116\216\155\361\136\246\133\146\116\140\166\204\137\061\121\111\126\376\120\317\130\236\137\072\145\271\154\325}{subsection.1.2}% 5
\BOOKMARK [1][-]{section.2}{\376\377\170\024\172\166\145\271\150\110}{}% 6
\BOOKMARK [2][-]{subsection.2.1}{\376\377\170\024\172\166\166\356\150\007}{section.2}% 7
\BOOKMARK [2][-]{subsection.2.2}{\376\377\170\024\172\166\121\205\133\271}{section.2}% 8
\BOOKMARK [2][-]{subsection.2.3}{\376\377\142\337\211\343\121\263\166\204\121\163\225\056\225\356\230\230}{section.2}% 9
\BOOKMARK [2][-]{subsection.2.4}{\376\377\142\337\221\307\123\326\166\204\170\024\172\166\145\271\154\325}{section.2}% 10
\BOOKMARK [3][-]{subsubsection.2.4.1}{\376\377\154\350\141\017\122\233\147\072\122\066}{subsection.2.4}% 11
\BOOKMARK [3][-]{subsubsection.2.4.2}{\376\377\000U\000-\000N\000e\000t\177\121\176\334\176\323\147\204}{subsection.2.4}% 12
\BOOKMARK [3][-]{subsubsection.2.4.3}{\376\377\000C\000N\000N\177\121\176\334\176\323\147\204}{subsection.2.4}% 13
\BOOKMARK [3][-]{subsubsection.2.4.4}{\376\377\000T\000r\000a\000n\000s\000f\000o\000r\000m\000e\000r\177\121\176\334\176\323\147\204}{subsection.2.4}% 14
\BOOKMARK [2][-]{subsection.2.5}{\376\377\142\200\147\057\215\357\176\277}{section.2}% 15
\BOOKMARK [2][-]{subsection.2.6}{\376\377\145\271\150\110\123\312\123\357\210\114\140\047\170\024\172\166}{section.2}% 16
\BOOKMARK [3][-]{subsubsection.2.6.1}{\376\377\122\035\153\145\140\142\131\015\126\376\120\317\166\204\165\037\142\020\152\041\127\213}{subsection.2.6}% 17
\BOOKMARK [3][-]{subsubsection.2.6.2}{\376\377\217\271\177\030\150\300\155\113\177\121\176\334}{subsection.2.6}% 18
\BOOKMARK [2][-]{subsection.2.7}{\376\377\213\241\122\022\217\333\136\246}{section.2}% 19
\BOOKMARK [2][-]{subsection.2.8}{\376\377\230\204\147\037\166\204\170\024\172\166\217\333\134\125}{section.2}% 20
\BOOKMARK [1][-]{section.3}{\376\377\213\376\230\230\166\204\122\033\145\260\140\047}{}% 21
\BOOKMARK [1][-]{section.4}{\376\377\170\024\172\166\127\372\170\100}{}% 22
\BOOKMARK [2][-]{subsection.4.1}{\376\377\135\362\133\214\142\020\135\345\117\134}{section.4}% 23
\BOOKMARK [3][-]{subsubsection.4.1.1}{\376\377\122\035\153\145\140\142\131\015\126\376\120\317\166\204\165\037\142\020\152\041\127\213\133\236\232\214\176\323\147\234}{subsection.4.1}% 24
\BOOKMARK [3][-]{subsubsection.4.1.2}{\376\377\145\160\143\156\226\306\124\214\213\304\116\367\143\007\150\007}{subsection.4.1}% 25
\BOOKMARK [3][-]{subsubsection.4.1.3}{\376\377\133\371\153\324\213\325\232\214}{subsection.4.1}% 26
\BOOKMARK [3][-]{subsubsection.4.1.4}{\376\377\155\210\207\215\133\236\232\214}{subsection.4.1}% 27
