\BOOKMARK [1][-]{section.1}{\376\377\170\024\172\166\141\017\116\111}{}% 1
\BOOKMARK [1][-]{section.2}{\376\377\170\024\172\166\200\314\146\157\124\214\163\260\162\266}{}% 2
\BOOKMARK [2][-]{subsection.2.1}{\376\377\117\040\176\337\117\116\161\147\136\246\126\376\120\317\130\236\137\072\145\271\154\325}{section.2}% 3
\BOOKMARK [3][-]{subsubsection.2.1.1}{\376\377\127\372\116\216\000\040\000R\000e\000t\000i\000n\000e\000x\000\040\166\204\145\271\154\325}{subsection.2.1}% 4
\BOOKMARK [3][-]{subsubsection.2.1.2}{\376\377\127\372\116\216\166\364\145\271\126\376\166\204\145\271\154\325}{subsection.2.1}% 5
\BOOKMARK [3][-]{subsubsection.2.1.3}{\376\377\127\372\116\216\126\376\120\317\123\315\166\370\166\204\145\271\154\325}{subsection.2.1}% 6
\BOOKMARK [2][-]{subsection.2.2}{\376\377\127\372\116\216\155\361\136\246\133\146\116\140\166\204\117\116\161\147\136\246\126\376\120\317\130\236\137\072\145\271\154\325}{section.2}% 7
\BOOKMARK [3][-]{subsubsection.2.2.1}{\376\377\147\011\166\321\167\143\133\146\116\140}{subsection.2.2}% 8
\BOOKMARK [3][-]{subsubsection.2.2.2}{\376\377\145\340\166\321\167\143\133\146\116\140}{subsection.2.2}% 9
\BOOKMARK [3][-]{subsubsection.2.2.3}{\376\377\123\112\166\321\167\143\133\146\116\140}{subsection.2.2}% 10
\BOOKMARK [3][-]{subsubsection.2.2.4}{\376\377\000Z\000e\000r\000o\000-\000S\000h\000o\000t\000\040\133\146\116\140}{subsection.2.2}% 11
\BOOKMARK [2][-]{subsection.2.3}{\376\377\170\024\172\166\166\356\166\204}{section.2}% 12
\BOOKMARK [1][-]{section.3}{\376\377\221\307\165\050\166\204\145\271\154\325}{}% 13
\BOOKMARK [1][-]{section.4}{\376\377\145\160\143\156\226\306}{}% 14
\BOOKMARK [1][-]{section.5}{\376\377\145\207\163\056\214\003\170\024\116\016\145\057\144\221}{}% 15
\BOOKMARK [1][-]{section.6}{\376\377\135\362\133\214\142\020\135\345\117\134}{}% 16
\BOOKMARK [1][-]{section.7}{\376\377\116\013\116\000\153\145\135\345\117\134}{}% 17
\BOOKMARK [1][-]{section.8}{\376\377\145\271\124\021}{}% 18
\BOOKMARK [2][-]{subsection.8.1}{\376\377\145\271\124\021\116\000}{section.8}% 19
\BOOKMARK [2][-]{subsection.8.2}{\376\377\145\271\124\021\116\214}{section.8}% 20
